{"recorder_version":"11","session":"7d8b828f6f7c","build":"191.7479.14","bucket":"98","time":1569922211187,"group":{"id":"settings","version":"2"},"event":{"state":true,"data":{"created":1569922211188,"invoked":true},"id":"NotRoamableUiSettings"}}
{"recorder_version":"11","session":"7d8b828f6f7c","build":"191.7479.14","bucket":"98","time":1569922211189,"group":{"id":"settings","version":"2"},"event":{"state":true,"data":{"created":1569922211198,"invoked":true},"id":"UISettings"}}
{"recorder_version":"11","session":"7d8b828f6f7c","build":"191.7479.14","bucket":"98","time":1569922211192,"group":{"id":"system.os","version":"1"},"event":{"state":true,"data":{"created":1569922211212,"version":"10.14"},"id":"Mac"}}
{"recorder_version":"11","session":"7d8b828f6f7c","build":"191.7479.14","bucket":"98","time":1569922211192,"group":{"id":"system.os","version":"1"},"event":{"state":true,"data":{"created":1569922211213},"id":"invoked"}}
{"recorder_version":"11","session":"7d8b828f6f7c","build":"191.7479.14","bucket":"98","time":1569922211192,"group":{"id":"system.java","version":"1"},"event":{"state":true,"data":{"created":1569922211213,"version":"1.8"},"id":"Other"}}
{"recorder_version":"11","session":"7d8b828f6f7c","build":"191.7479.14","bucket":"98","time":1569922211192,"group":{"id":"system.java","version":"1"},"event":{"state":true,"data":{"created":1569922211214},"id":"invoked"}}
{"recorder_version":"11","session":"7d8b828f6f7c","build":"191.7479.14","bucket":"98","time":1569922212283,"group":{"id":"settings","version":"2"},"event":{"state":true,"data":{"created":1569922212283,"invoked":true},"id":"GeneralSettings"}}
{"recorder_version":"11","session":"7d8b828f6f7c","build":"191.7479.14","bucket":"98","time":1569922213960,"group":{"id":"lifecycle","version":"11"},"event":{"count":1,"data":{"internal":true,"eap":false,"created":1569922213960},"id":"ide.start"}}
{"recorder_version":"11","session":"7d8b828f6f7c","build":"191.7479.14","bucket":"98","time":1569922214238,"group":{"id":"performance","version":"11"},"event":{"count":1,"data":{"duration_ms":1229,"created":1569922214238},"id":"ui.latency"}}
{"recorder_version":"11","session":"7d8b828f6f7c","build":"191.7479.14","bucket":"98","time":1569922214238,"group":{"id":"performance","version":"11"},"event":{"count":1,"data":{"duration_ms":1229,"created":1569922214239},"id":"ui.lagging"}}
{"recorder_version":"11","session":"7d8b828f6f7c","build":"191.7479.14","bucket":"98","time":1569922214261,"group":{"id":"performance","version":"11"},"event":{"count":1,"data":{"duration_ms":243,"created":1569922214261},"id":"ui.lagging"}}
{"recorder_version":"11","session":"7d8b828f6f7c","build":"191.7479.14","bucket":"98","time":1569922215329,"group":{"id":"performance","version":"11"},"event":{"count":1,"data":{"duration_ms":309,"created":1569922215329},"id":"ui.lagging"}}
{"recorder_version":"11","session":"7d8b828f6f7c","build":"191.7479.14","bucket":"98","time":1569922216705,"group":{"id":"actions","version":"11"},"event":{"count":1,"data":{"context_menu":false,"os":"Mac","created":1569922216705,"plugin_type":"PLATFORM","place":"unknown","input_event":"MouseLeft"},"id":"com.intellij.openapi.wm.impl.welcomeScreen.FlatWelcomeFrame$FlatWelcomeScreen$6"}}
{"recorder_version":"11","session":"7d8b828f6f7c","build":"191.7479.14","bucket":"98","time":1569922221248,"group":{"id":"actions","version":"11"},"event":{"count":1,"data":{"context_menu":false,"os":"Mac","created":1569922221248,"plugin_type":"PLATFORM","place":"unknown","input_event":"MouseLeft"},"id":"WelcomeScreen.OpenDirectoryProject"}}
{"recorder_version":"11","session":"7d8b828f6f7c","build":"191.7479.14","bucket":"98","time":1569922221360,"group":{"id":"ui.dialogs","version":"11"},"event":{"count":1,"data":{"created":1569922221362,"plugin_type":"PLATFORM","type":"show"},"id":"com.intellij.openapi.fileChooser.ex.FileChooserDialogImpl"}}
{"recorder_version":"11","session":"7d8b828f6f7c","build":"191.7479.14","bucket":"98","time":1569922235769,"group":{"id":"ui.dialogs","version":"11"},"event":{"count":1,"data":{"code":0,"created":1569922235769,"plugin_type":"PLATFORM","type":"close"},"id":"com.intellij.openapi.fileChooser.ex.FileChooserDialogImpl"}}
{"recorder_version":"11","session":"7d8b828f6f7c","build":"191.7479.14","bucket":"98","time":1569922236244,"group":{"id":"ui.dialogs","version":"11"},"event":{"count":1,"data":{"created":1569922236244,"plugin_type":"PLATFORM","type":"show"},"id":"com.intellij.openapi.progress.util.ProgressDialog$MyDialogWrapper"}}
{"recorder_version":"11","session":"7d8b828f6f7c","build":"191.7479.14","bucket":"98","time":1569922236909,"group":{"id":"lifecycle","version":"11"},"event":{"count":1,"data":{"created":1569922236909,"project":"01cbb86627df8c3d1e7da1beeebcfff96563e38de342f2ce60954aa5fb7d9bc2"},"id":"project.opened"}}
{"recorder_version":"11","session":"7d8b828f6f7c","build":"191.7479.14","bucket":"98","time":1569922238122,"group":{"id":"performance","version":"11"},"event":{"count":1,"data":{"duration_ms":1050,"created":1569922238122},"id":"ui.lagging"}}
{"recorder_version":"11","session":"7d8b828f6f7c","build":"191.7479.14","bucket":"98","time":1569922239733,"group":{"id":"performance","version":"11"},"event":{"count":1,"data":{"duration_ms":657,"created":1569922239733},"id":"ui.lagging"}}
{"recorder_version":"11","session":"7d8b828f6f7c","build":"191.7479.14","bucket":"98","time":1569922240262,"group":{"id":"toolwindow","version":"11"},"event":{"count":1,"data":{"os":"Mac","created":1569922240262,"plugin_type":"PLATFORM"},"id":"Project"}}
{"recorder_version":"11","session":"7d8b828f6f7c","build":"191.7479.14","bucket":"98","time":1569922240657,"group":{"id":"performance","version":"11"},"event":{"count":1,"data":{"duration_ms":579,"created":1569922240657},"id":"ui.lagging"}}
{"recorder_version":"11","session":"7d8b828f6f7c","build":"191.7479.14","bucket":"98","time":1569922240923,"group":{"id":"ui.dialogs","version":"11"},"event":{"count":1,"data":{"code":1,"created":1569922240923,"plugin_type":"PLATFORM","type":"close"},"id":"com.intellij.openapi.progress.util.ProgressDialog$MyDialogWrapper"}}
{"recorder_version":"11","session":"7d8b828f6f7c","build":"191.7479.14","bucket":"98","time":1569922242090,"group":{"id":"performance","version":"11"},"event":{"count":1,"data":{"duration_ms":1010,"created":1569922242090},"id":"ui.lagging"}}
{"recorder_version":"11","session":"7d8b828f6f7c","build":"191.7479.14","bucket":"98","time":1569922242228,"group":{"id":"project.fs","version":"1"},"event":{"state":true,"data":{"os":"Mac","cs-project":false,"created":1569922242228,"project":"01cbb86627df8c3d1e7da1beeebcfff96563e38de342f2ce60954aa5fb7d9bc2","cs-implicit":true,"cs-system":false},"id":"case-sensitivity"}}
{"recorder_version":"11","session":"7d8b828f6f7c","build":"191.7479.14","bucket":"98","time":1569922242229,"group":{"id":"project.fs","version":"1"},"event":{"state":true,"data":{"created":1569922242229},"id":"invoked"}}
{"recorder_version":"11","session":"7d8b828f6f7c","build":"191.7479.14","bucket":"98","time":1569922242231,"group":{"id":"project.fs","version":"1"},"event":{"state":true,"data":{"pct-non-watched":0,"created":1569922242231,"project":"01cbb86627df8c3d1e7da1beeebcfff96563e38de342f2ce60954aa5fb7d9bc2"},"id":"roots-watched"}}
{"recorder_version":"11","session":"7d8b828f6f7c","build":"191.7479.14","bucket":"98","time":1569922242231,"group":{"id":"project.fs","version":"1"},"event":{"state":true,"data":{"created":1569922242232},"id":"invoked"}}
{"recorder_version":"11","session":"7d8b828f6f7c","build":"191.7479.14","bucket":"98","time":1569922243174,"group":{"id":"lifecycle","version":"11"},"event":{"count":1,"data":{"created":1569922243174,"time_ms":7334,"project":"01cbb86627df8c3d1e7da1beeebcfff96563e38de342f2ce60954aa5fb7d9bc2"},"id":"project.opening.finished"}}
{"recorder_version":"11","session":"7d8b828f6f7c","build":"191.7479.14","bucket":"98","time":1569922254245,"group":{"id":"ui.dialogs","version":"11"},"event":{"count":1,"data":{"created":1569922254245,"plugin_type":"PLATFORM","type":"show"},"id":"com.intellij.openapi.options.newEditor.SettingsDialog"}}
{"recorder_version":"11","session":"7d8b828f6f7c","build":"191.7479.14","bucket":"98","time":1569922254461,"group":{"id":"performance","version":"11"},"event":{"count":1,"data":{"duration_ms":1061,"created":1569922254461},"id":"ui.lagging"}}
{"recorder_version":"11","session":"7d8b828f6f7c","build":"191.7479.14","bucket":"98","time":1569922254514,"group":{"id":"performance","version":"11"},"event":{"count":1,"data":{"duration_ms":109,"created":1569922254514},"id":"ui.lagging"}}
{"recorder_version":"11","session":"7d8b828f6f7c","build":"191.7479.14","bucket":"98","time":1569922269552,"group":{"id":"performance","version":"11"},"event":{"count":1,"data":{"duration_ms":134,"created":1569922269552},"id":"ui.lagging"}}
{"recorder_version":"11","session":"7d8b828f6f7c","build":"191.7479.14","bucket":"98","time":1569922314713,"group":{"id":"performance","version":"11"},"event":{"count":1,"data":{"duration_ms":0,"created":1569922314713},"id":"ui.latency"}}
{"recorder_version":"11","session":"7d8b828f6f7c","build":"191.7479.14","bucket":"98","time":1569922323053,"group":{"id":"ui.dialogs","version":"11"},"event":{"count":1,"data":{"code":1,"created":1569922323053,"plugin_type":"PLATFORM","type":"close"},"id":"com.intellij.openapi.options.newEditor.SettingsDialog"}}
{"recorder_version":"11","session":"7d8b828f6f7c","build":"191.7479.14","bucket":"98","time":1569922323920,"group":{"id":"performance","version":"11"},"event":{"count":1,"data":{"duration_ms":194,"created":1569922323920},"id":"ui.lagging"}}
