{"recorder_version":"11","session":"5980a0aa18a0","build":"191.7479.14","bucket":"98","time":1569932857718,"group":{"id":"settings","version":"2"},"event":{"state":true,"data":{"created":1569932857719,"invoked":true},"id":"NotRoamableUiSettings"}}
{"recorder_version":"11","session":"5980a0aa18a0","build":"191.7479.14","bucket":"98","time":1569932857725,"group":{"id":"settings","version":"2"},"event":{"state":true,"data":{"created":1569932857735,"invoked":true},"id":"UISettings"}}
{"recorder_version":"11","session":"5980a0aa18a0","build":"191.7479.14","bucket":"98","time":1569932857726,"group":{"id":"system.os","version":"1"},"event":{"state":true,"data":{"created":1569932857750,"version":"10.14"},"id":"Mac"}}
{"recorder_version":"11","session":"5980a0aa18a0","build":"191.7479.14","bucket":"98","time":1569932857726,"group":{"id":"system.os","version":"1"},"event":{"state":true,"data":{"created":1569932857751},"id":"invoked"}}
{"recorder_version":"11","session":"5980a0aa18a0","build":"191.7479.14","bucket":"98","time":1569932857726,"group":{"id":"system.java","version":"1"},"event":{"state":true,"data":{"created":1569932857751,"version":"1.8"},"id":"Other"}}
{"recorder_version":"11","session":"5980a0aa18a0","build":"191.7479.14","bucket":"98","time":1569932857726,"group":{"id":"system.java","version":"1"},"event":{"state":true,"data":{"created":1569932857752},"id":"invoked"}}
{"recorder_version":"11","session":"5980a0aa18a0","build":"191.7479.14","bucket":"98","time":1569932858998,"group":{"id":"settings","version":"2"},"event":{"state":true,"data":{"default":false,"created":1569932858998,"name":"showTipsOnStartup","value":false},"id":"GeneralSettings"}}
{"recorder_version":"11","session":"5980a0aa18a0","build":"191.7479.14","bucket":"98","time":1569932858999,"group":{"id":"settings","version":"2"},"event":{"state":true,"data":{"created":1569932858999,"invoked":true},"id":"GeneralSettings"}}
{"recorder_version":"11","session":"5980a0aa18a0","build":"191.7479.14","bucket":"98","time":1569932861151,"group":{"id":"performance","version":"11"},"event":{"count":1,"data":{"duration_ms":1614,"created":1569932861151},"id":"ui.latency"}}
{"recorder_version":"11","session":"5980a0aa18a0","build":"191.7479.14","bucket":"98","time":1569932861152,"group":{"id":"performance","version":"11"},"event":{"count":1,"data":{"duration_ms":1614,"created":1569932861152},"id":"ui.lagging"}}
{"recorder_version":"11","session":"5980a0aa18a0","build":"191.7479.14","bucket":"98","time":1569932861155,"group":{"id":"performance","version":"11"},"event":{"count":1,"data":{"duration_ms":621,"created":1569932861155},"id":"ui.lagging"}}
{"recorder_version":"11","session":"5980a0aa18a0","build":"191.7479.14","bucket":"98","time":1569932861495,"group":{"id":"ui.dialogs","version":"11"},"event":{"count":1,"data":{"created":1569932861495,"plugin_type":"PLATFORM","type":"show"},"id":"com.intellij.openapi.progress.util.ProgressDialog$MyDialogWrapper"}}
{"recorder_version":"11","session":"5980a0aa18a0","build":"191.7479.14","bucket":"98","time":1569932863267,"group":{"id":"ui.dialogs","version":"11"},"event":{"count":1,"data":{"code":1,"created":1569932863267,"plugin_type":"PLATFORM","type":"close"},"id":"com.intellij.openapi.progress.util.ProgressDialog$MyDialogWrapper"}}
{"recorder_version":"11","session":"5980a0aa18a0","build":"191.7479.14","bucket":"98","time":1569932863286,"group":{"id":"lifecycle","version":"11"},"event":{"count":1,"data":{"created":1569932863286,"project":"01cbb86627df8c3d1e7da1beeebcfff96563e38de342f2ce60954aa5fb7d9bc2"},"id":"project.opened"}}
{"recorder_version":"11","session":"5980a0aa18a0","build":"191.7479.14","bucket":"98","time":1569932864466,"group":{"id":"performance","version":"11"},"event":{"count":1,"data":{"duration_ms":924,"created":1569932864466},"id":"ui.lagging"}}
{"recorder_version":"11","session":"5980a0aa18a0","build":"191.7479.14","bucket":"98","time":1569932864653,"group":{"id":"performance","version":"11"},"event":{"count":1,"data":{"duration_ms":109,"created":1569932864653},"id":"ui.lagging"}}
{"recorder_version":"11","session":"5980a0aa18a0","build":"191.7479.14","bucket":"98","time":1569932864757,"group":{"id":"ui.dialogs","version":"11"},"event":{"count":1,"data":{"created":1569932864757,"plugin_type":"PLATFORM","type":"show"},"id":"com.intellij.openapi.progress.util.ProgressDialog$MyDialogWrapper"}}
{"recorder_version":"11","session":"5980a0aa18a0","build":"191.7479.14","bucket":"98","time":1569932866427,"group":{"id":"performance","version":"11"},"event":{"count":1,"data":{"duration_ms":881,"created":1569932866427},"id":"ui.lagging"}}
{"recorder_version":"11","session":"5980a0aa18a0","build":"191.7479.14","bucket":"98","time":1569932866667,"group":{"id":"performance","version":"11"},"event":{"count":1,"data":{"duration_ms":119,"created":1569932866668},"id":"ui.lagging"}}
{"recorder_version":"11","session":"5980a0aa18a0","build":"191.7479.14","bucket":"98","time":1569932866865,"group":{"id":"toolwindow","version":"11"},"event":{"count":1,"data":{"os":"Mac","created":1569932866865,"plugin_type":"PLATFORM"},"id":"Project"}}
{"recorder_version":"11","session":"5980a0aa18a0","build":"191.7479.14","bucket":"98","time":1569932867375,"group":{"id":"lifecycle","version":"11"},"event":{"count":1,"data":{"internal":true,"eap":false,"created":1569932867375},"id":"ide.start"}}
{"recorder_version":"11","session":"5980a0aa18a0","build":"191.7479.14","bucket":"98","time":1569932868098,"group":{"id":"performance","version":"11"},"event":{"count":1,"data":{"duration_ms":549,"created":1569932868098},"id":"ui.lagging"}}
{"recorder_version":"11","session":"5980a0aa18a0","build":"191.7479.14","bucket":"98","time":1569932868304,"group":{"id":"project.fs","version":"1"},"event":{"state":true,"data":{"os":"Mac","cs-project":false,"created":1569932868304,"project":"01cbb86627df8c3d1e7da1beeebcfff96563e38de342f2ce60954aa5fb7d9bc2","cs-implicit":true,"cs-system":false},"id":"case-sensitivity"}}
{"recorder_version":"11","session":"5980a0aa18a0","build":"191.7479.14","bucket":"98","time":1569932868304,"group":{"id":"project.fs","version":"1"},"event":{"state":true,"data":{"created":1569932868305},"id":"invoked"}}
{"recorder_version":"11","session":"5980a0aa18a0","build":"191.7479.14","bucket":"98","time":1569932868307,"group":{"id":"project.fs","version":"1"},"event":{"state":true,"data":{"pct-non-watched":0,"created":1569932868307,"project":"01cbb86627df8c3d1e7da1beeebcfff96563e38de342f2ce60954aa5fb7d9bc2"},"id":"roots-watched"}}
{"recorder_version":"11","session":"5980a0aa18a0","build":"191.7479.14","bucket":"98","time":1569932868307,"group":{"id":"project.fs","version":"1"},"event":{"state":true,"data":{"created":1569932868307},"id":"invoked"}}
{"recorder_version":"11","session":"5980a0aa18a0","build":"191.7479.14","bucket":"98","time":1569932868521,"group":{"id":"ui.dialogs","version":"11"},"event":{"count":1,"data":{"code":1,"created":1569932868521,"plugin_type":"PLATFORM","type":"close"},"id":"com.intellij.openapi.progress.util.ProgressDialog$MyDialogWrapper"}}
{"recorder_version":"11","session":"5980a0aa18a0","build":"191.7479.14","bucket":"98","time":1569932868813,"group":{"id":"performance","version":"11"},"event":{"count":1,"data":{"duration_ms":263,"created":1569932868813},"id":"ui.lagging"}}
{"recorder_version":"11","session":"5980a0aa18a0","build":"191.7479.14","bucket":"98","time":1569932868911,"group":{"id":"lifecycle","version":"11"},"event":{"count":1,"data":{"created":1569932868911,"time_ms":8039,"project":"01cbb86627df8c3d1e7da1beeebcfff96563e38de342f2ce60954aa5fb7d9bc2"},"id":"project.opening.finished"}}
{"recorder_version":"11","session":"5980a0aa18a0","build":"191.7479.14","bucket":"98","time":1569932869803,"group":{"id":"performance","version":"11"},"event":{"count":1,"data":{"duration_ms":250,"created":1569932869803},"id":"ui.lagging"}}
{"recorder_version":"11","session":"5980a0aa18a0","build":"191.7479.14","bucket":"98","time":1569932870748,"group":{"id":"performance","version":"11"},"event":{"count":1,"data":{"duration_ms":191,"created":1569932870748},"id":"ui.lagging"}}
{"recorder_version":"11","session":"5980a0aa18a0","build":"191.7479.14","bucket":"98","time":1569932901742,"group":{"id":"performance","version":"11"},"event":{"count":1,"data":{"duration_ms":113,"created":1569932901742},"id":"ui.lagging"}}
{"recorder_version":"11","session":"5980a0aa18a0","build":"191.7479.14","bucket":"98","time":1569932901974,"group":{"id":"toolwindow","version":"11"},"event":{"count":2,"data":{"os":"Mac","last":1569932902017,"created":1569932901974,"plugin_type":"PLATFORM"},"id":"Project"}}
{"recorder_version":"11","session":"5980a0aa18a0","build":"191.7479.14","bucket":"98","time":1569932915097,"group":{"id":"lifecycle","version":"11"},"event":{"count":1,"data":{"created":1569932915097,"project":"01cbb86627df8c3d1e7da1beeebcfff96563e38de342f2ce60954aa5fb7d9bc2"},"id":"project.closed"}}
{"recorder_version":"11","session":"5980a0aa18a0","build":"191.7479.14","bucket":"98","time":1569932915280,"group":{"id":"performance","version":"11"},"event":{"count":1,"data":{"duration_ms":630,"created":1569932915280},"id":"ui.lagging"}}
{"recorder_version":"11","session":"5980a0aa18a0","build":"191.7479.14","bucket":"98","time":1569932919663,"group":{"id":"actions","version":"11"},"event":{"count":1,"data":{"context_menu":false,"os":"Mac","created":1569932919663,"plugin_type":"PLATFORM","place":"unknown","input_event":"MouseLeft"},"id":"WelcomeScreen.OpenDirectoryProject"}}
{"recorder_version":"11","session":"5980a0aa18a0","build":"191.7479.14","bucket":"98","time":1569932919748,"group":{"id":"ui.dialogs","version":"11"},"event":{"count":1,"data":{"created":1569932919748,"plugin_type":"PLATFORM","type":"show"},"id":"com.intellij.openapi.fileChooser.ex.FileChooserDialogImpl"}}
{"recorder_version":"11","session":"5980a0aa18a0","build":"191.7479.14","bucket":"98","time":1569932919922,"group":{"id":"performance","version":"11"},"event":{"count":1,"data":{"duration_ms":264,"created":1569932919922},"id":"ui.lagging"}}
{"recorder_version":"11","session":"5980a0aa18a0","build":"191.7479.14","bucket":"98","time":1569932935124,"group":{"id":"ui.dialogs","version":"11"},"event":{"count":1,"data":{"code":1,"created":1569932935125,"plugin_type":"PLATFORM","type":"close"},"id":"com.intellij.openapi.fileChooser.ex.FileChooserDialogImpl"}}
{"recorder_version":"11","session":"5980a0aa18a0","build":"191.7479.14","bucket":"98","time":1569932936068,"group":{"id":"lifecycle","version":"11"},"event":{"count":1,"data":{"restart":false,"created":1569932936068},"id":"ide.close"}}
