{"recorder_version":"11","session":"cca0daa77f1d","build":"191.7479.14","bucket":"98","time":1569926587383,"group":{"id":"settings","version":"2"},"event":{"state":true,"data":{"created":1569926587383,"invoked":true},"id":"NotRoamableUiSettings"}}
{"recorder_version":"11","session":"cca0daa77f1d","build":"191.7479.14","bucket":"98","time":1569926587387,"group":{"id":"system.os","version":"1"},"event":{"state":true,"data":{"created":1569926587393,"version":"10.14"},"id":"Mac"}}
{"recorder_version":"11","session":"cca0daa77f1d","build":"191.7479.14","bucket":"98","time":1569926587387,"group":{"id":"system.os","version":"1"},"event":{"state":true,"data":{"created":1569926587407},"id":"invoked"}}
{"recorder_version":"11","session":"cca0daa77f1d","build":"191.7479.14","bucket":"98","time":1569926587387,"group":{"id":"system.java","version":"1"},"event":{"state":true,"data":{"created":1569926587408,"version":"1.8"},"id":"Other"}}
{"recorder_version":"11","session":"cca0daa77f1d","build":"191.7479.14","bucket":"98","time":1569926587387,"group":{"id":"system.java","version":"1"},"event":{"state":true,"data":{"created":1569926587409},"id":"invoked"}}
{"recorder_version":"11","session":"cca0daa77f1d","build":"191.7479.14","bucket":"98","time":1569926587387,"group":{"id":"settings","version":"2"},"event":{"state":true,"data":{"created":1569926587410,"invoked":true},"id":"UISettings"}}
{"recorder_version":"11","session":"cca0daa77f1d","build":"191.7479.14","bucket":"98","time":1569926588474,"group":{"id":"settings","version":"2"},"event":{"state":true,"data":{"default":false,"created":1569926588474,"name":"showTipsOnStartup","value":false},"id":"GeneralSettings"}}
{"recorder_version":"11","session":"cca0daa77f1d","build":"191.7479.14","bucket":"98","time":1569926588474,"group":{"id":"settings","version":"2"},"event":{"state":true,"data":{"created":1569926588475,"invoked":true},"id":"GeneralSettings"}}
{"recorder_version":"11","session":"cca0daa77f1d","build":"191.7479.14","bucket":"98","time":1569926590033,"group":{"id":"performance","version":"11"},"event":{"count":1,"data":{"duration_ms":1028,"created":1569926590033},"id":"ui.latency"}}
{"recorder_version":"11","session":"cca0daa77f1d","build":"191.7479.14","bucket":"98","time":1569926590033,"group":{"id":"performance","version":"11"},"event":{"count":1,"data":{"duration_ms":1028,"created":1569926590034},"id":"ui.lagging"}}
{"recorder_version":"11","session":"cca0daa77f1d","build":"191.7479.14","bucket":"98","time":1569926590361,"group":{"id":"ui.dialogs","version":"11"},"event":{"count":1,"data":{"created":1569926590361,"plugin_type":"PLATFORM","type":"show"},"id":"com.intellij.openapi.progress.util.ProgressDialog$MyDialogWrapper"}}
{"recorder_version":"11","session":"cca0daa77f1d","build":"191.7479.14","bucket":"98","time":1569926591587,"group":{"id":"ui.dialogs","version":"11"},"event":{"count":1,"data":{"code":1,"created":1569926591587,"plugin_type":"PLATFORM","type":"close"},"id":"com.intellij.openapi.progress.util.ProgressDialog$MyDialogWrapper"}}
{"recorder_version":"11","session":"cca0daa77f1d","build":"191.7479.14","bucket":"98","time":1569926591603,"group":{"id":"lifecycle","version":"11"},"event":{"count":1,"data":{"created":1569926591603,"project":"01cbb86627df8c3d1e7da1beeebcfff96563e38de342f2ce60954aa5fb7d9bc2"},"id":"project.opened"}}
{"recorder_version":"11","session":"cca0daa77f1d","build":"191.7479.14","bucket":"98","time":1569926592604,"group":{"id":"performance","version":"11"},"event":{"count":1,"data":{"duration_ms":596,"created":1569926592604},"id":"ui.lagging"}}
{"recorder_version":"11","session":"cca0daa77f1d","build":"191.7479.14","bucket":"98","time":1569926592803,"group":{"id":"ui.dialogs","version":"11"},"event":{"count":1,"data":{"created":1569926592803,"plugin_type":"PLATFORM","type":"show"},"id":"com.intellij.openapi.progress.util.ProgressDialog$MyDialogWrapper"}}
{"recorder_version":"11","session":"cca0daa77f1d","build":"191.7479.14","bucket":"98","time":1569926594366,"group":{"id":"toolwindow","version":"11"},"event":{"count":1,"data":{"os":"Mac","created":1569926594366,"plugin_type":"PLATFORM"},"id":"Project"}}
{"recorder_version":"11","session":"cca0daa77f1d","build":"191.7479.14","bucket":"98","time":1569926594770,"group":{"id":"lifecycle","version":"11"},"event":{"count":1,"data":{"internal":true,"eap":false,"created":1569926594770},"id":"ide.start"}}
{"recorder_version":"11","session":"cca0daa77f1d","build":"191.7479.14","bucket":"98","time":1569926595420,"group":{"id":"performance","version":"11"},"event":{"count":1,"data":{"duration_ms":406,"created":1569926595420},"id":"ui.lagging"}}
{"recorder_version":"11","session":"cca0daa77f1d","build":"191.7479.14","bucket":"98","time":1569926595574,"group":{"id":"project.fs","version":"1"},"event":{"state":true,"data":{"os":"Mac","cs-project":false,"created":1569926595574,"project":"01cbb86627df8c3d1e7da1beeebcfff96563e38de342f2ce60954aa5fb7d9bc2","cs-implicit":true,"cs-system":false},"id":"case-sensitivity"}}
{"recorder_version":"11","session":"cca0daa77f1d","build":"191.7479.14","bucket":"98","time":1569926595574,"group":{"id":"project.fs","version":"1"},"event":{"state":true,"data":{"created":1569926595575},"id":"invoked"}}
{"recorder_version":"11","session":"cca0daa77f1d","build":"191.7479.14","bucket":"98","time":1569926595575,"group":{"id":"project.fs","version":"1"},"event":{"state":true,"data":{"pct-non-watched":0,"created":1569926595575,"project":"01cbb86627df8c3d1e7da1beeebcfff96563e38de342f2ce60954aa5fb7d9bc2"},"id":"roots-watched"}}
{"recorder_version":"11","session":"cca0daa77f1d","build":"191.7479.14","bucket":"98","time":1569926595575,"group":{"id":"project.fs","version":"1"},"event":{"state":true,"data":{"created":1569926595576},"id":"invoked"}}
{"recorder_version":"11","session":"cca0daa77f1d","build":"191.7479.14","bucket":"98","time":1569926595706,"group":{"id":"ui.dialogs","version":"11"},"event":{"count":1,"data":{"code":1,"created":1569926595706,"plugin_type":"PLATFORM","type":"close"},"id":"com.intellij.openapi.progress.util.ProgressDialog$MyDialogWrapper"}}
{"recorder_version":"11","session":"cca0daa77f1d","build":"191.7479.14","bucket":"98","time":1569926596222,"group":{"id":"performance","version":"11"},"event":{"count":1,"data":{"duration_ms":203,"created":1569926596222},"id":"ui.lagging"}}
{"recorder_version":"11","session":"cca0daa77f1d","build":"191.7479.14","bucket":"98","time":1569926596240,"group":{"id":"lifecycle","version":"11"},"event":{"count":1,"data":{"created":1569926596240,"time_ms":6342,"project":"01cbb86627df8c3d1e7da1beeebcfff96563e38de342f2ce60954aa5fb7d9bc2"},"id":"project.opening.finished"}}
{"recorder_version":"11","session":"cca0daa77f1d","build":"191.7479.14","bucket":"98","time":1569926605257,"group":{"id":"ui.dialogs","version":"11"},"event":{"count":1,"data":{"created":1569926605257,"plugin_type":"PLATFORM","type":"show"},"id":"com.intellij.openapi.options.newEditor.SettingsDialog"}}
