{"recorder_version":"11","session":"c54361c625ec","build":"191.7479.14","bucket":"98","time":1569924057849,"group":{"id":"settings","version":"2"},"event":{"state":true,"data":{"created":1569924057850,"invoked":true},"id":"NotRoamableUiSettings"}}
{"recorder_version":"11","session":"c54361c625ec","build":"191.7479.14","bucket":"98","time":1569924057853,"group":{"id":"settings","version":"2"},"event":{"state":true,"data":{"created":1569924057857,"invoked":true},"id":"UISettings"}}
{"recorder_version":"11","session":"c54361c625ec","build":"191.7479.14","bucket":"98","time":1569924057860,"group":{"id":"system.os","version":"1"},"event":{"state":true,"data":{"created":1569924057870,"version":"10.14"},"id":"Mac"}}
{"recorder_version":"11","session":"c54361c625ec","build":"191.7479.14","bucket":"98","time":1569924057860,"group":{"id":"system.os","version":"1"},"event":{"state":true,"data":{"created":1569924057871},"id":"invoked"}}
{"recorder_version":"11","session":"c54361c625ec","build":"191.7479.14","bucket":"98","time":1569924057860,"group":{"id":"system.java","version":"1"},"event":{"state":true,"data":{"created":1569924057872,"version":"1.8"},"id":"Other"}}
{"recorder_version":"11","session":"c54361c625ec","build":"191.7479.14","bucket":"98","time":1569924057860,"group":{"id":"system.java","version":"1"},"event":{"state":true,"data":{"created":1569924057873},"id":"invoked"}}
{"recorder_version":"11","session":"c54361c625ec","build":"191.7479.14","bucket":"98","time":1569924058989,"group":{"id":"settings","version":"2"},"event":{"state":true,"data":{"default":false,"created":1569924058989,"name":"showTipsOnStartup","value":false},"id":"GeneralSettings"}}
{"recorder_version":"11","session":"c54361c625ec","build":"191.7479.14","bucket":"98","time":1569924058989,"group":{"id":"settings","version":"2"},"event":{"state":true,"data":{"created":1569924058990,"invoked":true},"id":"GeneralSettings"}}
{"recorder_version":"11","session":"c54361c625ec","build":"191.7479.14","bucket":"98","time":1569924060738,"group":{"id":"performance","version":"11"},"event":{"count":1,"data":{"duration_ms":1233,"created":1569924060740},"id":"ui.latency"}}
{"recorder_version":"11","session":"c54361c625ec","build":"191.7479.14","bucket":"98","time":1569924060741,"group":{"id":"performance","version":"11"},"event":{"count":1,"data":{"duration_ms":1233,"created":1569924060742},"id":"ui.lagging"}}
{"recorder_version":"11","session":"c54361c625ec","build":"191.7479.14","bucket":"98","time":1569924060751,"group":{"id":"performance","version":"11"},"event":{"count":1,"data":{"duration_ms":250,"created":1569924060751},"id":"ui.lagging"}}
{"recorder_version":"11","session":"c54361c625ec","build":"191.7479.14","bucket":"98","time":1569924061084,"group":{"id":"ui.dialogs","version":"11"},"event":{"count":1,"data":{"created":1569924061084,"plugin_type":"PLATFORM","type":"show"},"id":"com.intellij.openapi.progress.util.ProgressDialog$MyDialogWrapper"}}
{"recorder_version":"11","session":"c54361c625ec","build":"191.7479.14","bucket":"98","time":1569924062181,"group":{"id":"ui.dialogs","version":"11"},"event":{"count":1,"data":{"code":1,"created":1569924062181,"plugin_type":"PLATFORM","type":"close"},"id":"com.intellij.openapi.progress.util.ProgressDialog$MyDialogWrapper"}}
{"recorder_version":"11","session":"c54361c625ec","build":"191.7479.14","bucket":"98","time":1569924062196,"group":{"id":"lifecycle","version":"11"},"event":{"count":1,"data":{"created":1569924062196,"project":"01cbb86627df8c3d1e7da1beeebcfff96563e38de342f2ce60954aa5fb7d9bc2"},"id":"project.opened"}}
{"recorder_version":"11","session":"c54361c625ec","build":"191.7479.14","bucket":"98","time":1569924063299,"group":{"id":"performance","version":"11"},"event":{"count":1,"data":{"duration_ms":796,"created":1569924063300},"id":"ui.lagging"}}
{"recorder_version":"11","session":"c54361c625ec","build":"191.7479.14","bucket":"98","time":1569924063351,"group":{"id":"ui.dialogs","version":"11"},"event":{"count":1,"data":{"created":1569924063351,"plugin_type":"PLATFORM","type":"show"},"id":"com.intellij.openapi.progress.util.ProgressDialog$MyDialogWrapper"}}
{"recorder_version":"11","session":"c54361c625ec","build":"191.7479.14","bucket":"98","time":1569924063638,"group":{"id":"performance","version":"11"},"event":{"count":1,"data":{"duration_ms":133,"created":1569924063638},"id":"ui.lagging"}}
{"recorder_version":"11","session":"c54361c625ec","build":"191.7479.14","bucket":"98","time":1569924064637,"group":{"id":"performance","version":"11"},"event":{"count":1,"data":{"duration_ms":131,"created":1569924064637},"id":"ui.lagging"}}
{"recorder_version":"11","session":"c54361c625ec","build":"191.7479.14","bucket":"98","time":1569924064995,"group":{"id":"toolwindow","version":"11"},"event":{"count":1,"data":{"os":"Mac","created":1569924064995,"plugin_type":"PLATFORM"},"id":"Project"}}
{"recorder_version":"11","session":"c54361c625ec","build":"191.7479.14","bucket":"98","time":1569924065385,"group":{"id":"lifecycle","version":"11"},"event":{"count":1,"data":{"internal":true,"eap":false,"created":1569924065385},"id":"ide.start"}}
{"recorder_version":"11","session":"c54361c625ec","build":"191.7479.14","bucket":"98","time":1569924066197,"group":{"id":"project.fs","version":"1"},"event":{"state":true,"data":{"os":"Mac","cs-project":false,"created":1569924066197,"project":"01cbb86627df8c3d1e7da1beeebcfff96563e38de342f2ce60954aa5fb7d9bc2","cs-implicit":true,"cs-system":false},"id":"case-sensitivity"}}
{"recorder_version":"11","session":"c54361c625ec","build":"191.7479.14","bucket":"98","time":1569924066197,"group":{"id":"project.fs","version":"1"},"event":{"state":true,"data":{"created":1569924066198},"id":"invoked"}}
{"recorder_version":"11","session":"c54361c625ec","build":"191.7479.14","bucket":"98","time":1569924066198,"group":{"id":"project.fs","version":"1"},"event":{"state":true,"data":{"pct-non-watched":0,"created":1569924066199,"project":"01cbb86627df8c3d1e7da1beeebcfff96563e38de342f2ce60954aa5fb7d9bc2"},"id":"roots-watched"}}
{"recorder_version":"11","session":"c54361c625ec","build":"191.7479.14","bucket":"98","time":1569924066198,"group":{"id":"project.fs","version":"1"},"event":{"state":true,"data":{"created":1569924066199},"id":"invoked"}}
{"recorder_version":"11","session":"c54361c625ec","build":"191.7479.14","bucket":"98","time":1569924066370,"group":{"id":"ui.dialogs","version":"11"},"event":{"count":1,"data":{"code":1,"created":1569924066370,"plugin_type":"PLATFORM","type":"close"},"id":"com.intellij.openapi.progress.util.ProgressDialog$MyDialogWrapper"}}
{"recorder_version":"11","session":"c54361c625ec","build":"191.7479.14","bucket":"98","time":1569924066873,"group":{"id":"performance","version":"11"},"event":{"count":1,"data":{"duration_ms":365,"created":1569924066873},"id":"ui.lagging"}}
{"recorder_version":"11","session":"c54361c625ec","build":"191.7479.14","bucket":"98","time":1569924066892,"group":{"id":"lifecycle","version":"11"},"event":{"count":1,"data":{"created":1569924066892,"time_ms":6377,"project":"01cbb86627df8c3d1e7da1beeebcfff96563e38de342f2ce60954aa5fb7d9bc2"},"id":"project.opening.finished"}}
{"recorder_version":"11","session":"c54361c625ec","build":"191.7479.14","bucket":"98","time":1569924068640,"group":{"id":"performance","version":"11"},"event":{"count":1,"data":{"duration_ms":129,"created":1569924068640},"id":"ui.lagging"}}
{"recorder_version":"11","session":"c54361c625ec","build":"191.7479.14","bucket":"98","time":1569924075010,"group":{"id":"js.language.service.starts","version":"1"},"event":{"count":1,"data":{"created":1569924075010,"project":"01cbb86627df8c3d1e7da1beeebcfff96563e38de342f2ce60954aa5fb7d9bc2"},"id":"ESLintLanguageService"}}
{"recorder_version":"11","session":"c54361c625ec","build":"191.7479.14","bucket":"98","time":1569924076655,"group":{"id":"ui.dialogs","version":"11"},"event":{"count":1,"data":{"created":1569924076655,"plugin_type":"PLATFORM","type":"show"},"id":"com.intellij.openapi.options.newEditor.SettingsDialog"}}
{"recorder_version":"11","session":"c54361c625ec","build":"191.7479.14","bucket":"98","time":1569924076855,"group":{"id":"performance","version":"11"},"event":{"count":1,"data":{"duration_ms":1309,"created":1569924076855},"id":"ui.lagging"}}
{"recorder_version":"11","session":"c54361c625ec","build":"191.7479.14","bucket":"98","time":1569924076858,"group":{"id":"performance","version":"11"},"event":{"count":1,"data":{"duration_ms":312,"created":1569924076858},"id":"ui.lagging"}}
{"recorder_version":"11","session":"c54361c625ec","build":"191.7479.14","bucket":"98","time":1569924077670,"group":{"id":"performance","version":"11"},"event":{"count":1,"data":{"duration_ms":124,"created":1569924077670},"id":"ui.lagging"}}
{"recorder_version":"11","session":"c54361c625ec","build":"191.7479.14","bucket":"98","time":1569924160734,"group":{"id":"performance","version":"11"},"event":{"count":1,"data":{"duration_ms":0,"created":1569924160734},"id":"ui.latency"}}
{"recorder_version":"11","session":"c54361c625ec","build":"191.7479.14","bucket":"98","time":1569924181390,"group":{"id":"productivity","version":"11"},"event":{"count":1,"data":{"created":1569924181390},"id":"ui.tree.speedsearch"}}
{"recorder_version":"11","session":"c54361c625ec","build":"191.7479.14","bucket":"98","time":1569924260945,"group":{"id":"performance","version":"11"},"event":{"count":1,"data":{"duration_ms":0,"created":1569924260945},"id":"ui.latency"}}
{"recorder_version":"11","session":"c54361c625ec","build":"191.7479.14","bucket":"98","time":1569924360764,"group":{"id":"file.types.usage","version":"11"},"event":{"count":1,"data":{"created":1569924360764},"id":"registered"}}
{"recorder_version":"11","session":"c54361c625ec","build":"191.7479.14","bucket":"98","time":1569924360764,"group":{"id":"actions.runAnything","version":"1"},"event":{"count":1,"data":{"created":1569924360767},"id":"registered"}}
{"recorder_version":"11","session":"c54361c625ec","build":"191.7479.14","bucket":"98","time":1569924360764,"group":{"id":"toolwindow","version":"11"},"event":{"count":1,"data":{"created":1569924360767},"id":"registered"}}
{"recorder_version":"11","session":"c54361c625ec","build":"191.7479.14","bucket":"98","time":1569924360764,"group":{"id":"live.templates","version":"11"},"event":{"count":1,"data":{"created":1569924360767},"id":"registered"}}
{"recorder_version":"11","session":"c54361c625ec","build":"191.7479.14","bucket":"98","time":1569924360764,"group":{"id":"ide.self.update","version":"1"},"event":{"count":1,"data":{"created":1569924360767},"id":"registered"}}
{"recorder_version":"11","session":"c54361c625ec","build":"191.7479.14","bucket":"98","time":1569924360764,"group":{"id":"lifecycle","version":"11"},"event":{"count":1,"data":{"created":1569924360767},"id":"registered"}}
{"recorder_version":"11","session":"c54361c625ec","build":"191.7479.14","bucket":"98","time":1569924360764,"group":{"id":"vcs.diff.trigger","version":"1"},"event":{"count":1,"data":{"created":1569924360768},"id":"registered"}}
{"recorder_version":"11","session":"c54361c625ec","build":"191.7479.14","bucket":"98","time":1569924360764,"group":{"id":"vcs.log.trigger","version":"1"},"event":{"count":1,"data":{"created":1569924360768},"id":"registered"}}
{"recorder_version":"11","session":"c54361c625ec","build":"191.7479.14","bucket":"98","time":1569924360764,"group":{"id":"productivity","version":"11"},"event":{"count":1,"data":{"created":1569924360768},"id":"registered"}}
{"recorder_version":"11","session":"c54361c625ec","build":"191.7479.14","bucket":"98","time":1569924360764,"group":{"id":"debugger.breakpoints.usage","version":"1"},"event":{"count":1,"data":{"created":1569924360768},"id":"registered"}}
{"recorder_version":"11","session":"c54361c625ec","build":"191.7479.14","bucket":"98","time":1569924360764,"group":{"id":"js.language.service.starts","version":"1"},"event":{"count":1,"data":{"created":1569924360768},"id":"registered"}}
{"recorder_version":"11","session":"c54361c625ec","build":"191.7479.14","bucket":"98","time":1569924360764,"group":{"id":"nodejs.run.configuration","version":"2"},"event":{"count":1,"data":{"created":1569924360769},"id":"registered"}}
{"recorder_version":"11","session":"c54361c625ec","build":"191.7479.14","bucket":"98","time":1569924360764,"group":{"id":"deployment.serverSettingsUI","version":"2"},"event":{"count":1,"data":{"created":1569924360769},"id":"registered"}}
{"recorder_version":"11","session":"c54361c625ec","build":"191.7479.14","bucket":"98","time":1569924360764,"group":{"id":"intentions","version":"11"},"event":{"count":1,"data":{"created":1569924360769},"id":"registered"}}
{"recorder_version":"11","session":"c54361c625ec","build":"191.7479.14","bucket":"98","time":1569924360764,"group":{"id":"ui.dialogs","version":"11"},"event":{"count":1,"data":{"created":1569924360769},"id":"registered"}}
{"recorder_version":"11","session":"c54361c625ec","build":"191.7479.14","bucket":"98","time":1569924360764,"group":{"id":"vcs.back.forward.trigger","version":"1"},"event":{"count":1,"data":{"created":1569924360770},"id":"registered"}}
{"recorder_version":"11","session":"c54361c625ec","build":"191.7479.14","bucket":"98","time":1569924360764,"group":{"id":"toolbar","version":"11"},"event":{"count":1,"data":{"created":1569924360770},"id":"registered"}}
{"recorder_version":"11","session":"c54361c625ec","build":"191.7479.14","bucket":"98","time":1569924360764,"group":{"id":"performance","version":"11"},"event":{"count":1,"data":{"created":1569924360770},"id":"registered"}}
{"recorder_version":"11","session":"c54361c625ec","build":"191.7479.14","bucket":"98","time":1569924360764,"group":{"id":"diagram.usages.trigger","version":"1"},"event":{"count":1,"data":{"created":1569924360770},"id":"registered"}}
{"recorder_version":"11","session":"c54361c625ec","build":"191.7479.14","bucket":"98","time":1569924360764,"group":{"id":"searchEverywhere","version":"1"},"event":{"count":1,"data":{"created":1569924360770},"id":"registered"}}
{"recorder_version":"11","session":"c54361c625ec","build":"191.7479.14","bucket":"98","time":1569924360764,"group":{"id":"ui.tips","version":"1"},"event":{"count":1,"data":{"created":1569924360770},"id":"registered"}}
{"recorder_version":"11","session":"c54361c625ec","build":"191.7479.14","bucket":"98","time":1569924360764,"group":{"id":"import.old.config","version":"1"},"event":{"count":1,"data":{"created":1569924360771},"id":"registered"}}
{"recorder_version":"11","session":"c54361c625ec","build":"191.7479.14","bucket":"98","time":1569924360764,"group":{"id":"json.schema","version":"1"},"event":{"count":1,"data":{"created":1569924360771},"id":"registered"}}
{"recorder_version":"11","session":"c54361c625ec","build":"191.7479.14","bucket":"98","time":1569924360764,"group":{"id":"terminalShell","version":"1"},"event":{"count":1,"data":{"created":1569924360771},"id":"registered"}}
{"recorder_version":"11","session":"c54361c625ec","build":"191.7479.14","bucket":"98","time":1569924360764,"group":{"id":"completion.postfix","version":"11"},"event":{"count":1,"data":{"created":1569924360771},"id":"registered"}}
{"recorder_version":"11","session":"c54361c625ec","build":"191.7479.14","bucket":"98","time":1569924360764,"group":{"id":"actions","version":"11"},"event":{"count":1,"data":{"created":1569924360771},"id":"registered"}}
{"recorder_version":"11","session":"c54361c625ec","build":"191.7479.14","bucket":"98","time":1569924360764,"group":{"id":"run.configuration.exec","version":"11"},"event":{"count":1,"data":{"created":1569924360771},"id":"registered"}}
{"recorder_version":"11","session":"c54361c625ec","build":"191.7479.14","bucket":"98","time":1569924361170,"group":{"id":"performance","version":"11"},"event":{"count":1,"data":{"duration_ms":0,"created":1569924361170},"id":"ui.latency"}}
{"recorder_version":"11","session":"c54361c625ec","build":"191.7479.14","bucket":"98","time":1569924461435,"group":{"id":"performance","version":"11"},"event":{"count":1,"data":{"duration_ms":0,"created":1569924461435},"id":"ui.latency"}}
{"recorder_version":"11","session":"c54361c625ec","build":"191.7479.14","bucket":"98","time":1569924561702,"group":{"id":"performance","version":"11"},"event":{"count":1,"data":{"duration_ms":0,"created":1569924561702},"id":"ui.latency"}}
{"recorder_version":"11","session":"c54361c625ec","build":"191.7479.14","bucket":"98","time":1569924661952,"group":{"id":"performance","version":"11"},"event":{"count":1,"data":{"duration_ms":0,"created":1569924661952},"id":"ui.latency"}}
{"recorder_version":"11","session":"c54361c625ec","build":"191.7479.14","bucket":"98","time":1569924719483,"group":{"id":"ui.dialogs","version":"11"},"event":{"count":1,"data":{"code":1,"created":1569924719483,"plugin_type":"PLATFORM","type":"close"},"id":"com.intellij.openapi.options.newEditor.SettingsDialog"}}
{"recorder_version":"11","session":"c54361c625ec","build":"191.7479.14","bucket":"98","time":1569924720847,"group":{"id":"actions","version":"11"},"event":{"count":1,"data":{"context_menu":false,"os":"Mac","created":1569924720847,"plugin_type":"PLATFORM","project":"01cbb86627df8c3d1e7da1beeebcfff96563e38de342f2ce60954aa5fb7d9bc2","place":"MainMenu","input_event":"Enter"},"id":"EditorEnter"}}
{"recorder_version":"11","session":"c54361c625ec","build":"191.7479.14","bucket":"98","time":1569924720851,"group":{"id":"file.types.usage","version":"11"},"event":{"count":1,"data":{"plugin":"JavaScript","created":1569924720851,"plugin_type":"JB_BUNDLED","project":"01cbb86627df8c3d1e7da1beeebcfff96563e38de342f2ce60954aa5fb7d9bc2","type":"edit"},"id":"JavaScript"}}
{"recorder_version":"11","session":"c54361c625ec","build":"191.7479.14","bucket":"98","time":1569924721118,"group":{"id":"actions","version":"11"},"event":{"count":1,"data":{"context_menu":false,"os":"Mac","created":1569924721118,"plugin_type":"PLATFORM","project":"01cbb86627df8c3d1e7da1beeebcfff96563e38de342f2ce60954aa5fb7d9bc2","place":"MainMenu","input_event":"Enter"},"id":"EditorEnter"}}
{"recorder_version":"11","session":"c54361c625ec","build":"191.7479.14","bucket":"98","time":1569924721192,"group":{"id":"actions","version":"11"},"event":{"count":1,"data":{"context_menu":false,"os":"Mac","created":1569924721192,"plugin_type":"PLATFORM","project":"01cbb86627df8c3d1e7da1beeebcfff96563e38de342f2ce60954aa5fb7d9bc2","place":"MainMenu","input_event":"Up"},"id":"EditorUp"}}
{"recorder_version":"11","session":"c54361c625ec","build":"191.7479.14","bucket":"98","time":1569924721956,"group":{"id":"js.language.service.starts","version":"1"},"event":{"count":1,"data":{"created":1569924721956,"project":"01cbb86627df8c3d1e7da1beeebcfff96563e38de342f2ce60954aa5fb7d9bc2"},"id":"ESLintLanguageService"}}
{"recorder_version":"11","session":"c54361c625ec","build":"191.7479.14","bucket":"98","time":1569924725664,"group":{"id":"actions","version":"11"},"event":{"count":1,"data":{"context_menu":false,"os":"Mac","created":1569924725664,"plugin_type":"PLATFORM","project":"01cbb86627df8c3d1e7da1beeebcfff96563e38de342f2ce60954aa5fb7d9bc2","place":"MainMenu","input_event":"Backspace"},"id":"EditorBackSpace"}}
{"recorder_version":"11","session":"c54361c625ec","build":"191.7479.14","bucket":"98","time":1569924727781,"group":{"id":"actions","version":"11"},"event":{"count":1,"data":{"context_menu":false,"os":"Mac","created":1569924727781,"plugin_type":"PLATFORM","project":"01cbb86627df8c3d1e7da1beeebcfff96563e38de342f2ce60954aa5fb7d9bc2","place":"MainMenu","input_event":"Ctrl+Space"},"id":"CodeCompletion"}}
{"recorder_version":"11","session":"c54361c625ec","build":"191.7479.14","bucket":"98","time":1569924727781,"group":{"id":"productivity","version":"11"},"event":{"count":1,"data":{"created":1569924727782},"id":"editing.completion.basic"}}
{"recorder_version":"11","session":"c54361c625ec","build":"191.7479.14","bucket":"98","time":1569924729179,"group":{"id":"actions","version":"11"},"event":{"count":1,"data":{"context_menu":false,"os":"Mac","created":1569924729179,"plugin_type":"PLATFORM","project":"01cbb86627df8c3d1e7da1beeebcfff96563e38de342f2ce60954aa5fb7d9bc2","place":"MainMenu","input_event":"Escape"},"id":"EditorEscape"}}
{"recorder_version":"11","session":"c54361c625ec","build":"191.7479.14","bucket":"98","time":1569924729756,"group":{"id":"actions","version":"11"},"event":{"count":1,"data":{"context_menu":false,"os":"Mac","created":1569924729756,"plugin_type":"PLATFORM","project":"01cbb86627df8c3d1e7da1beeebcfff96563e38de342f2ce60954aa5fb7d9bc2","place":"MainMenu","input_event":"Down"},"id":"EditorDown"}}
{"recorder_version":"11","session":"c54361c625ec","build":"191.7479.14","bucket":"98","time":1569924730078,"group":{"id":"actions","version":"11"},"event":{"count":2,"data":{"context_menu":false,"os":"Mac","last":1569924730780,"created":1569924730078,"plugin_type":"PLATFORM","project":"01cbb86627df8c3d1e7da1beeebcfff96563e38de342f2ce60954aa5fb7d9bc2","place":"MainMenu","input_event":"Shift+Up"},"id":"EditorUpWithSelection"}}
{"recorder_version":"11","session":"c54361c625ec","build":"191.7479.14","bucket":"98","time":1569924731180,"group":{"id":"actions","version":"11"},"event":{"count":1,"data":{"context_menu":false,"os":"Mac","created":1569924731180,"plugin_type":"PLATFORM","project":"01cbb86627df8c3d1e7da1beeebcfff96563e38de342f2ce60954aa5fb7d9bc2","place":"MainMenu","input_event":"Backspace"},"id":"EditorBackSpace"}}
{"recorder_version":"11","session":"c54361c625ec","build":"191.7479.14","bucket":"98","time":1569924762200,"group":{"id":"performance","version":"11"},"event":{"count":1,"data":{"duration_ms":0,"created":1569924762200},"id":"ui.latency"}}
{"recorder_version":"11","session":"c54361c625ec","build":"191.7479.14","bucket":"98","time":1569924862435,"group":{"id":"performance","version":"11"},"event":{"count":1,"data":{"duration_ms":0,"created":1569924862435},"id":"ui.latency"}}
{"recorder_version":"11","session":"c54361c625ec","build":"191.7479.14","bucket":"98","time":1569924905687,"group":{"id":"actions","version":"11"},"event":{"count":1,"data":{"context_menu":false,"os":"Mac","created":1569924905687,"plugin_type":"PLATFORM","project":"01cbb86627df8c3d1e7da1beeebcfff96563e38de342f2ce60954aa5fb7d9bc2","place":"MainMenu","input_event":"Tab"},"id":"EditorTab"}}
{"recorder_version":"11","session":"c54361c625ec","build":"191.7479.14","bucket":"98","time":1569924905687,"group":{"id":"file.types.usage","version":"11"},"event":{"count":1,"data":{"plugin":"JavaScript","created":1569924905688,"plugin_type":"JB_BUNDLED","project":"01cbb86627df8c3d1e7da1beeebcfff96563e38de342f2ce60954aa5fb7d9bc2","type":"edit"},"id":"JavaScript"}}
{"recorder_version":"11","session":"c54361c625ec","build":"191.7479.14","bucket":"98","time":1569924911257,"group":{"id":"actions","version":"11"},"event":{"count":1,"data":{"context_menu":false,"os":"Mac","created":1569924911257,"plugin_type":"PLATFORM","project":"01cbb86627df8c3d1e7da1beeebcfff96563e38de342f2ce60954aa5fb7d9bc2","place":"MainMenu","input_event":"Ctrl+Space"},"id":"CodeCompletion"}}
{"recorder_version":"11","session":"c54361c625ec","build":"191.7479.14","bucket":"98","time":1569924911257,"group":{"id":"productivity","version":"11"},"event":{"count":1,"data":{"created":1569924911257},"id":"editing.completion.basic"}}
{"recorder_version":"11","session":"c54361c625ec","build":"191.7479.14","bucket":"98","time":1569924912530,"group":{"id":"actions","version":"11"},"event":{"count":1,"data":{"context_menu":false,"os":"Mac","created":1569924912530,"plugin_type":"PLATFORM","project":"01cbb86627df8c3d1e7da1beeebcfff96563e38de342f2ce60954aa5fb7d9bc2","place":"MainMenu","input_event":"Escape"},"id":"EditorEscape"}}
{"recorder_version":"11","session":"c54361c625ec","build":"191.7479.14","bucket":"98","time":1569924912873,"group":{"id":"actions","version":"11"},"event":{"count":2,"data":{"context_menu":false,"os":"Mac","last":1569924913033,"created":1569924912873,"plugin_type":"PLATFORM","project":"01cbb86627df8c3d1e7da1beeebcfff96563e38de342f2ce60954aa5fb7d9bc2","place":"MainMenu","input_event":"Down"},"id":"EditorDown"}}
{"recorder_version":"11","session":"c54361c625ec","build":"191.7479.14","bucket":"98","time":1569924913297,"group":{"id":"actions","version":"11"},"event":{"count":4,"data":{"context_menu":false,"os":"Mac","last":1569924913753,"created":1569924913297,"plugin_type":"PLATFORM","project":"01cbb86627df8c3d1e7da1beeebcfff96563e38de342f2ce60954aa5fb7d9bc2","place":"MainMenu","input_event":"Shift+Up"},"id":"EditorUpWithSelection"}}
{"recorder_version":"11","session":"c54361c625ec","build":"191.7479.14","bucket":"98","time":1569924914202,"group":{"id":"actions","version":"11"},"event":{"count":1,"data":{"context_menu":false,"os":"Mac","created":1569924914202,"plugin_type":"PLATFORM","project":"01cbb86627df8c3d1e7da1beeebcfff96563e38de342f2ce60954aa5fb7d9bc2","place":"MainMenu","input_event":"Backspace"},"id":"EditorBackSpace"}}
{"recorder_version":"11","session":"c54361c625ec","build":"191.7479.14","bucket":"98","time":1569924914813,"group":{"id":"actions","version":"11"},"event":{"count":2,"data":{"context_menu":false,"os":"Mac","last":1569924914978,"created":1569924914813,"plugin_type":"PLATFORM","project":"01cbb86627df8c3d1e7da1beeebcfff96563e38de342f2ce60954aa5fb7d9bc2","place":"MainMenu","input_event":"Enter"},"id":"EditorEnter"}}
{"recorder_version":"11","session":"c54361c625ec","build":"191.7479.14","bucket":"98","time":1569924915258,"group":{"id":"actions","version":"11"},"event":{"count":1,"data":{"context_menu":false,"os":"Mac","created":1569924915258,"plugin_type":"PLATFORM","project":"01cbb86627df8c3d1e7da1beeebcfff96563e38de342f2ce60954aa5fb7d9bc2","place":"MainMenu","input_event":"Up"},"id":"EditorUp"}}
{"recorder_version":"11","session":"c54361c625ec","build":"191.7479.14","bucket":"98","time":1569924919074,"group":{"id":"actions","version":"11"},"event":{"count":1,"data":{"context_menu":false,"os":"Mac","created":1569924919074,"plugin_type":"PLATFORM","project":"01cbb86627df8c3d1e7da1beeebcfff96563e38de342f2ce60954aa5fb7d9bc2","place":"MainMenu","input_event":"Ctrl+Space"},"id":"CodeCompletion"}}
{"recorder_version":"11","session":"c54361c625ec","build":"191.7479.14","bucket":"98","time":1569924919074,"group":{"id":"productivity","version":"11"},"event":{"count":1,"data":{"created":1569924919074},"id":"editing.completion.basic"}}
{"recorder_version":"11","session":"c54361c625ec","build":"191.7479.14","bucket":"98","time":1569924919643,"group":{"id":"actions","version":"11"},"event":{"count":1,"data":{"context_menu":false,"os":"Mac","created":1569924919643,"plugin_type":"PLATFORM","project":"01cbb86627df8c3d1e7da1beeebcfff96563e38de342f2ce60954aa5fb7d9bc2","place":"MainMenu","input_event":"Escape"},"id":"EditorEscape"}}
{"recorder_version":"11","session":"c54361c625ec","build":"191.7479.14","bucket":"98","time":1569924920694,"group":{"id":"ui.dialogs","version":"11"},"event":{"count":1,"data":{"created":1569924920694,"plugin_type":"PLATFORM","type":"show"},"id":"com.intellij.openapi.options.newEditor.SettingsDialog"}}
{"recorder_version":"11","session":"c54361c625ec","build":"191.7479.14","bucket":"98","time":1569924920782,"group":{"id":"performance","version":"11"},"event":{"count":1,"data":{"duration_ms":209,"created":1569924920782},"id":"ui.lagging"}}
{"recorder_version":"11","session":"c54361c625ec","build":"191.7479.14","bucket":"98","time":1569924931083,"group":{"id":"ui.dialogs","version":"11"},"event":{"count":1,"data":{"code":0,"created":1569924931083,"plugin_type":"PLATFORM","type":"close"},"id":"com.intellij.openapi.options.newEditor.SettingsDialog"}}
{"recorder_version":"11","session":"c54361c625ec","build":"191.7479.14","bucket":"98","time":1569924932987,"group":{"id":"actions","version":"11"},"event":{"count":1,"data":{"context_menu":false,"os":"Mac","created":1569924932987,"plugin_type":"PLATFORM","project":"01cbb86627df8c3d1e7da1beeebcfff96563e38de342f2ce60954aa5fb7d9bc2","place":"MainMenu","input_event":"Backspace"},"id":"EditorBackSpace"}}
{"recorder_version":"11","session":"c54361c625ec","build":"191.7479.14","bucket":"98","time":1569924936314,"group":{"id":"actions","version":"11"},"event":{"count":1,"data":{"context_menu":false,"os":"Mac","created":1569924936314,"plugin_type":"PLATFORM","project":"01cbb86627df8c3d1e7da1beeebcfff96563e38de342f2ce60954aa5fb7d9bc2","place":"MainMenu","input_event":"Ctrl+Space"},"id":"CodeCompletion"}}
{"recorder_version":"11","session":"c54361c625ec","build":"191.7479.14","bucket":"98","time":1569924936315,"group":{"id":"productivity","version":"11"},"event":{"count":1,"data":{"created":1569924936315},"id":"editing.completion.basic"}}
{"recorder_version":"11","session":"c54361c625ec","build":"191.7479.14","bucket":"98","time":1569924938258,"group":{"id":"performance","version":"11"},"event":{"count":1,"data":{"duration_ms":1652,"created":1569924938258},"id":"ui.lagging"}}
{"recorder_version":"11","session":"c54361c625ec","build":"191.7479.14","bucket":"98","time":1569924938260,"group":{"id":"performance","version":"11"},"event":{"count":1,"data":{"duration_ms":653,"created":1569924938260},"id":"ui.lagging"}}
{"recorder_version":"11","session":"c54361c625ec","build":"191.7479.14","bucket":"98","time":1569924938261,"group":{"id":"actions","version":"11"},"event":{"count":2,"data":{"context_menu":false,"os":"Mac","last":1569924938280,"created":1569924938261,"plugin_type":"PLATFORM","project":"01cbb86627df8c3d1e7da1beeebcfff96563e38de342f2ce60954aa5fb7d9bc2","place":"MainMenu","input_event":"Backspace"},"id":"EditorBackSpace"}}
{"recorder_version":"11","session":"c54361c625ec","build":"191.7479.14","bucket":"98","time":1569924938807,"group":{"id":"actions","version":"11"},"event":{"count":2,"data":{"context_menu":false,"os":"Mac","last":1569924938938,"created":1569924938807,"plugin_type":"PLATFORM","project":"01cbb86627df8c3d1e7da1beeebcfff96563e38de342f2ce60954aa5fb7d9bc2","place":"MainMenu","input_event":"Down"},"id":"EditorDown"}}
{"recorder_version":"11","session":"c54361c625ec","build":"191.7479.14","bucket":"98","time":1569924939258,"group":{"id":"actions","version":"11"},"event":{"count":1,"data":{"context_menu":false,"os":"Mac","created":1569924939258,"plugin_type":"PLATFORM","project":"01cbb86627df8c3d1e7da1beeebcfff96563e38de342f2ce60954aa5fb7d9bc2","place":"MainMenu","input_event":"End"},"id":"EditorLineEnd"}}
{"recorder_version":"11","session":"c54361c625ec","build":"191.7479.14","bucket":"98","time":1569924939459,"group":{"id":"actions","version":"11"},"event":{"count":3,"data":{"context_menu":false,"os":"Mac","last":1569924939797,"created":1569924939459,"plugin_type":"PLATFORM","project":"01cbb86627df8c3d1e7da1beeebcfff96563e38de342f2ce60954aa5fb7d9bc2","place":"MainMenu","input_event":"Enter"},"id":"EditorEnter"}}
{"recorder_version":"11","session":"c54361c625ec","build":"191.7479.14","bucket":"98","time":1569924940010,"group":{"id":"actions","version":"11"},"event":{"count":1,"data":{"context_menu":false,"os":"Mac","created":1569924940010,"plugin_type":"PLATFORM","project":"01cbb86627df8c3d1e7da1beeebcfff96563e38de342f2ce60954aa5fb7d9bc2","place":"MainMenu","input_event":"Up"},"id":"EditorUp"}}
{"recorder_version":"11","session":"c54361c625ec","build":"191.7479.14","bucket":"98","time":1569924942755,"group":{"id":"actions","version":"11"},"event":{"count":1,"data":{"context_menu":false,"os":"Mac","created":1569924942755,"plugin_type":"PLATFORM","project":"01cbb86627df8c3d1e7da1beeebcfff96563e38de342f2ce60954aa5fb7d9bc2","place":"MainMenu","input_event":"Ctrl+Space"},"id":"CodeCompletion"}}
{"recorder_version":"11","session":"c54361c625ec","build":"191.7479.14","bucket":"98","time":1569924942755,"group":{"id":"productivity","version":"11"},"event":{"count":1,"data":{"created":1569924942759},"id":"editing.completion.basic"}}
{"recorder_version":"11","session":"c54361c625ec","build":"191.7479.14","bucket":"98","time":1569924944667,"group":{"id":"actions","version":"11"},"event":{"count":1,"data":{"context_menu":false,"os":"Mac","created":1569924944668,"plugin_type":"PLATFORM","project":"01cbb86627df8c3d1e7da1beeebcfff96563e38de342f2ce60954aa5fb7d9bc2","place":"MainMenu","input_event":"Ctrl+Space"},"id":"CodeCompletion"}}
{"recorder_version":"11","session":"c54361c625ec","build":"191.7479.14","bucket":"98","time":1569924944668,"group":{"id":"productivity","version":"11"},"event":{"count":1,"data":{"created":1569924944668},"id":"editing.completion.basic"}}
{"recorder_version":"11","session":"c54361c625ec","build":"191.7479.14","bucket":"98","time":1569924945755,"group":{"id":"actions","version":"11"},"event":{"count":1,"data":{"context_menu":false,"os":"Mac","created":1569924945755,"plugin_type":"PLATFORM","project":"01cbb86627df8c3d1e7da1beeebcfff96563e38de342f2ce60954aa5fb7d9bc2","place":"MainMenu","input_event":"Down"},"id":"EditorDown"}}
{"recorder_version":"11","session":"c54361c625ec","build":"191.7479.14","bucket":"98","time":1569924946154,"group":{"id":"actions","version":"11"},"event":{"count":2,"data":{"context_menu":false,"os":"Mac","last":1569924946298,"created":1569924946154,"plugin_type":"PLATFORM","project":"01cbb86627df8c3d1e7da1beeebcfff96563e38de342f2ce60954aa5fb7d9bc2","place":"MainMenu","input_event":"Shift+Up"},"id":"EditorUpWithSelection"}}
{"recorder_version":"11","session":"c54361c625ec","build":"191.7479.14","bucket":"98","time":1569924946826,"group":{"id":"actions","version":"11"},"event":{"count":3,"data":{"context_menu":false,"os":"Mac","last":1569924957044,"created":1569924946826,"plugin_type":"PLATFORM","project":"01cbb86627df8c3d1e7da1beeebcfff96563e38de342f2ce60954aa5fb7d9bc2","place":"MainMenu","input_event":"Backspace"},"id":"EditorBackSpace"}}
{"recorder_version":"11","session":"c54361c625ec","build":"191.7479.14","bucket":"98","time":1569924960221,"group":{"id":"plugins.disabled","version":"1"},"event":{"state":true,"data":{"created":1569924960221},"id":"invoked"}}
{"recorder_version":"11","session":"c54361c625ec","build":"191.7479.14","bucket":"98","time":1569924960227,"group":{"id":"remote.sdk.type","version":"1"},"event":{"state":true,"data":{"created":1569924960227},"id":"invoked"}}
{"recorder_version":"11","session":"c54361c625ec","build":"191.7479.14","bucket":"98","time":1569924960228,"group":{"id":"plugins.non.bundled","version":"1"},"event":{"state":true,"data":{"created":1569924960228},"id":"invoked"}}
{"recorder_version":"11","session":"c54361c625ec","build":"191.7479.14","bucket":"98","time":1569924960231,"group":{"id":"ui.screen.scale","version":"1"},"event":{"state":true,"data":{"os":"Mac","created":1569924960231},"id":"ScaledMode_1.0"}}
{"recorder_version":"11","session":"c54361c625ec","build":"191.7479.14","bucket":"98","time":1569924960231,"group":{"id":"ui.screen.scale","version":"1"},"event":{"state":true,"data":{"created":1569924960231},"id":"invoked"}}
{"recorder_version":"11","session":"c54361c625ec","build":"191.7479.14","bucket":"98","time":1569924960244,"group":{"id":"editor.settings.ide","version":"1"},"event":{"state":true,"data":{"created":1569924960244},"id":"surroundByQuoteOrBrace"}}
{"recorder_version":"11","session":"c54361c625ec","build":"191.7479.14","bucket":"98","time":1569924960244,"group":{"id":"editor.settings.ide","version":"1"},"event":{"state":true,"data":{"created":1569924960244},"id":"completionHints"}}
{"recorder_version":"11","session":"c54361c625ec","build":"191.7479.14","bucket":"98","time":1569924960244,"group":{"id":"editor.settings.ide","version":"1"},"event":{"state":true,"data":{"created":1569924960244},"id":"invoked"}}
{"recorder_version":"11","session":"c54361c625ec","build":"191.7479.14","bucket":"98","time":1569924960244,"group":{"id":"ui.hidpi.mode","version":"1"},"event":{"state":true,"data":{"os":"Mac","created":1569924960245},"id":"per_monitor_dpi"}}
{"recorder_version":"11","session":"c54361c625ec","build":"191.7479.14","bucket":"98","time":1569924960244,"group":{"id":"ui.hidpi.mode","version":"1"},"event":{"state":true,"data":{"created":1569924960245},"id":"invoked"}}
{"recorder_version":"11","session":"c54361c625ec","build":"191.7479.14","bucket":"98","time":1569924960245,"group":{"id":"vcs.log.index.application","version":"1"},"event":{"state":true,"data":{"created":1569924960245},"id":"invoked"}}
{"recorder_version":"11","session":"c54361c625ec","build":"191.7479.14","bucket":"98","time":1569924960254,"group":{"id":"vcs.diff","version":"1"},"event":{"state":true,"data":{"created":1569924960254},"id":"show.warnings.policy.TestsFiledAssertions.inspections"}}
{"recorder_version":"11","session":"c54361c625ec","build":"191.7479.14","bucket":"98","time":1569924960254,"group":{"id":"vcs.diff","version":"1"},"event":{"state":true,"data":{"created":1569924960255},"id":"use.unified.diff.Default.disabled"}}
{"recorder_version":"11","session":"c54361c625ec","build":"191.7479.14","bucket":"98","time":1569924960254,"group":{"id":"vcs.diff","version":"1"},"event":{"state":true,"data":{"created":1569924960255},"id":"collapse.unchanged.VcsLogView.enabled"}}
{"recorder_version":"11","session":"c54361c625ec","build":"191.7479.14","bucket":"98","time":1569924960254,"group":{"id":"vcs.diff","version":"1"},"event":{"state":true,"data":{"created":1569924960255},"id":"ignore.policy.Default.default"}}
{"recorder_version":"11","session":"c54361c625ec","build":"191.7479.14","bucket":"98","time":1569924960254,"group":{"id":"vcs.diff","version":"1"},"event":{"state":true,"data":{"created":1569924960255},"id":"use.soft.wraps.Merge.disabled"}}
{"recorder_version":"11","session":"c54361c625ec","build":"191.7479.14","bucket":"98","time":1569924960254,"group":{"id":"vcs.diff","version":"1"},"event":{"state":true,"data":{"created":1569924960255},"id":"show.line.numbers.TestsFiledAssertions.enabled"}}
{"recorder_version":"11","session":"c54361c625ec","build":"191.7479.14","bucket":"98","time":1569924960254,"group":{"id":"vcs.diff","version":"1"},"event":{"state":true,"data":{"created":1569924960255},"id":"show.line.numbers.ChangesView.enabled"}}
{"recorder_version":"11","session":"c54361c625ec","build":"191.7479.14","bucket":"98","time":1569924960254,"group":{"id":"vcs.diff","version":"1"},"event":{"state":true,"data":{"created":1569924960256},"id":"ignore.policy.VcsLogView.default"}}
{"recorder_version":"11","session":"c54361c625ec","build":"191.7479.14","bucket":"98","time":1569924960254,"group":{"id":"vcs.diff","version":"1"},"event":{"state":true,"data":{"created":1569924960256},"id":"highlight.policy.VcsLogView.by_word"}}
{"recorder_version":"11","session":"c54361c625ec","build":"191.7479.14","bucket":"98","time":1569924960254,"group":{"id":"vcs.diff","version":"1"},"event":{"state":true,"data":{"created":1569924960256},"id":"use.soft.wraps.TestsFiledAssertions.disabled"}}
{"recorder_version":"11","session":"c54361c625ec","build":"191.7479.14","bucket":"98","time":1569924960254,"group":{"id":"vcs.diff","version":"1"},"event":{"state":true,"data":{"created":1569924960256},"id":"show.warnings.policy.ChangesView.inspections"}}
{"recorder_version":"11","session":"c54361c625ec","build":"191.7479.14","bucket":"98","time":1569924960254,"group":{"id":"vcs.diff","version":"1"},"event":{"state":true,"data":{"created":1569924960256},"id":"use.soft.wraps.ChangesView.disabled"}}
{"recorder_version":"11","session":"c54361c625ec","build":"191.7479.14","bucket":"98","time":1569924960254,"group":{"id":"vcs.diff","version":"1"},"event":{"state":true,"data":{"created":1569924960256},"id":"use.soft.wraps.VcsLogView.disabled"}}
{"recorder_version":"11","session":"c54361c625ec","build":"191.7479.14","bucket":"98","time":1569924960254,"group":{"id":"vcs.diff","version":"1"},"event":{"state":true,"data":{"created":1569924960256},"id":"collapse.unchanged.Merge.disabled"}}
{"recorder_version":"11","session":"c54361c625ec","build":"191.7479.14","bucket":"98","time":1569924960254,"group":{"id":"vcs.diff","version":"1"},"event":{"state":true,"data":{"created":1569924960256},"id":"external.merge.disabled"}}
{"recorder_version":"11","session":"c54361c625ec","build":"191.7479.14","bucket":"98","time":1569924960254,"group":{"id":"vcs.diff","version":"1"},"event":{"state":true,"data":{"created":1569924960257},"id":"show.line.numbers.CommitDialog.enabled"}}
{"recorder_version":"11","session":"c54361c625ec","build":"191.7479.14","bucket":"98","time":1569924960254,"group":{"id":"vcs.diff","version":"1"},"event":{"state":true,"data":{"created":1569924960257},"id":"ignore.policy.TestsFiledAssertions.default"}}
{"recorder_version":"11","session":"c54361c625ec","build":"191.7479.14","bucket":"98","time":1569924960254,"group":{"id":"vcs.diff","version":"1"},"event":{"state":true,"data":{"created":1569924960257},"id":"show.warnings.policy.Merge.inspections"}}
{"recorder_version":"11","session":"c54361c625ec","build":"191.7479.14","bucket":"98","time":1569924960254,"group":{"id":"vcs.diff","version":"1"},"event":{"state":true,"data":{"created":1569924960257},"id":"show.line.numbers.Merge.enabled"}}
{"recorder_version":"11","session":"c54361c625ec","build":"191.7479.14","bucket":"98","time":1569924960254,"group":{"id":"vcs.diff","version":"1"},"event":{"state":true,"data":{"created":1569924960257},"id":"ignore.policy.Merge.default"}}
{"recorder_version":"11","session":"c54361c625ec","build":"191.7479.14","bucket":"98","time":1569924960254,"group":{"id":"vcs.diff","version":"1"},"event":{"state":true,"data":{"created":1569924960257},"id":"collapse.unchanged.ChangesView.enabled"}}
{"recorder_version":"11","session":"c54361c625ec","build":"191.7479.14","bucket":"98","time":1569924960254,"group":{"id":"vcs.diff","version":"1"},"event":{"state":true,"data":{"created":1569924960257},"id":"use.soft.wraps.CommitDialog.disabled"}}
{"recorder_version":"11","session":"c54361c625ec","build":"191.7479.14","bucket":"98","time":1569924960254,"group":{"id":"vcs.diff","version":"1"},"event":{"state":true,"data":{"created":1569924960257},"id":"use.unified.diff.TestsFiledAssertions.disabled"}}
{"recorder_version":"11","session":"c54361c625ec","build":"191.7479.14","bucket":"98","time":1569924960254,"group":{"id":"vcs.diff","version":"1"},"event":{"state":true,"data":{"created":1569924960258},"id":"use.unified.diff.CommitDialog.disabled"}}
{"recorder_version":"11","session":"c54361c625ec","build":"191.7479.14","bucket":"98","time":1569924960254,"group":{"id":"vcs.diff","version":"1"},"event":{"state":true,"data":{"created":1569924960258},"id":"show.warnings.policy.VcsLogView.inspections"}}
{"recorder_version":"11","session":"c54361c625ec","build":"191.7479.14","bucket":"98","time":1569924960254,"group":{"id":"vcs.diff","version":"1"},"event":{"state":true,"data":{"created":1569924960258},"id":"external.diff.disabled"}}
{"recorder_version":"11","session":"c54361c625ec","build":"191.7479.14","bucket":"98","time":1569924960254,"group":{"id":"vcs.diff","version":"1"},"event":{"state":true,"data":{"created":1569924960258},"id":"use.unified.diff.VcsLogView.enabled"}}
{"recorder_version":"11","session":"c54361c625ec","build":"191.7479.14","bucket":"98","time":1569924960254,"group":{"id":"vcs.diff","version":"1"},"event":{"state":true,"data":{"created":1569924960258},"id":"highlight.policy.ChangesView.by_word"}}
{"recorder_version":"11","session":"c54361c625ec","build":"191.7479.14","bucket":"98","time":1569924960254,"group":{"id":"vcs.diff","version":"1"},"event":{"state":true,"data":{"created":1569924960258},"id":"collapse.unchanged.Default.disabled"}}
{"recorder_version":"11","session":"c54361c625ec","build":"191.7479.14","bucket":"98","time":1569924960254,"group":{"id":"vcs.diff","version":"1"},"event":{"state":true,"data":{"created":1569924960258},"id":"collapse.unchanged.CommitDialog.enabled"}}
{"recorder_version":"11","session":"c54361c625ec","build":"191.7479.14","bucket":"98","time":1569924960254,"group":{"id":"vcs.diff","version":"1"},"event":{"state":true,"data":{"created":1569924960258},"id":"highlight.policy.CommitDialog.by_word"}}
{"recorder_version":"11","session":"c54361c625ec","build":"191.7479.14","bucket":"98","time":1569924960254,"group":{"id":"vcs.diff","version":"1"},"event":{"state":true,"data":{"created":1569924960258},"id":"show.warnings.policy.CommitDialog.inspections"}}
{"recorder_version":"11","session":"c54361c625ec","build":"191.7479.14","bucket":"98","time":1569924960254,"group":{"id":"vcs.diff","version":"1"},"event":{"state":true,"data":{"created":1569924960259},"id":"show.line.numbers.VcsLogView.enabled"}}
{"recorder_version":"11","session":"c54361c625ec","build":"191.7479.14","bucket":"98","time":1569924960254,"group":{"id":"vcs.diff","version":"1"},"event":{"state":true,"data":{"created":1569924960259},"id":"show.warnings.policy.Default.inspections"}}
{"recorder_version":"11","session":"c54361c625ec","build":"191.7479.14","bucket":"98","time":1569924960254,"group":{"id":"vcs.diff","version":"1"},"event":{"state":true,"data":{"created":1569924960259},"id":"highlight.policy.Merge.by_word"}}
{"recorder_version":"11","session":"c54361c625ec","build":"191.7479.14","bucket":"98","time":1569924960254,"group":{"id":"vcs.diff","version":"1"},"event":{"state":true,"data":{"created":1569924960259},"id":"use.soft.wraps.Default.disabled"}}
{"recorder_version":"11","session":"c54361c625ec","build":"191.7479.14","bucket":"98","time":1569924960254,"group":{"id":"vcs.diff","version":"1"},"event":{"state":true,"data":{"created":1569924960259},"id":"highlight.policy.Default.by_word"}}
{"recorder_version":"11","session":"c54361c625ec","build":"191.7479.14","bucket":"98","time":1569924960254,"group":{"id":"vcs.diff","version":"1"},"event":{"state":true,"data":{"created":1569924960259},"id":"use.unified.diff.ChangesView.disabled"}}
{"recorder_version":"11","session":"c54361c625ec","build":"191.7479.14","bucket":"98","time":1569924960254,"group":{"id":"vcs.diff","version":"1"},"event":{"state":true,"data":{"created":1569924960259},"id":"ignore.policy.CommitDialog.default"}}
{"recorder_version":"11","session":"c54361c625ec","build":"191.7479.14","bucket":"98","time":1569924960254,"group":{"id":"vcs.diff","version":"1"},"event":{"state":true,"data":{"created":1569924960259},"id":"enable.read.lock.CommitDialog.enabled"}}
{"recorder_version":"11","session":"c54361c625ec","build":"191.7479.14","bucket":"98","time":1569924960254,"group":{"id":"vcs.diff","version":"1"},"event":{"state":true,"data":{"created":1569924960259},"id":"external.diff.default.disabled"}}
{"recorder_version":"11","session":"c54361c625ec","build":"191.7479.14","bucket":"98","time":1569924960254,"group":{"id":"vcs.diff","version":"1"},"event":{"state":true,"data":{"created":1569924960260},"id":"show.line.numbers.Default.enabled"}}
{"recorder_version":"11","session":"c54361c625ec","build":"191.7479.14","bucket":"98","time":1569924960254,"group":{"id":"vcs.diff","version":"1"},"event":{"state":true,"data":{"created":1569924960260},"id":"collapse.unchanged.TestsFiledAssertions.disabled"}}
{"recorder_version":"11","session":"c54361c625ec","build":"191.7479.14","bucket":"98","time":1569924960254,"group":{"id":"vcs.diff","version":"1"},"event":{"state":true,"data":{"created":1569924960260},"id":"highlight.policy.TestsFiledAssertions.by_word"}}
{"recorder_version":"11","session":"c54361c625ec","build":"191.7479.14","bucket":"98","time":1569924960254,"group":{"id":"vcs.diff","version":"1"},"event":{"state":true,"data":{"created":1569924960260},"id":"iterate.next.file.enabled"}}
{"recorder_version":"11","session":"c54361c625ec","build":"191.7479.14","bucket":"98","time":1569924960254,"group":{"id":"vcs.diff","version":"1"},"event":{"state":true,"data":{"created":1569924960260},"id":"ignore.policy.ChangesView.default"}}
{"recorder_version":"11","session":"c54361c625ec","build":"191.7479.14","bucket":"98","time":1569924960254,"group":{"id":"vcs.diff","version":"1"},"event":{"state":true,"data":{"created":1569924960260},"id":"use.unified.diff.Merge.disabled"}}
{"recorder_version":"11","session":"c54361c625ec","build":"191.7479.14","bucket":"98","time":1569924960254,"group":{"id":"vcs.diff","version":"1"},"event":{"state":true,"data":{"created":1569924960260},"id":"invoked"}}
{"recorder_version":"11","session":"c54361c625ec","build":"191.7479.14","bucket":"98","time":1569924960263,"group":{"id":"platform.registry.application","version":"1"},"event":{"state":true,"data":{"created":1569924960263},"id":"ide.tooltip.show.with.actions"}}
{"recorder_version":"11","session":"c54361c625ec","build":"191.7479.14","bucket":"98","time":1569924960263,"group":{"id":"platform.registry.application","version":"1"},"event":{"state":true,"data":{"created":1569924960263},"id":"java.completion.argument.hints.internal"}}
{"recorder_version":"11","session":"c54361c625ec","build":"191.7479.14","bucket":"98","time":1569924960263,"group":{"id":"platform.registry.application","version":"1"},"event":{"state":true,"data":{"created":1569924960263},"id":"linux.native.menu"}}
{"recorder_version":"11","session":"c54361c625ec","build":"191.7479.14","bucket":"98","time":1569924960263,"group":{"id":"platform.registry.application","version":"1"},"event":{"state":true,"data":{"created":1569924960264},"id":"recent.and.edited.files.together"}}
{"recorder_version":"11","session":"c54361c625ec","build":"191.7479.14","bucket":"98","time":1569924960263,"group":{"id":"platform.registry.application","version":"1"},"event":{"state":true,"data":{"created":1569924960264},"id":"inline.browse.button"}}
{"recorder_version":"11","session":"c54361c625ec","build":"191.7479.14","bucket":"98","time":1569924960263,"group":{"id":"platform.registry.application","version":"1"},"event":{"state":true,"data":{"created":1569924960264},"id":"invoked"}}
{"recorder_version":"11","session":"c54361c625ec","build":"191.7479.14","bucket":"98","time":1569924960264,"group":{"id":"keymaps.name","version":"1"},"event":{"state":true,"data":{"os":"Mac","created":1569924960264},"id":"Mac_OS_X_10.5+"}}
{"recorder_version":"11","session":"c54361c625ec","build":"191.7479.14","bucket":"98","time":1569924960264,"group":{"id":"keymaps.name","version":"1"},"event":{"state":true,"data":{"created":1569924960265},"id":"invoked"}}
{"recorder_version":"11","session":"c54361c625ec","build":"191.7479.14","bucket":"98","time":1569924960264,"group":{"id":"ui.accessibility.screen.reader","version":"1"},"event":{"state":true,"data":{"os":"Mac","created":1569924960265},"id":"screen.reader.DISABLED"}}
{"recorder_version":"11","session":"c54361c625ec","build":"191.7479.14","bucket":"98","time":1569924960264,"group":{"id":"ui.accessibility.screen.reader","version":"1"},"event":{"state":true,"data":{"created":1569924960265},"id":"invoked"}}
{"recorder_version":"11","session":"c54361c625ec","build":"191.7479.14","bucket":"98","time":1569924960264,"group":{"id":"user.advanced.info","version":"1"},"event":{"state":true,"data":{"created":1569924960265},"id":"release"}}
{"recorder_version":"11","session":"c54361c625ec","build":"191.7479.14","bucket":"98","time":1569924960264,"group":{"id":"user.advanced.info","version":"1"},"event":{"state":true,"data":{"created":1569924960265},"id":"evaluation"}}
{"recorder_version":"11","session":"c54361c625ec","build":"191.7479.14","bucket":"98","time":1569924960264,"group":{"id":"user.advanced.info","version":"1"},"event":{"state":true,"data":{"created":1569924960265},"id":"invoked"}}
{"recorder_version":"11","session":"c54361c625ec","build":"191.7479.14","bucket":"98","time":1569924960265,"group":{"id":"ui.info.features","version":"1"},"event":{"state":true,"data":{"grouped":"[30_50]","os":"Mac","created":1569924960266},"id":"recent.files"}}
{"recorder_version":"11","session":"c54361c625ec","build":"191.7479.14","bucket":"98","time":1569924960265,"group":{"id":"ui.info.features","version":"1"},"event":{"state":true,"data":{"os":"Mac","created":1569924960266},"id":"Gutter.Icons"}}
{"recorder_version":"11","session":"c54361c625ec","build":"191.7479.14","bucket":"98","time":1569924960265,"group":{"id":"ui.info.features","version":"1"},"event":{"state":true,"data":{"os":"Mac","created":1569924960266},"id":"Tool.Window.buttons.hidden"}}
{"recorder_version":"11","session":"c54361c625ec","build":"191.7479.14","bucket":"98","time":1569924960265,"group":{"id":"ui.info.features","version":"1"},"event":{"state":true,"data":{"os":"Mac","created":1569924960266},"id":"Status.bar.visible"}}
{"recorder_version":"11","session":"c54361c625ec","build":"191.7479.14","bucket":"98","time":1569924960265,"group":{"id":"ui.info.features","version":"1"},"event":{"state":true,"data":{"os":"Mac","created":1569924960266},"id":"Toolbar.hidden"}}
{"recorder_version":"11","session":"c54361c625ec","build":"191.7479.14","bucket":"98","time":1569924960265,"group":{"id":"ui.info.features","version":"1"},"event":{"state":true,"data":{"os":"Mac","created":1569924960266},"id":"Recent.Files[30_50]"}}
{"recorder_version":"11","session":"c54361c625ec","build":"191.7479.14","bucket":"98","time":1569924960265,"group":{"id":"ui.info.features","version":"1"},"event":{"state":true,"data":{"os":"Mac","created":1569924960267},"id":"Nav.Bar.visible"}}
{"recorder_version":"11","session":"c54361c625ec","build":"191.7479.14","bucket":"98","time":1569924960265,"group":{"id":"ui.info.features","version":"1"},"event":{"state":true,"data":{"os":"Mac","created":1569924960267},"id":"Allow.merging.buttons.enabled"}}
{"recorder_version":"11","session":"c54361c625ec","build":"191.7479.14","bucket":"98","time":1569924960265,"group":{"id":"ui.info.features","version":"1"},"event":{"state":true,"data":{"os":"Mac","created":1569924960267},"id":"Tabs.Top"}}
{"recorder_version":"11","session":"c54361c625ec","build":"191.7479.14","bucket":"98","time":1569924960265,"group":{"id":"ui.info.features","version":"1"},"event":{"state":true,"data":{"os":"Mac","created":1569924960267},"id":"Toolbar.and.NavBar"}}
{"recorder_version":"11","session":"c54361c625ec","build":"191.7479.14","bucket":"98","time":1569924960265,"group":{"id":"ui.info.features","version":"1"},"event":{"state":true,"data":{"os":"Mac","created":1569924960267},"id":"Line.Numbers"}}
{"recorder_version":"11","session":"c54361c625ec","build":"191.7479.14","bucket":"98","time":1569924960265,"group":{"id":"ui.info.features","version":"1"},"event":{"state":true,"data":{"created":1569924960267},"id":"invoked"}}
{"recorder_version":"11","session":"c54361c625ec","build":"191.7479.14","bucket":"98","time":1569924960266,"group":{"id":"ui.look.and.feel","version":"1"},"event":{"state":true,"data":{"os":"Mac","created":1569924960267},"id":"Light"}}
{"recorder_version":"11","session":"c54361c625ec","build":"191.7479.14","bucket":"98","time":1569924960266,"group":{"id":"ui.look.and.feel","version":"1"},"event":{"state":true,"data":{"created":1569924960268},"id":"invoked"}}
{"recorder_version":"11","session":"c54361c625ec","build":"191.7479.14","bucket":"98","time":1569924960267,"group":{"id":"js.live.edit.options","version":"1"},"event":{"state":true,"data":{"created":1569924960268},"id":"node.update.disabled"}}
{"recorder_version":"11","session":"c54361c625ec","build":"191.7479.14","bucket":"98","time":1569924960267,"group":{"id":"js.live.edit.options","version":"1"},"event":{"state":true,"data":{"created":1569924960268},"id":"chrome.update.disabled"}}
{"recorder_version":"11","session":"c54361c625ec","build":"191.7479.14","bucket":"98","time":1569924960267,"group":{"id":"js.live.edit.options","version":"1"},"event":{"state":true,"data":{"created":1569924960268},"id":"chrome.update.on.changes.enabled"}}
{"recorder_version":"11","session":"c54361c625ec","build":"191.7479.14","bucket":"98","time":1569924960267,"group":{"id":"js.live.edit.options","version":"1"},"event":{"state":true,"data":{"created":1569924960268},"id":"invoked"}}
{"recorder_version":"11","session":"c54361c625ec","build":"191.7479.14","bucket":"98","time":1569924960268,"group":{"id":"ui.fonts","version":"1"},"event":{"state":true,"data":{"os":"Mac","created":1569924960268},"id":"IDE.editor.font.name[Menlo]"}}
{"recorder_version":"11","session":"c54361c625ec","build":"191.7479.14","bucket":"98","time":1569924960268,"group":{"id":"ui.fonts","version":"1"},"event":{"state":true,"data":{"os":"Mac","created":1569924960268},"id":"Presentation.mode.font.size[24]"}}
{"recorder_version":"11","session":"c54361c625ec","build":"191.7479.14","bucket":"98","time":1569924960268,"group":{"id":"ui.fonts","version":"1"},"event":{"state":true,"data":{"os":"Mac","created":1569924960268},"id":"IDE.editor.font.size[12]"}}
{"recorder_version":"11","session":"c54361c625ec","build":"191.7479.14","bucket":"98","time":1569924960268,"group":{"id":"ui.fonts","version":"1"},"event":{"state":true,"data":{"os":"Mac","created":1569924960269},"id":"UI.font.name[Lucida_Grande]"}}
{"recorder_version":"11","session":"c54361c625ec","build":"191.7479.14","bucket":"98","time":1569924960268,"group":{"id":"ui.fonts","version":"1"},"event":{"state":true,"data":{"os":"Mac","created":1569924960269},"id":"UI.font.size[13]"}}
{"recorder_version":"11","session":"c54361c625ec","build":"191.7479.14","bucket":"98","time":1569924960268,"group":{"id":"ui.fonts","version":"1"},"event":{"state":true,"data":{"created":1569924960269},"id":"invoked"}}
{"recorder_version":"11","session":"c54361c625ec","build":"191.7479.14","bucket":"98","time":1569924960268,"group":{"id":"os.linux.wm","version":"1"},"event":{"state":true,"data":{"created":1569924960269},"id":"invoked"}}
{"recorder_version":"11","session":"c54361c625ec","build":"191.7479.14","bucket":"98","time":1569924960268,"group":{"id":"vcs.github","version":"1"},"event":{"state":true,"data":{"created":1569924960269},"id":"github.accounts.count.0"}}
{"recorder_version":"11","session":"c54361c625ec","build":"191.7479.14","bucket":"98","time":1569924960268,"group":{"id":"vcs.github","version":"1"},"event":{"state":true,"data":{"created":1569924960269},"id":"github.accounts.not.default.host.disabled"}}
{"recorder_version":"11","session":"c54361c625ec","build":"191.7479.14","bucket":"98","time":1569924960268,"group":{"id":"vcs.github","version":"1"},"event":{"state":true,"data":{"created":1569924960269},"id":"invoked"}}
{"recorder_version":"11","session":"c54361c625ec","build":"191.7479.14","bucket":"98","time":1569924961935,"group":{"id":"intentions","version":"11"},"event":{"count":1,"data":{"os":"Mac","plugin":"JavaScript","created":1569924961935,"plugin_type":"JB_BUNDLED","project":"01cbb86627df8c3d1e7da1beeebcfff96563e38de342f2ce60954aa5fb7d9bc2","lang":"Flow_JS"},"id":"com.intellij.lang.javascript.linter.JSLinterEditSettingsAction"}}
{"recorder_version":"11","session":"c54361c625ec","build":"191.7479.14","bucket":"98","time":1569924962497,"group":{"id":"ui.dialogs","version":"11"},"event":{"count":1,"data":{"created":1569924962499,"plugin_type":"PLATFORM","type":"show"},"id":"com.intellij.openapi.options.newEditor.SettingsDialog"}}
{"recorder_version":"11","session":"c54361c625ec","build":"191.7479.14","bucket":"98","time":1569924962873,"group":{"id":"performance","version":"11"},"event":{"count":1,"data":{"duration_ms":227,"created":1569924962873},"id":"ui.latency"}}
{"recorder_version":"11","session":"c54361c625ec","build":"191.7479.14","bucket":"98","time":1569924962873,"group":{"id":"performance","version":"11"},"event":{"count":1,"data":{"duration_ms":227,"created":1569924962874},"id":"ui.lagging"}}
{"recorder_version":"11","session":"c54361c625ec","build":"191.7479.14","bucket":"98","time":1569924965485,"group":{"id":"ui.dialogs","version":"11"},"event":{"count":1,"data":{"code":0,"created":1569924965485,"plugin_type":"PLATFORM","type":"close"},"id":"com.intellij.openapi.options.newEditor.SettingsDialog"}}
{"recorder_version":"11","session":"c54361c625ec","build":"191.7479.14","bucket":"98","time":1569924967309,"group":{"id":"actions","version":"11"},"event":{"count":1,"data":{"context_menu":false,"os":"Mac","created":1569924967309,"plugin_type":"PLATFORM","project":"01cbb86627df8c3d1e7da1beeebcfff96563e38de342f2ce60954aa5fb7d9bc2","place":"MainMenu","input_event":"Enter"},"id":"EditorEnter"}}
{"recorder_version":"11","session":"c54361c625ec","build":"191.7479.14","bucket":"98","time":1569924967309,"group":{"id":"file.types.usage","version":"11"},"event":{"count":1,"data":{"plugin":"JavaScript","created":1569924967313,"plugin_type":"JB_BUNDLED","project":"01cbb86627df8c3d1e7da1beeebcfff96563e38de342f2ce60954aa5fb7d9bc2","type":"edit"},"id":"JavaScript"}}
{"recorder_version":"11","session":"c54361c625ec","build":"191.7479.14","bucket":"98","time":1569924967476,"group":{"id":"actions","version":"11"},"event":{"count":2,"data":{"context_menu":false,"os":"Mac","last":1569924967688,"created":1569924967476,"plugin_type":"PLATFORM","project":"01cbb86627df8c3d1e7da1beeebcfff96563e38de342f2ce60954aa5fb7d9bc2","place":"MainMenu","input_event":"Enter"},"id":"EditorEnter"}}
{"recorder_version":"11","session":"c54361c625ec","build":"191.7479.14","bucket":"98","time":1569924967875,"group":{"id":"actions","version":"11"},"event":{"count":1,"data":{"context_menu":false,"os":"Mac","created":1569924967875,"plugin_type":"PLATFORM","project":"01cbb86627df8c3d1e7da1beeebcfff96563e38de342f2ce60954aa5fb7d9bc2","place":"MainMenu","input_event":"Up"},"id":"EditorUp"}}
{"recorder_version":"11","session":"c54361c625ec","build":"191.7479.14","bucket":"98","time":1569924970308,"group":{"id":"actions","version":"11"},"event":{"count":1,"data":{"context_menu":false,"os":"Mac","created":1569924970308,"plugin_type":"PLATFORM","project":"01cbb86627df8c3d1e7da1beeebcfff96563e38de342f2ce60954aa5fb7d9bc2","place":"MainMenu","input_event":"Ctrl+Space"},"id":"CodeCompletion"}}
{"recorder_version":"11","session":"c54361c625ec","build":"191.7479.14","bucket":"98","time":1569924970308,"group":{"id":"productivity","version":"11"},"event":{"count":1,"data":{"created":1569924970308},"id":"editing.completion.basic"}}
{"recorder_version":"11","session":"c54361c625ec","build":"191.7479.14","bucket":"98","time":1569924971707,"group":{"id":"actions","version":"11"},"event":{"count":1,"data":{"context_menu":false,"os":"Mac","created":1569924971707,"plugin_type":"PLATFORM","project":"01cbb86627df8c3d1e7da1beeebcfff96563e38de342f2ce60954aa5fb7d9bc2","place":"MainMenu","input_event":"Down"},"id":"EditorDown"}}
{"recorder_version":"11","session":"c54361c625ec","build":"191.7479.14","bucket":"98","time":1569924972083,"group":{"id":"actions","version":"11"},"event":{"count":2,"data":{"context_menu":false,"os":"Mac","last":1569924972251,"created":1569924972083,"plugin_type":"PLATFORM","project":"01cbb86627df8c3d1e7da1beeebcfff96563e38de342f2ce60954aa5fb7d9bc2","place":"MainMenu","input_event":"Shift+Up"},"id":"EditorUpWithSelection"}}
{"recorder_version":"11","session":"c54361c625ec","build":"191.7479.14","bucket":"98","time":1569924972659,"group":{"id":"actions","version":"11"},"event":{"count":2,"data":{"context_menu":false,"os":"Mac","last":1569924973166,"created":1569924972659,"plugin_type":"PLATFORM","project":"01cbb86627df8c3d1e7da1beeebcfff96563e38de342f2ce60954aa5fb7d9bc2","place":"MainMenu","input_event":"Backspace"},"id":"EditorBackSpace"}}
{"recorder_version":"11","session":"c54361c625ec","build":"191.7479.14","bucket":"98","time":1569924973765,"group":{"id":"ui.dialogs","version":"11"},"event":{"count":1,"data":{"created":1569924973765,"plugin_type":"PLATFORM","type":"show"},"id":"com.intellij.openapi.options.newEditor.SettingsDialog"}}
