{"recorder_version":"11","session":"2c3ab33d101b","build":"191.7479.14","bucket":"98","time":1569928904729,"group":{"id":"settings","version":"2"},"event":{"state":true,"data":{"created":1569928904730,"invoked":true},"id":"NotRoamableUiSettings"}}
{"recorder_version":"11","session":"2c3ab33d101b","build":"191.7479.14","bucket":"98","time":1569928904733,"group":{"id":"settings","version":"2"},"event":{"state":true,"data":{"created":1569928904744,"invoked":true},"id":"UISettings"}}
{"recorder_version":"11","session":"2c3ab33d101b","build":"191.7479.14","bucket":"98","time":1569928904738,"group":{"id":"system.os","version":"1"},"event":{"state":true,"data":{"created":1569928904773,"version":"10.14"},"id":"Mac"}}
{"recorder_version":"11","session":"2c3ab33d101b","build":"191.7479.14","bucket":"98","time":1569928904738,"group":{"id":"system.os","version":"1"},"event":{"state":true,"data":{"created":1569928904774},"id":"invoked"}}
{"recorder_version":"11","session":"2c3ab33d101b","build":"191.7479.14","bucket":"98","time":1569928904738,"group":{"id":"system.java","version":"1"},"event":{"state":true,"data":{"created":1569928904775,"version":"1.8"},"id":"Other"}}
{"recorder_version":"11","session":"2c3ab33d101b","build":"191.7479.14","bucket":"98","time":1569928904738,"group":{"id":"system.java","version":"1"},"event":{"state":true,"data":{"created":1569928904776},"id":"invoked"}}
{"recorder_version":"11","session":"2c3ab33d101b","build":"191.7479.14","bucket":"98","time":1569928905752,"group":{"id":"settings","version":"2"},"event":{"state":true,"data":{"default":false,"created":1569928905752,"name":"showTipsOnStartup","value":false},"id":"GeneralSettings"}}
{"recorder_version":"11","session":"2c3ab33d101b","build":"191.7479.14","bucket":"98","time":1569928905752,"group":{"id":"settings","version":"2"},"event":{"state":true,"data":{"created":1569928905753,"invoked":true},"id":"GeneralSettings"}}
{"recorder_version":"11","session":"2c3ab33d101b","build":"191.7479.14","bucket":"98","time":1569928907393,"group":{"id":"performance","version":"11"},"event":{"count":1,"data":{"duration_ms":1082,"created":1569928907393},"id":"ui.latency"}}
{"recorder_version":"11","session":"2c3ab33d101b","build":"191.7479.14","bucket":"98","time":1569928907393,"group":{"id":"performance","version":"11"},"event":{"count":1,"data":{"duration_ms":1082,"created":1569928907394},"id":"ui.lagging"}}
{"recorder_version":"11","session":"2c3ab33d101b","build":"191.7479.14","bucket":"98","time":1569928907724,"group":{"id":"ui.dialogs","version":"11"},"event":{"count":1,"data":{"created":1569928907724,"plugin_type":"PLATFORM","type":"show"},"id":"com.intellij.openapi.progress.util.ProgressDialog$MyDialogWrapper"}}
{"recorder_version":"11","session":"2c3ab33d101b","build":"191.7479.14","bucket":"98","time":1569928908889,"group":{"id":"ui.dialogs","version":"11"},"event":{"count":1,"data":{"code":1,"created":1569928908889,"plugin_type":"PLATFORM","type":"close"},"id":"com.intellij.openapi.progress.util.ProgressDialog$MyDialogWrapper"}}
{"recorder_version":"11","session":"2c3ab33d101b","build":"191.7479.14","bucket":"98","time":1569928908906,"group":{"id":"lifecycle","version":"11"},"event":{"count":1,"data":{"created":1569928908906,"project":"01cbb86627df8c3d1e7da1beeebcfff96563e38de342f2ce60954aa5fb7d9bc2"},"id":"project.opened"}}
{"recorder_version":"11","session":"2c3ab33d101b","build":"191.7479.14","bucket":"98","time":1569928910036,"group":{"id":"performance","version":"11"},"event":{"count":1,"data":{"duration_ms":722,"created":1569928910036},"id":"ui.lagging"}}
{"recorder_version":"11","session":"2c3ab33d101b","build":"191.7479.14","bucket":"98","time":1569928910140,"group":{"id":"ui.dialogs","version":"11"},"event":{"count":1,"data":{"created":1569928910140,"plugin_type":"PLATFORM","type":"show"},"id":"com.intellij.openapi.progress.util.ProgressDialog$MyDialogWrapper"}}
{"recorder_version":"11","session":"2c3ab33d101b","build":"191.7479.14","bucket":"98","time":1569928910420,"group":{"id":"performance","version":"11"},"event":{"count":1,"data":{"duration_ms":101,"created":1569928910421},"id":"ui.lagging"}}
{"recorder_version":"11","session":"2c3ab33d101b","build":"191.7479.14","bucket":"98","time":1569928911677,"group":{"id":"toolwindow","version":"11"},"event":{"count":1,"data":{"os":"Mac","created":1569928911677,"plugin_type":"PLATFORM"},"id":"Project"}}
{"recorder_version":"11","session":"2c3ab33d101b","build":"191.7479.14","bucket":"98","time":1569928912017,"group":{"id":"lifecycle","version":"11"},"event":{"count":1,"data":{"internal":true,"eap":false,"created":1569928912017},"id":"ide.start"}}
{"recorder_version":"11","session":"2c3ab33d101b","build":"191.7479.14","bucket":"98","time":1569928912618,"group":{"id":"performance","version":"11"},"event":{"count":1,"data":{"duration_ms":298,"created":1569928912618},"id":"ui.lagging"}}
{"recorder_version":"11","session":"2c3ab33d101b","build":"191.7479.14","bucket":"98","time":1569928912782,"group":{"id":"project.fs","version":"1"},"event":{"state":true,"data":{"os":"Mac","cs-project":false,"created":1569928912782,"project":"01cbb86627df8c3d1e7da1beeebcfff96563e38de342f2ce60954aa5fb7d9bc2","cs-implicit":true,"cs-system":false},"id":"case-sensitivity"}}
{"recorder_version":"11","session":"2c3ab33d101b","build":"191.7479.14","bucket":"98","time":1569928912782,"group":{"id":"project.fs","version":"1"},"event":{"state":true,"data":{"created":1569928912782},"id":"invoked"}}
{"recorder_version":"11","session":"2c3ab33d101b","build":"191.7479.14","bucket":"98","time":1569928912783,"group":{"id":"project.fs","version":"1"},"event":{"state":true,"data":{"pct-non-watched":0,"created":1569928912783,"project":"01cbb86627df8c3d1e7da1beeebcfff96563e38de342f2ce60954aa5fb7d9bc2"},"id":"roots-watched"}}
{"recorder_version":"11","session":"2c3ab33d101b","build":"191.7479.14","bucket":"98","time":1569928912783,"group":{"id":"project.fs","version":"1"},"event":{"state":true,"data":{"created":1569928912783},"id":"invoked"}}
{"recorder_version":"11","session":"2c3ab33d101b","build":"191.7479.14","bucket":"98","time":1569928912941,"group":{"id":"ui.dialogs","version":"11"},"event":{"count":1,"data":{"code":1,"created":1569928912941,"plugin_type":"PLATFORM","type":"close"},"id":"com.intellij.openapi.progress.util.ProgressDialog$MyDialogWrapper"}}
{"recorder_version":"11","session":"2c3ab33d101b","build":"191.7479.14","bucket":"98","time":1569928913119,"group":{"id":"lifecycle","version":"11"},"event":{"count":1,"data":{"created":1569928913119,"time_ms":5897,"project":"01cbb86627df8c3d1e7da1beeebcfff96563e38de342f2ce60954aa5fb7d9bc2"},"id":"project.opening.finished"}}
{"recorder_version":"11","session":"2c3ab33d101b","build":"191.7479.14","bucket":"98","time":1569928913533,"group":{"id":"performance","version":"11"},"event":{"count":1,"data":{"duration_ms":207,"created":1569928913533},"id":"ui.lagging"}}
{"recorder_version":"11","session":"2c3ab33d101b","build":"191.7479.14","bucket":"98","time":1569928928427,"group":{"id":"file.types.usage","version":"11"},"event":{"count":1,"data":{"plugin":"JavaScript","created":1569928928427,"plugin_type":"JB_BUNDLED","project":"01cbb86627df8c3d1e7da1beeebcfff96563e38de342f2ce60954aa5fb7d9bc2","type":"edit"},"id":"JavaScript"}}
{"recorder_version":"11","session":"2c3ab33d101b","build":"191.7479.14","bucket":"98","time":1569928929411,"group":{"id":"actions","version":"11"},"event":{"count":1,"data":{"context_menu":false,"os":"Mac","created":1569928929411,"plugin_type":"PLATFORM","project":"01cbb86627df8c3d1e7da1beeebcfff96563e38de342f2ce60954aa5fb7d9bc2","place":"MainMenu","input_event":"Ctrl+Space"},"id":"CodeCompletion"}}
{"recorder_version":"11","session":"2c3ab33d101b","build":"191.7479.14","bucket":"98","time":1569928929413,"group":{"id":"productivity","version":"11"},"event":{"count":1,"data":{"created":1569928929413},"id":"editing.completion.basic"}}
{"recorder_version":"11","session":"2c3ab33d101b","build":"191.7479.14","bucket":"98","time":1569928931565,"group":{"id":"performance","version":"11"},"event":{"count":1,"data":{"duration_ms":1196,"created":1569928931565},"id":"ui.lagging"}}
{"recorder_version":"11","session":"2c3ab33d101b","build":"191.7479.14","bucket":"98","time":1569928931565,"group":{"id":"performance","version":"11"},"event":{"count":1,"data":{"duration_ms":195,"created":1569928931566},"id":"ui.lagging"}}
{"recorder_version":"11","session":"2c3ab33d101b","build":"191.7479.14","bucket":"98","time":1569928932386,"group":{"id":"actions","version":"11"},"event":{"count":1,"data":{"context_menu":false,"os":"Mac","created":1569928932386,"plugin_type":"PLATFORM","project":"01cbb86627df8c3d1e7da1beeebcfff96563e38de342f2ce60954aa5fb7d9bc2","place":"MainMenu","input_event":"Enter"},"id":"EditorChooseLookupItem"}}
{"recorder_version":"11","session":"2c3ab33d101b","build":"191.7479.14","bucket":"98","time":1569928932434,"group":{"id":"live.templates","version":"11"},"event":{"count":1,"data":{"created":1569928932434,"plugin_type":"NOT_LISTED","lang":"Flow_JS","group":"custom.plugin.group"},"id":"custom.plugin.template"}}
{"recorder_version":"11","session":"2c3ab33d101b","build":"191.7479.14","bucket":"98","time":1569928935974,"group":{"id":"actions","version":"11"},"event":{"count":1,"data":{"context_menu":false,"os":"Mac","created":1569928935974,"plugin_type":"PLATFORM","project":"01cbb86627df8c3d1e7da1beeebcfff96563e38de342f2ce60954aa5fb7d9bc2","place":"MainMenu","input_event":"Enter"},"id":"NextTemplateVariable"}}
{"recorder_version":"11","session":"2c3ab33d101b","build":"191.7479.14","bucket":"98","time":1569928937490,"group":{"id":"actions","version":"11"},"event":{"count":2,"data":{"context_menu":false,"os":"Mac","last":1569928937945,"created":1569928937490,"plugin_type":"PLATFORM","project":"01cbb86627df8c3d1e7da1beeebcfff96563e38de342f2ce60954aa5fb7d9bc2","place":"MainMenu","input_event":"Down"},"id":"EditorDown"}}
{"recorder_version":"11","session":"2c3ab33d101b","build":"191.7479.14","bucket":"98","time":1569928939010,"group":{"id":"actions","version":"11"},"event":{"count":1,"data":{"context_menu":false,"os":"Mac","created":1569928939010,"plugin_type":"PLATFORM","project":"01cbb86627df8c3d1e7da1beeebcfff96563e38de342f2ce60954aa5fb7d9bc2","place":"MainMenu","input_event":"Up"},"id":"EditorUp"}}
{"recorder_version":"11","session":"2c3ab33d101b","build":"191.7479.14","bucket":"98","time":1569928939417,"group":{"id":"actions","version":"11"},"event":{"count":1,"data":{"context_menu":false,"os":"Mac","created":1569928939417,"plugin_type":"PLATFORM","project":"01cbb86627df8c3d1e7da1beeebcfff96563e38de342f2ce60954aa5fb7d9bc2","place":"MainMenu","input_event":"Down"},"id":"EditorDown"}}
{"recorder_version":"11","session":"2c3ab33d101b","build":"191.7479.14","bucket":"98","time":1569928939876,"group":{"id":"actions","version":"11"},"event":{"count":5,"data":{"context_menu":false,"os":"Mac","last":1569928940627,"created":1569928939876,"plugin_type":"PLATFORM","project":"01cbb86627df8c3d1e7da1beeebcfff96563e38de342f2ce60954aa5fb7d9bc2","place":"MainMenu","input_event":"Backspace"},"id":"EditorBackSpace"}}
{"recorder_version":"11","session":"2c3ab33d101b","build":"191.7479.14","bucket":"98","time":1569929007566,"group":{"id":"performance","version":"11"},"event":{"count":1,"data":{"duration_ms":0,"created":1569929007566},"id":"ui.latency"}}
{"recorder_version":"11","session":"2c3ab33d101b","build":"191.7479.14","bucket":"98","time":1569929107843,"group":{"id":"performance","version":"11"},"event":{"count":1,"data":{"duration_ms":0,"created":1569929107843},"id":"ui.latency"}}
{"recorder_version":"11","session":"2c3ab33d101b","build":"191.7479.14","bucket":"98","time":1569929115078,"group":{"id":"actions","version":"11"},"event":{"count":1,"data":{"context_menu":false,"os":"Mac","created":1569929115078,"plugin_type":"PLATFORM","project":"01cbb86627df8c3d1e7da1beeebcfff96563e38de342f2ce60954aa5fb7d9bc2","place":"MainMenu","input_event":"Meta+A"},"id":"$SelectAll"}}
{"recorder_version":"11","session":"2c3ab33d101b","build":"191.7479.14","bucket":"98","time":1569929115615,"group":{"id":"actions","version":"11"},"event":{"count":1,"data":{"context_menu":false,"os":"Mac","created":1569929115615,"plugin_type":"PLATFORM","project":"01cbb86627df8c3d1e7da1beeebcfff96563e38de342f2ce60954aa5fb7d9bc2","place":"MainMenu","input_event":"Backspace"},"id":"EditorBackSpace"}}
{"recorder_version":"11","session":"2c3ab33d101b","build":"191.7479.14","bucket":"98","time":1569929116226,"group":{"id":"file.types.usage","version":"11"},"event":{"count":1,"data":{"plugin":"JavaScript","created":1569929116226,"plugin_type":"JB_BUNDLED","project":"01cbb86627df8c3d1e7da1beeebcfff96563e38de342f2ce60954aa5fb7d9bc2","type":"edit"},"id":"JavaScript"}}
{"recorder_version":"11","session":"2c3ab33d101b","build":"191.7479.14","bucket":"98","time":1569929117471,"group":{"id":"actions","version":"11"},"event":{"count":1,"data":{"context_menu":false,"os":"Mac","created":1569929117471,"plugin_type":"PLATFORM","project":"01cbb86627df8c3d1e7da1beeebcfff96563e38de342f2ce60954aa5fb7d9bc2","place":"MainMenu","input_event":"Ctrl+Space"},"id":"CodeCompletion"}}
{"recorder_version":"11","session":"2c3ab33d101b","build":"191.7479.14","bucket":"98","time":1569929117471,"group":{"id":"productivity","version":"11"},"event":{"count":1,"data":{"created":1569929117471},"id":"editing.completion.basic"}}
{"recorder_version":"11","session":"2c3ab33d101b","build":"191.7479.14","bucket":"98","time":1569929118205,"group":{"id":"performance","version":"11"},"event":{"count":1,"data":{"duration_ms":311,"created":1569929118205},"id":"ui.lagging"}}
{"recorder_version":"11","session":"2c3ab33d101b","build":"191.7479.14","bucket":"98","time":1569929121359,"group":{"id":"actions","version":"11"},"event":{"count":1,"data":{"context_menu":false,"os":"Mac","created":1569929121359,"plugin_type":"PLATFORM","project":"01cbb86627df8c3d1e7da1beeebcfff96563e38de342f2ce60954aa5fb7d9bc2","place":"MainMenu","input_event":"Ctrl+Space"},"id":"CodeCompletion"}}
{"recorder_version":"11","session":"2c3ab33d101b","build":"191.7479.14","bucket":"98","time":1569929121359,"group":{"id":"productivity","version":"11"},"event":{"count":1,"data":{"created":1569929121359},"id":"editing.completion.basic"}}
{"recorder_version":"11","session":"2c3ab33d101b","build":"191.7479.14","bucket":"98","time":1569929121797,"group":{"id":"actions","version":"11"},"event":{"count":1,"data":{"context_menu":false,"os":"Mac","created":1569929121797,"plugin_type":"PLATFORM","project":"01cbb86627df8c3d1e7da1beeebcfff96563e38de342f2ce60954aa5fb7d9bc2","place":"MainMenu","input_event":"Up"},"id":"EditorUp"}}
{"recorder_version":"11","session":"2c3ab33d101b","build":"191.7479.14","bucket":"98","time":1569929124070,"group":{"id":"actions","version":"11"},"event":{"count":31,"data":{"context_menu":false,"os":"Mac","last":1569929126996,"created":1569929124070,"plugin_type":"PLATFORM","project":"01cbb86627df8c3d1e7da1beeebcfff96563e38de342f2ce60954aa5fb7d9bc2","place":"MainMenu","input_event":"Down"},"id":"EditorDown"}}
{"recorder_version":"11","session":"2c3ab33d101b","build":"191.7479.14","bucket":"98","time":1569929127350,"group":{"id":"actions","version":"11"},"event":{"count":1,"data":{"context_menu":false,"os":"Mac","created":1569929127350,"plugin_type":"PLATFORM","project":"01cbb86627df8c3d1e7da1beeebcfff96563e38de342f2ce60954aa5fb7d9bc2","place":"MainMenu","input_event":"Meta+A"},"id":"$SelectAll"}}
{"recorder_version":"11","session":"2c3ab33d101b","build":"191.7479.14","bucket":"98","time":1569929127756,"group":{"id":"actions","version":"11"},"event":{"count":1,"data":{"context_menu":false,"os":"Mac","created":1569929127756,"plugin_type":"PLATFORM","project":"01cbb86627df8c3d1e7da1beeebcfff96563e38de342f2ce60954aa5fb7d9bc2","place":"MainMenu","input_event":"Backspace"},"id":"EditorBackSpace"}}
{"recorder_version":"11","session":"2c3ab33d101b","build":"191.7479.14","bucket":"98","time":1569929147983,"group":{"id":"actions","version":"11"},"event":{"count":1,"data":{"context_menu":false,"os":"Mac","created":1569929147983,"plugin_type":"PLATFORM","project":"01cbb86627df8c3d1e7da1beeebcfff96563e38de342f2ce60954aa5fb7d9bc2","place":"MainMenu","input_event":"Ctrl+Space"},"id":"CodeCompletion"}}
{"recorder_version":"11","session":"2c3ab33d101b","build":"191.7479.14","bucket":"98","time":1569929147983,"group":{"id":"productivity","version":"11"},"event":{"count":1,"data":{"created":1569929147988},"id":"editing.completion.basic"}}
{"recorder_version":"11","session":"2c3ab33d101b","build":"191.7479.14","bucket":"98","time":1569929149527,"group":{"id":"actions","version":"11"},"event":{"count":1,"data":{"context_menu":false,"os":"Mac","created":1569929149527,"plugin_type":"PLATFORM","project":"01cbb86627df8c3d1e7da1beeebcfff96563e38de342f2ce60954aa5fb7d9bc2","place":"MainMenu","input_event":"Meta+A"},"id":"$SelectAll"}}
{"recorder_version":"11","session":"2c3ab33d101b","build":"191.7479.14","bucket":"98","time":1569929149649,"group":{"id":"actions","version":"11"},"event":{"count":2,"data":{"context_menu":false,"os":"Mac","last":1569929152319,"created":1569929149649,"plugin_type":"PLATFORM","project":"01cbb86627df8c3d1e7da1beeebcfff96563e38de342f2ce60954aa5fb7d9bc2","place":"MainMenu","input_event":"Backspace"},"id":"EditorBackSpace"}}
{"recorder_version":"11","session":"2c3ab33d101b","build":"191.7479.14","bucket":"98","time":1569929154097,"group":{"id":"actions","version":"11"},"event":{"count":1,"data":{"context_menu":false,"os":"Mac","created":1569929154097,"plugin_type":"PLATFORM","project":"01cbb86627df8c3d1e7da1beeebcfff96563e38de342f2ce60954aa5fb7d9bc2","place":"MainMenu","input_event":"Ctrl+Space"},"id":"CodeCompletion"}}
{"recorder_version":"11","session":"2c3ab33d101b","build":"191.7479.14","bucket":"98","time":1569929154097,"group":{"id":"productivity","version":"11"},"event":{"count":1,"data":{"created":1569929154097},"id":"editing.completion.basic"}}
{"recorder_version":"11","session":"2c3ab33d101b","build":"191.7479.14","bucket":"98","time":1569929160527,"group":{"id":"actions","version":"11"},"event":{"count":1,"data":{"context_menu":false,"os":"Mac","created":1569929160527,"plugin_type":"PLATFORM","project":"01cbb86627df8c3d1e7da1beeebcfff96563e38de342f2ce60954aa5fb7d9bc2","place":"MainMenu","input_event":"Meta+A"},"id":"$SelectAll"}}
{"recorder_version":"11","session":"2c3ab33d101b","build":"191.7479.14","bucket":"98","time":1569929160792,"group":{"id":"actions","version":"11"},"event":{"count":1,"data":{"context_menu":false,"os":"Mac","created":1569929160792,"plugin_type":"PLATFORM","project":"01cbb86627df8c3d1e7da1beeebcfff96563e38de342f2ce60954aa5fb7d9bc2","place":"MainMenu","input_event":"Backspace"},"id":"EditorBackSpace"}}
{"recorder_version":"11","session":"2c3ab33d101b","build":"191.7479.14","bucket":"98","time":1569929163224,"group":{"id":"actions","version":"11"},"event":{"count":1,"data":{"context_menu":false,"os":"Mac","created":1569929163224,"plugin_type":"PLATFORM","project":"01cbb86627df8c3d1e7da1beeebcfff96563e38de342f2ce60954aa5fb7d9bc2","place":"MainMenu","input_event":"Ctrl+Space"},"id":"CodeCompletion"}}
{"recorder_version":"11","session":"2c3ab33d101b","build":"191.7479.14","bucket":"98","time":1569929163224,"group":{"id":"productivity","version":"11"},"event":{"count":1,"data":{"created":1569929163225},"id":"editing.completion.basic"}}
{"recorder_version":"11","session":"2c3ab33d101b","build":"191.7479.14","bucket":"98","time":1569929164680,"group":{"id":"actions","version":"11"},"event":{"count":1,"data":{"context_menu":false,"os":"Mac","created":1569929164681,"plugin_type":"PLATFORM","project":"01cbb86627df8c3d1e7da1beeebcfff96563e38de342f2ce60954aa5fb7d9bc2","place":"MainMenu","input_event":"Up"},"id":"EditorUp"}}
{"recorder_version":"11","session":"2c3ab33d101b","build":"191.7479.14","bucket":"98","time":1569929167192,"group":{"id":"actions","version":"11"},"event":{"count":1,"data":{"context_menu":false,"os":"Mac","created":1569929167192,"plugin_type":"PLATFORM","project":"01cbb86627df8c3d1e7da1beeebcfff96563e38de342f2ce60954aa5fb7d9bc2","place":"MainMenu","input_event":"Down"},"id":"EditorDown"}}
{"recorder_version":"11","session":"2c3ab33d101b","build":"191.7479.14","bucket":"98","time":1569929167936,"group":{"id":"actions","version":"11"},"event":{"count":2,"data":{"context_menu":false,"os":"Mac","last":1569929168153,"created":1569929167936,"plugin_type":"PLATFORM","project":"01cbb86627df8c3d1e7da1beeebcfff96563e38de342f2ce60954aa5fb7d9bc2","place":"MainMenu","input_event":"Backspace"},"id":"EditorBackSpace"}}
{"recorder_version":"11","session":"2c3ab33d101b","build":"191.7479.14","bucket":"98","time":1569929207403,"group":{"id":"file.types.usage","version":"11"},"event":{"count":1,"data":{"created":1569929207403},"id":"registered"}}
{"recorder_version":"11","session":"2c3ab33d101b","build":"191.7479.14","bucket":"98","time":1569929207403,"group":{"id":"actions.runAnything","version":"1"},"event":{"count":1,"data":{"created":1569929207409},"id":"registered"}}
{"recorder_version":"11","session":"2c3ab33d101b","build":"191.7479.14","bucket":"98","time":1569929207403,"group":{"id":"toolwindow","version":"11"},"event":{"count":1,"data":{"created":1569929207410},"id":"registered"}}
{"recorder_version":"11","session":"2c3ab33d101b","build":"191.7479.14","bucket":"98","time":1569929207403,"group":{"id":"live.templates","version":"11"},"event":{"count":1,"data":{"created":1569929207410},"id":"registered"}}
{"recorder_version":"11","session":"2c3ab33d101b","build":"191.7479.14","bucket":"98","time":1569929207403,"group":{"id":"ide.self.update","version":"1"},"event":{"count":1,"data":{"created":1569929207410},"id":"registered"}}
{"recorder_version":"11","session":"2c3ab33d101b","build":"191.7479.14","bucket":"98","time":1569929207403,"group":{"id":"lifecycle","version":"11"},"event":{"count":1,"data":{"created":1569929207410},"id":"registered"}}
{"recorder_version":"11","session":"2c3ab33d101b","build":"191.7479.14","bucket":"98","time":1569929207403,"group":{"id":"vcs.diff.trigger","version":"1"},"event":{"count":1,"data":{"created":1569929207410},"id":"registered"}}
{"recorder_version":"11","session":"2c3ab33d101b","build":"191.7479.14","bucket":"98","time":1569929207403,"group":{"id":"vcs.log.trigger","version":"1"},"event":{"count":1,"data":{"created":1569929207410},"id":"registered"}}
{"recorder_version":"11","session":"2c3ab33d101b","build":"191.7479.14","bucket":"98","time":1569929207403,"group":{"id":"productivity","version":"11"},"event":{"count":1,"data":{"created":1569929207411},"id":"registered"}}
{"recorder_version":"11","session":"2c3ab33d101b","build":"191.7479.14","bucket":"98","time":1569929207403,"group":{"id":"debugger.breakpoints.usage","version":"1"},"event":{"count":1,"data":{"created":1569929207411},"id":"registered"}}
{"recorder_version":"11","session":"2c3ab33d101b","build":"191.7479.14","bucket":"98","time":1569929207403,"group":{"id":"js.language.service.starts","version":"1"},"event":{"count":1,"data":{"created":1569929207411},"id":"registered"}}
{"recorder_version":"11","session":"2c3ab33d101b","build":"191.7479.14","bucket":"98","time":1569929207403,"group":{"id":"nodejs.run.configuration","version":"2"},"event":{"count":1,"data":{"created":1569929207411},"id":"registered"}}
{"recorder_version":"11","session":"2c3ab33d101b","build":"191.7479.14","bucket":"98","time":1569929207403,"group":{"id":"deployment.serverSettingsUI","version":"2"},"event":{"count":1,"data":{"created":1569929207411},"id":"registered"}}
{"recorder_version":"11","session":"2c3ab33d101b","build":"191.7479.14","bucket":"98","time":1569929207403,"group":{"id":"intentions","version":"11"},"event":{"count":1,"data":{"created":1569929207412},"id":"registered"}}
{"recorder_version":"11","session":"2c3ab33d101b","build":"191.7479.14","bucket":"98","time":1569929207403,"group":{"id":"ui.dialogs","version":"11"},"event":{"count":1,"data":{"created":1569929207412},"id":"registered"}}
{"recorder_version":"11","session":"2c3ab33d101b","build":"191.7479.14","bucket":"98","time":1569929207403,"group":{"id":"vcs.back.forward.trigger","version":"1"},"event":{"count":1,"data":{"created":1569929207412},"id":"registered"}}
{"recorder_version":"11","session":"2c3ab33d101b","build":"191.7479.14","bucket":"98","time":1569929207403,"group":{"id":"toolbar","version":"11"},"event":{"count":1,"data":{"created":1569929207412},"id":"registered"}}
{"recorder_version":"11","session":"2c3ab33d101b","build":"191.7479.14","bucket":"98","time":1569929207403,"group":{"id":"performance","version":"11"},"event":{"count":1,"data":{"created":1569929207412},"id":"registered"}}
{"recorder_version":"11","session":"2c3ab33d101b","build":"191.7479.14","bucket":"98","time":1569929207403,"group":{"id":"diagram.usages.trigger","version":"1"},"event":{"count":1,"data":{"created":1569929207412},"id":"registered"}}
{"recorder_version":"11","session":"2c3ab33d101b","build":"191.7479.14","bucket":"98","time":1569929207403,"group":{"id":"searchEverywhere","version":"1"},"event":{"count":1,"data":{"created":1569929207413},"id":"registered"}}
{"recorder_version":"11","session":"2c3ab33d101b","build":"191.7479.14","bucket":"98","time":1569929207403,"group":{"id":"ui.tips","version":"1"},"event":{"count":1,"data":{"created":1569929207413},"id":"registered"}}
{"recorder_version":"11","session":"2c3ab33d101b","build":"191.7479.14","bucket":"98","time":1569929207403,"group":{"id":"import.old.config","version":"1"},"event":{"count":1,"data":{"created":1569929207413},"id":"registered"}}
{"recorder_version":"11","session":"2c3ab33d101b","build":"191.7479.14","bucket":"98","time":1569929207403,"group":{"id":"json.schema","version":"1"},"event":{"count":1,"data":{"created":1569929207413},"id":"registered"}}
{"recorder_version":"11","session":"2c3ab33d101b","build":"191.7479.14","bucket":"98","time":1569929207403,"group":{"id":"terminalShell","version":"1"},"event":{"count":1,"data":{"created":1569929207413},"id":"registered"}}
{"recorder_version":"11","session":"2c3ab33d101b","build":"191.7479.14","bucket":"98","time":1569929207403,"group":{"id":"completion.postfix","version":"11"},"event":{"count":1,"data":{"created":1569929207413},"id":"registered"}}
{"recorder_version":"11","session":"2c3ab33d101b","build":"191.7479.14","bucket":"98","time":1569929207403,"group":{"id":"actions","version":"11"},"event":{"count":1,"data":{"created":1569929207414},"id":"registered"}}
{"recorder_version":"11","session":"2c3ab33d101b","build":"191.7479.14","bucket":"98","time":1569929207403,"group":{"id":"run.configuration.exec","version":"11"},"event":{"count":1,"data":{"created":1569929207414},"id":"registered"}}
{"recorder_version":"11","session":"2c3ab33d101b","build":"191.7479.14","bucket":"98","time":1569929208133,"group":{"id":"performance","version":"11"},"event":{"count":1,"data":{"duration_ms":0,"created":1569929208133},"id":"ui.latency"}}
{"recorder_version":"11","session":"2c3ab33d101b","build":"191.7479.14","bucket":"98","time":1569929308410,"group":{"id":"performance","version":"11"},"event":{"count":1,"data":{"duration_ms":0,"created":1569929308410},"id":"ui.latency"}}
{"recorder_version":"11","session":"2c3ab33d101b","build":"191.7479.14","bucket":"98","time":1569929408653,"group":{"id":"performance","version":"11"},"event":{"count":1,"data":{"duration_ms":0,"created":1569929408653},"id":"ui.latency"}}
{"recorder_version":"11","session":"2c3ab33d101b","build":"191.7479.14","bucket":"98","time":1569929508899,"group":{"id":"performance","version":"11"},"event":{"count":1,"data":{"duration_ms":0,"created":1569929508899},"id":"ui.latency"}}
{"recorder_version":"11","session":"2c3ab33d101b","build":"191.7479.14","bucket":"98","time":1569929609139,"group":{"id":"performance","version":"11"},"event":{"count":1,"data":{"duration_ms":0,"created":1569929609139},"id":"ui.latency"}}
{"recorder_version":"11","session":"2c3ab33d101b","build":"191.7479.14","bucket":"98","time":1569929709399,"group":{"id":"performance","version":"11"},"event":{"count":1,"data":{"duration_ms":0,"created":1569929709399},"id":"ui.latency"}}
{"recorder_version":"11","session":"2c3ab33d101b","build":"191.7479.14","bucket":"98","time":1569929809657,"group":{"id":"performance","version":"11"},"event":{"count":1,"data":{"duration_ms":0,"created":1569929809657},"id":"ui.latency"}}
