{"recorder_version":"11","session":"0a687ee43ae3","build":"191.7479.14","bucket":"98","time":1569928533344,"group":{"id":"settings","version":"2"},"event":{"state":true,"data":{"created":1569928533345,"invoked":true},"id":"NotRoamableUiSettings"}}
{"recorder_version":"11","session":"0a687ee43ae3","build":"191.7479.14","bucket":"98","time":1569928533348,"group":{"id":"system.os","version":"1"},"event":{"state":true,"data":{"created":1569928533355,"version":"10.14"},"id":"Mac"}}
{"recorder_version":"11","session":"0a687ee43ae3","build":"191.7479.14","bucket":"98","time":1569928533348,"group":{"id":"system.os","version":"1"},"event":{"state":true,"data":{"created":1569928533367},"id":"invoked"}}
{"recorder_version":"11","session":"0a687ee43ae3","build":"191.7479.14","bucket":"98","time":1569928533348,"group":{"id":"system.java","version":"1"},"event":{"state":true,"data":{"created":1569928533368,"version":"1.8"},"id":"Other"}}
{"recorder_version":"11","session":"0a687ee43ae3","build":"191.7479.14","bucket":"98","time":1569928533348,"group":{"id":"system.java","version":"1"},"event":{"state":true,"data":{"created":1569928533369},"id":"invoked"}}
{"recorder_version":"11","session":"0a687ee43ae3","build":"191.7479.14","bucket":"98","time":1569928533354,"group":{"id":"settings","version":"2"},"event":{"state":true,"data":{"created":1569928533370,"invoked":true},"id":"UISettings"}}
{"recorder_version":"11","session":"0a687ee43ae3","build":"191.7479.14","bucket":"98","time":1569928534340,"group":{"id":"settings","version":"2"},"event":{"state":true,"data":{"default":false,"created":1569928534340,"name":"showTipsOnStartup","value":false},"id":"GeneralSettings"}}
{"recorder_version":"11","session":"0a687ee43ae3","build":"191.7479.14","bucket":"98","time":1569928534340,"group":{"id":"settings","version":"2"},"event":{"state":true,"data":{"created":1569928534341,"invoked":true},"id":"GeneralSettings"}}
{"recorder_version":"11","session":"0a687ee43ae3","build":"191.7479.14","bucket":"98","time":1569928535859,"group":{"id":"performance","version":"11"},"event":{"count":1,"data":{"duration_ms":921,"created":1569928535859},"id":"ui.latency"}}
{"recorder_version":"11","session":"0a687ee43ae3","build":"191.7479.14","bucket":"98","time":1569928535859,"group":{"id":"performance","version":"11"},"event":{"count":1,"data":{"duration_ms":921,"created":1569928535860},"id":"ui.lagging"}}
{"recorder_version":"11","session":"0a687ee43ae3","build":"191.7479.14","bucket":"98","time":1569928535868,"group":{"id":"lifecycle","version":"11"},"event":{"count":1,"data":{"plugin":"unknown","created":1569928535868,"oom":false,"mapping_failed":false},"id":"ide.error"}}
{"recorder_version":"11","session":"0a687ee43ae3","build":"191.7479.14","bucket":"98","time":1569928536215,"group":{"id":"ui.dialogs","version":"11"},"event":{"count":1,"data":{"created":1569928536215,"plugin_type":"PLATFORM","type":"show"},"id":"com.intellij.openapi.progress.util.ProgressDialog$MyDialogWrapper"}}
{"recorder_version":"11","session":"0a687ee43ae3","build":"191.7479.14","bucket":"98","time":1569928537620,"group":{"id":"ui.dialogs","version":"11"},"event":{"count":1,"data":{"code":1,"created":1569928537621,"plugin_type":"PLATFORM","type":"close"},"id":"com.intellij.openapi.progress.util.ProgressDialog$MyDialogWrapper"}}
{"recorder_version":"11","session":"0a687ee43ae3","build":"191.7479.14","bucket":"98","time":1569928537640,"group":{"id":"lifecycle","version":"11"},"event":{"count":1,"data":{"created":1569928537640,"project":"01cbb86627df8c3d1e7da1beeebcfff96563e38de342f2ce60954aa5fb7d9bc2"},"id":"project.opened"}}
{"recorder_version":"11","session":"0a687ee43ae3","build":"191.7479.14","bucket":"98","time":1569928538550,"group":{"id":"performance","version":"11"},"event":{"count":1,"data":{"duration_ms":606,"created":1569928538550},"id":"ui.lagging"}}
{"recorder_version":"11","session":"0a687ee43ae3","build":"191.7479.14","bucket":"98","time":1569928538587,"group":{"id":"ui.dialogs","version":"11"},"event":{"count":1,"data":{"created":1569928538587,"plugin_type":"PLATFORM","type":"show"},"id":"com.intellij.openapi.progress.util.ProgressDialog$MyDialogWrapper"}}
{"recorder_version":"11","session":"0a687ee43ae3","build":"191.7479.14","bucket":"98","time":1569928540062,"group":{"id":"toolwindow","version":"11"},"event":{"count":1,"data":{"os":"Mac","created":1569928540062,"plugin_type":"PLATFORM"},"id":"Project"}}
{"recorder_version":"11","session":"0a687ee43ae3","build":"191.7479.14","bucket":"98","time":1569928540378,"group":{"id":"lifecycle","version":"11"},"event":{"count":1,"data":{"internal":true,"eap":false,"created":1569928540378},"id":"ide.start"}}
{"recorder_version":"11","session":"0a687ee43ae3","build":"191.7479.14","bucket":"98","time":1569928541152,"group":{"id":"project.fs","version":"1"},"event":{"state":true,"data":{"os":"Mac","cs-project":false,"created":1569928541152,"project":"01cbb86627df8c3d1e7da1beeebcfff96563e38de342f2ce60954aa5fb7d9bc2","cs-implicit":true,"cs-system":false},"id":"case-sensitivity"}}
{"recorder_version":"11","session":"0a687ee43ae3","build":"191.7479.14","bucket":"98","time":1569928541152,"group":{"id":"project.fs","version":"1"},"event":{"state":true,"data":{"created":1569928541152},"id":"invoked"}}
{"recorder_version":"11","session":"0a687ee43ae3","build":"191.7479.14","bucket":"98","time":1569928541153,"group":{"id":"project.fs","version":"1"},"event":{"state":true,"data":{"pct-non-watched":0,"created":1569928541153,"project":"01cbb86627df8c3d1e7da1beeebcfff96563e38de342f2ce60954aa5fb7d9bc2"},"id":"roots-watched"}}
{"recorder_version":"11","session":"0a687ee43ae3","build":"191.7479.14","bucket":"98","time":1569928541153,"group":{"id":"project.fs","version":"1"},"event":{"state":true,"data":{"created":1569928541154},"id":"invoked"}}
{"recorder_version":"11","session":"0a687ee43ae3","build":"191.7479.14","bucket":"98","time":1569928541312,"group":{"id":"ui.dialogs","version":"11"},"event":{"count":1,"data":{"code":1,"created":1569928541312,"plugin_type":"PLATFORM","type":"close"},"id":"com.intellij.openapi.progress.util.ProgressDialog$MyDialogWrapper"}}
{"recorder_version":"11","session":"0a687ee43ae3","build":"191.7479.14","bucket":"98","time":1569928541470,"group":{"id":"lifecycle","version":"11"},"event":{"count":1,"data":{"created":1569928541470,"time_ms":5760,"project":"01cbb86627df8c3d1e7da1beeebcfff96563e38de342f2ce60954aa5fb7d9bc2"},"id":"project.opening.finished"}}
{"recorder_version":"11","session":"0a687ee43ae3","build":"191.7479.14","bucket":"98","time":1569928542252,"group":{"id":"performance","version":"11"},"event":{"count":1,"data":{"duration_ms":296,"created":1569928542252},"id":"ui.lagging"}}
{"recorder_version":"11","session":"0a687ee43ae3","build":"191.7479.14","bucket":"98","time":1569928556493,"group":{"id":"ui.dialogs","version":"11"},"event":{"count":1,"data":{"created":1569928556493,"plugin_type":"PLATFORM","type":"show"},"id":"com.intellij.openapi.options.newEditor.SettingsDialog"}}
{"recorder_version":"11","session":"0a687ee43ae3","build":"191.7479.14","bucket":"98","time":1569928556786,"group":{"id":"performance","version":"11"},"event":{"count":1,"data":{"duration_ms":806,"created":1569928556786},"id":"ui.lagging"}}
{"recorder_version":"11","session":"0a687ee43ae3","build":"191.7479.14","bucket":"98","time":1569928562522,"group":{"id":"ui.dialogs","version":"11"},"event":{"count":1,"data":{"code":1,"created":1569928562522,"plugin_type":"PLATFORM","type":"close"},"id":"com.intellij.openapi.options.newEditor.SettingsDialog"}}
{"recorder_version":"11","session":"0a687ee43ae3","build":"191.7479.14","bucket":"98","time":1569928563972,"group":{"id":"lifecycle","version":"11"},"event":{"count":1,"data":{"created":1569928563972,"project":"01cbb86627df8c3d1e7da1beeebcfff96563e38de342f2ce60954aa5fb7d9bc2"},"id":"project.closed"}}
{"recorder_version":"11","session":"0a687ee43ae3","build":"191.7479.14","bucket":"98","time":1569928564445,"group":{"id":"performance","version":"11"},"event":{"count":1,"data":{"duration_ms":458,"created":1569928564445},"id":"ui.lagging"}}
{"recorder_version":"11","session":"0a687ee43ae3","build":"191.7479.14","bucket":"98","time":1569928566384,"group":{"id":"actions","version":"11"},"event":{"count":1,"data":{"context_menu":false,"os":"Mac","created":1569928566384,"plugin_type":"PLATFORM","place":"unknown","input_event":"MouseLeft"},"id":"WelcomeScreen.OpenDirectoryProject"}}
{"recorder_version":"11","session":"0a687ee43ae3","build":"191.7479.14","bucket":"98","time":1569928566409,"group":{"id":"ui.dialogs","version":"11"},"event":{"count":1,"data":{"created":1569928566409,"plugin_type":"PLATFORM","type":"show"},"id":"com.intellij.openapi.fileChooser.ex.FileChooserDialogImpl"}}
{"recorder_version":"11","session":"0a687ee43ae3","build":"191.7479.14","bucket":"98","time":1569928570742,"group":{"id":"ui.dialogs","version":"11"},"event":{"count":1,"data":{"code":0,"created":1569928570742,"plugin_type":"PLATFORM","type":"close"},"id":"com.intellij.openapi.fileChooser.ex.FileChooserDialogImpl"}}
{"recorder_version":"11","session":"0a687ee43ae3","build":"191.7479.14","bucket":"98","time":1569928570864,"group":{"id":"lifecycle","version":"11"},"event":{"count":1,"data":{"created":1569928570864,"project":"162669868ba8b1d46c503d22f4a6541857036c8e36b19c7181f143b919719107"},"id":"project.opened"}}
{"recorder_version":"11","session":"0a687ee43ae3","build":"191.7479.14","bucket":"98","time":1569928571218,"group":{"id":"ui.dialogs","version":"11"},"event":{"count":1,"data":{"created":1569928571218,"plugin_type":"PLATFORM","type":"show"},"id":"com.intellij.openapi.progress.util.ProgressDialog$MyDialogWrapper"}}
{"recorder_version":"11","session":"0a687ee43ae3","build":"191.7479.14","bucket":"98","time":1569928571765,"group":{"id":"ui.dialogs","version":"11"},"event":{"count":1,"data":{"code":1,"created":1569928571765,"plugin_type":"PLATFORM","type":"close"},"id":"com.intellij.openapi.progress.util.ProgressDialog$MyDialogWrapper"}}
{"recorder_version":"11","session":"0a687ee43ae3","build":"191.7479.14","bucket":"98","time":1569928572790,"group":{"id":"project.fs","version":"1"},"event":{"state":true,"data":{"os":"Mac","cs-project":false,"created":1569928572790,"project":"162669868ba8b1d46c503d22f4a6541857036c8e36b19c7181f143b919719107","cs-implicit":true,"cs-system":false},"id":"case-sensitivity"}}
{"recorder_version":"11","session":"0a687ee43ae3","build":"191.7479.14","bucket":"98","time":1569928572790,"group":{"id":"project.fs","version":"1"},"event":{"state":true,"data":{"created":1569928572791},"id":"invoked"}}
{"recorder_version":"11","session":"0a687ee43ae3","build":"191.7479.14","bucket":"98","time":1569928572790,"group":{"id":"project.fs","version":"1"},"event":{"state":true,"data":{"pct-non-watched":0,"created":1569928572792,"project":"162669868ba8b1d46c503d22f4a6541857036c8e36b19c7181f143b919719107"},"id":"roots-watched"}}
{"recorder_version":"11","session":"0a687ee43ae3","build":"191.7479.14","bucket":"98","time":1569928572790,"group":{"id":"project.fs","version":"1"},"event":{"state":true,"data":{"created":1569928572793},"id":"invoked"}}
{"recorder_version":"11","session":"0a687ee43ae3","build":"191.7479.14","bucket":"98","time":1569928572794,"group":{"id":"performance","version":"11"},"event":{"count":1,"data":{"duration_ms":786,"created":1569928572796},"id":"ui.lagging"}}
{"recorder_version":"11","session":"0a687ee43ae3","build":"191.7479.14","bucket":"98","time":1569928573300,"group":{"id":"lifecycle","version":"11"},"event":{"count":1,"data":{"created":1569928573300,"time_ms":2509,"project":"162669868ba8b1d46c503d22f4a6541857036c8e36b19c7181f143b919719107"},"id":"project.opening.finished"}}
{"recorder_version":"11","session":"0a687ee43ae3","build":"191.7479.14","bucket":"98","time":1569928575585,"group":{"id":"ui.dialogs","version":"11"},"event":{"count":1,"data":{"created":1569928575585,"plugin_type":"PLATFORM","type":"show"},"id":"com.intellij.openapi.options.newEditor.SettingsDialog"}}
{"recorder_version":"11","session":"0a687ee43ae3","build":"191.7479.14","bucket":"98","time":1569928603235,"group":{"id":"ui.dialogs","version":"11"},"event":{"count":1,"data":{"code":1,"created":1569928603235,"plugin_type":"PLATFORM","type":"close"},"id":"com.intellij.openapi.options.newEditor.SettingsDialog"}}
{"recorder_version":"11","session":"0a687ee43ae3","build":"191.7479.14","bucket":"98","time":1569928607951,"group":{"id":"ui.dialogs","version":"11"},"event":{"count":1,"data":{"created":1569928607951,"plugin_type":"PLATFORM","type":"show"},"id":"com.intellij.openapi.options.newEditor.SettingsDialog"}}
{"recorder_version":"11","session":"0a687ee43ae3","build":"191.7479.14","bucket":"98","time":1569928610054,"group":{"id":"actions","version":"11"},"event":{"count":1,"data":{"context_menu":false,"os":"Mac","created":1569928610054,"plugin_type":"PLATFORM","project":"162669868ba8b1d46c503d22f4a6541857036c8e36b19c7181f143b919719107","place":"MainMenu","input_event":"Escape"},"id":"com.intellij.openapi.ui.impl.DialogWrapperPeerImpl$AnCancelAction"}}
{"recorder_version":"11","session":"0a687ee43ae3","build":"191.7479.14","bucket":"98","time":1569928610056,"group":{"id":"actions","version":"11"},"event":{"count":1,"data":{"os":"Mac","created":1569928610056,"input_event":"Escape"},"id":"DialogCancelAction"}}
{"recorder_version":"11","session":"0a687ee43ae3","build":"191.7479.14","bucket":"98","time":1569928610056,"group":{"id":"ui.dialogs","version":"11"},"event":{"count":1,"data":{"code":1,"created":1569928610056,"plugin_type":"PLATFORM","type":"close"},"id":"com.intellij.openapi.options.newEditor.SettingsDialog"}}
{"recorder_version":"11","session":"0a687ee43ae3","build":"191.7479.14","bucket":"98","time":1569928611534,"group":{"id":"ui.dialogs","version":"11"},"event":{"count":1,"data":{"created":1569928611534,"plugin_type":"PLATFORM","type":"show"},"id":"com.intellij.diagnostic.IdeMessagePanel$3"}}
{"recorder_version":"11","session":"0a687ee43ae3","build":"191.7479.14","bucket":"98","time":1569928621235,"group":{"id":"actions","version":"11"},"event":{"count":1,"data":{"context_menu":false,"os":"Mac","created":1569928621235,"plugin_type":"PLATFORM","project":"162669868ba8b1d46c503d22f4a6541857036c8e36b19c7181f143b919719107","place":"MainMenu","input_event":"Shift+End"},"id":"EditorLineEndWithSelection"}}
{"recorder_version":"11","session":"0a687ee43ae3","build":"191.7479.14","bucket":"98","time":1569928621935,"group":{"id":"actions","version":"11"},"event":{"count":3,"data":{"context_menu":false,"os":"Mac","last":1569928622285,"created":1569928621935,"plugin_type":"PLATFORM","project":"162669868ba8b1d46c503d22f4a6541857036c8e36b19c7181f143b919719107","place":"MainMenu","input_event":"Meta+C"},"id":"EditorCopy"}}
{"recorder_version":"11","session":"0a687ee43ae3","build":"191.7479.14","bucket":"98","time":1569928623071,"group":{"id":"ui.dialogs","version":"11"},"event":{"count":2,"data":{"code":1,"last":1569928623078,"created":1569928623071,"plugin_type":"PLATFORM","type":"close"},"id":"com.intellij.diagnostic.IdeMessagePanel$3"}}
