{"recorder_version":"11","session":"dd43a93515c4","build":"191.7479.14","bucket":"98","time":1569926391666,"group":{"id":"settings","version":"2"},"event":{"state":true,"data":{"created":1569926391666,"invoked":true},"id":"NotRoamableUiSettings"}}
{"recorder_version":"11","session":"dd43a93515c4","build":"191.7479.14","bucket":"98","time":1569926391670,"group":{"id":"system.os","version":"1"},"event":{"state":true,"data":{"created":1569926391674,"version":"10.14"},"id":"Mac"}}
{"recorder_version":"11","session":"dd43a93515c4","build":"191.7479.14","bucket":"98","time":1569926391670,"group":{"id":"system.os","version":"1"},"event":{"state":true,"data":{"created":1569926391686},"id":"invoked"}}
{"recorder_version":"11","session":"dd43a93515c4","build":"191.7479.14","bucket":"98","time":1569926391670,"group":{"id":"system.java","version":"1"},"event":{"state":true,"data":{"created":1569926391688,"version":"1.8"},"id":"Other"}}
{"recorder_version":"11","session":"dd43a93515c4","build":"191.7479.14","bucket":"98","time":1569926391670,"group":{"id":"system.java","version":"1"},"event":{"state":true,"data":{"created":1569926391688},"id":"invoked"}}
{"recorder_version":"11","session":"dd43a93515c4","build":"191.7479.14","bucket":"98","time":1569926391670,"group":{"id":"settings","version":"2"},"event":{"state":true,"data":{"created":1569926391689,"invoked":true},"id":"UISettings"}}
{"recorder_version":"11","session":"dd43a93515c4","build":"191.7479.14","bucket":"98","time":1569926392669,"group":{"id":"settings","version":"2"},"event":{"state":true,"data":{"default":false,"created":1569926392671,"name":"showTipsOnStartup","value":false},"id":"GeneralSettings"}}
{"recorder_version":"11","session":"dd43a93515c4","build":"191.7479.14","bucket":"98","time":1569926392671,"group":{"id":"settings","version":"2"},"event":{"state":true,"data":{"created":1569926392672,"invoked":true},"id":"GeneralSettings"}}
{"recorder_version":"11","session":"dd43a93515c4","build":"191.7479.14","bucket":"98","time":1569926394337,"group":{"id":"performance","version":"11"},"event":{"count":1,"data":{"duration_ms":1072,"created":1569926394338},"id":"ui.latency"}}
{"recorder_version":"11","session":"dd43a93515c4","build":"191.7479.14","bucket":"98","time":1569926394337,"group":{"id":"performance","version":"11"},"event":{"count":1,"data":{"duration_ms":1072,"created":1569926394339},"id":"ui.lagging"}}
{"recorder_version":"11","session":"dd43a93515c4","build":"191.7479.14","bucket":"98","time":1569926394674,"group":{"id":"ui.dialogs","version":"11"},"event":{"count":1,"data":{"created":1569926394674,"plugin_type":"PLATFORM","type":"show"},"id":"com.intellij.openapi.progress.util.ProgressDialog$MyDialogWrapper"}}
{"recorder_version":"11","session":"dd43a93515c4","build":"191.7479.14","bucket":"98","time":1569926395750,"group":{"id":"ui.dialogs","version":"11"},"event":{"count":1,"data":{"code":1,"created":1569926395750,"plugin_type":"PLATFORM","type":"close"},"id":"com.intellij.openapi.progress.util.ProgressDialog$MyDialogWrapper"}}
{"recorder_version":"11","session":"dd43a93515c4","build":"191.7479.14","bucket":"98","time":1569926395767,"group":{"id":"lifecycle","version":"11"},"event":{"count":1,"data":{"created":1569926395768,"project":"01cbb86627df8c3d1e7da1beeebcfff96563e38de342f2ce60954aa5fb7d9bc2"},"id":"project.opened"}}
{"recorder_version":"11","session":"dd43a93515c4","build":"191.7479.14","bucket":"98","time":1569926396852,"group":{"id":"performance","version":"11"},"event":{"count":1,"data":{"duration_ms":570,"created":1569926396852},"id":"ui.lagging"}}
{"recorder_version":"11","session":"dd43a93515c4","build":"191.7479.14","bucket":"98","time":1569926397082,"group":{"id":"ui.dialogs","version":"11"},"event":{"count":1,"data":{"created":1569926397082,"plugin_type":"PLATFORM","type":"show"},"id":"com.intellij.openapi.progress.util.ProgressDialog$MyDialogWrapper"}}
{"recorder_version":"11","session":"dd43a93515c4","build":"191.7479.14","bucket":"98","time":1569926398426,"group":{"id":"performance","version":"11"},"event":{"count":1,"data":{"duration_ms":139,"created":1569926398426},"id":"ui.lagging"}}
{"recorder_version":"11","session":"dd43a93515c4","build":"191.7479.14","bucket":"98","time":1569926398803,"group":{"id":"toolwindow","version":"11"},"event":{"count":1,"data":{"os":"Mac","created":1569926398803,"plugin_type":"PLATFORM"},"id":"Project"}}
{"recorder_version":"11","session":"dd43a93515c4","build":"191.7479.14","bucket":"98","time":1569926399242,"group":{"id":"lifecycle","version":"11"},"event":{"count":1,"data":{"internal":true,"eap":false,"created":1569926399242},"id":"ide.start"}}
{"recorder_version":"11","session":"dd43a93515c4","build":"191.7479.14","bucket":"98","time":1569926399435,"group":{"id":"performance","version":"11"},"event":{"count":1,"data":{"duration_ms":147,"created":1569926399435},"id":"ui.lagging"}}
{"recorder_version":"11","session":"dd43a93515c4","build":"191.7479.14","bucket":"98","time":1569926400055,"group":{"id":"project.fs","version":"1"},"event":{"state":true,"data":{"os":"Mac","cs-project":false,"created":1569926400055,"project":"01cbb86627df8c3d1e7da1beeebcfff96563e38de342f2ce60954aa5fb7d9bc2","cs-implicit":true,"cs-system":false},"id":"case-sensitivity"}}
{"recorder_version":"11","session":"dd43a93515c4","build":"191.7479.14","bucket":"98","time":1569926400055,"group":{"id":"project.fs","version":"1"},"event":{"state":true,"data":{"created":1569926400056},"id":"invoked"}}
{"recorder_version":"11","session":"dd43a93515c4","build":"191.7479.14","bucket":"98","time":1569926400057,"group":{"id":"project.fs","version":"1"},"event":{"state":true,"data":{"pct-non-watched":0,"created":1569926400057,"project":"01cbb86627df8c3d1e7da1beeebcfff96563e38de342f2ce60954aa5fb7d9bc2"},"id":"roots-watched"}}
{"recorder_version":"11","session":"dd43a93515c4","build":"191.7479.14","bucket":"98","time":1569926400057,"group":{"id":"project.fs","version":"1"},"event":{"state":true,"data":{"created":1569926400058},"id":"invoked"}}
{"recorder_version":"11","session":"dd43a93515c4","build":"191.7479.14","bucket":"98","time":1569926400285,"group":{"id":"ui.dialogs","version":"11"},"event":{"count":1,"data":{"code":1,"created":1569926400308,"plugin_type":"PLATFORM","type":"close"},"id":"com.intellij.openapi.progress.util.ProgressDialog$MyDialogWrapper"}}
{"recorder_version":"11","session":"dd43a93515c4","build":"191.7479.14","bucket":"98","time":1569926400990,"group":{"id":"lifecycle","version":"11"},"event":{"count":1,"data":{"created":1569926400990,"time_ms":6817,"project":"01cbb86627df8c3d1e7da1beeebcfff96563e38de342f2ce60954aa5fb7d9bc2"},"id":"project.opening.finished"}}
{"recorder_version":"11","session":"dd43a93515c4","build":"191.7479.14","bucket":"98","time":1569926401401,"group":{"id":"performance","version":"11"},"event":{"count":1,"data":{"duration_ms":111,"created":1569926401401},"id":"ui.lagging"}}
{"recorder_version":"11","session":"dd43a93515c4","build":"191.7479.14","bucket":"98","time":1569926402464,"group":{"id":"performance","version":"11"},"event":{"count":1,"data":{"duration_ms":173,"created":1569926402465},"id":"ui.lagging"}}
{"recorder_version":"11","session":"dd43a93515c4","build":"191.7479.14","bucket":"98","time":1569926407316,"group":{"id":"ui.dialogs","version":"11"},"event":{"count":1,"data":{"created":1569926407316,"plugin_type":"PLATFORM","type":"show"},"id":"com.intellij.openapi.options.newEditor.SettingsDialog"}}
{"recorder_version":"11","session":"dd43a93515c4","build":"191.7479.14","bucket":"98","time":1569926407516,"group":{"id":"performance","version":"11"},"event":{"count":1,"data":{"duration_ms":1221,"created":1569926407516},"id":"ui.lagging"}}
