{"recorder_version":"11","session":"3f05abfb9b79","build":"191.7479.14","bucket":"98","time":1569926649646,"group":{"id":"settings","version":"2"},"event":{"state":true,"data":{"created":1569926649647,"invoked":true},"id":"NotRoamableUiSettings"}}
{"recorder_version":"11","session":"3f05abfb9b79","build":"191.7479.14","bucket":"98","time":1569926649650,"group":{"id":"system.os","version":"1"},"event":{"state":true,"data":{"created":1569926649656,"version":"10.14"},"id":"Mac"}}
{"recorder_version":"11","session":"3f05abfb9b79","build":"191.7479.14","bucket":"98","time":1569926649650,"group":{"id":"system.os","version":"1"},"event":{"state":true,"data":{"created":1569926649669},"id":"invoked"}}
{"recorder_version":"11","session":"3f05abfb9b79","build":"191.7479.14","bucket":"98","time":1569926649650,"group":{"id":"system.java","version":"1"},"event":{"state":true,"data":{"created":1569926649670,"version":"1.8"},"id":"Other"}}
{"recorder_version":"11","session":"3f05abfb9b79","build":"191.7479.14","bucket":"98","time":1569926649650,"group":{"id":"system.java","version":"1"},"event":{"state":true,"data":{"created":1569926649671},"id":"invoked"}}
{"recorder_version":"11","session":"3f05abfb9b79","build":"191.7479.14","bucket":"98","time":1569926649650,"group":{"id":"settings","version":"2"},"event":{"state":true,"data":{"created":1569926649672,"invoked":true},"id":"UISettings"}}
{"recorder_version":"11","session":"3f05abfb9b79","build":"191.7479.14","bucket":"98","time":1569926650639,"group":{"id":"settings","version":"2"},"event":{"state":true,"data":{"default":false,"created":1569926650639,"name":"showTipsOnStartup","value":false},"id":"GeneralSettings"}}
{"recorder_version":"11","session":"3f05abfb9b79","build":"191.7479.14","bucket":"98","time":1569926650640,"group":{"id":"settings","version":"2"},"event":{"state":true,"data":{"created":1569926650640,"invoked":true},"id":"GeneralSettings"}}
{"recorder_version":"11","session":"3f05abfb9b79","build":"191.7479.14","bucket":"98","time":1569926652269,"group":{"id":"performance","version":"11"},"event":{"count":1,"data":{"duration_ms":1046,"created":1569926652269},"id":"ui.latency"}}
{"recorder_version":"11","session":"3f05abfb9b79","build":"191.7479.14","bucket":"98","time":1569926652270,"group":{"id":"performance","version":"11"},"event":{"count":1,"data":{"duration_ms":1046,"created":1569926652270},"id":"ui.lagging"}}
{"recorder_version":"11","session":"3f05abfb9b79","build":"191.7479.14","bucket":"98","time":1569926652607,"group":{"id":"ui.dialogs","version":"11"},"event":{"count":1,"data":{"created":1569926652607,"plugin_type":"PLATFORM","type":"show"},"id":"com.intellij.openapi.progress.util.ProgressDialog$MyDialogWrapper"}}
{"recorder_version":"11","session":"3f05abfb9b79","build":"191.7479.14","bucket":"98","time":1569926653703,"group":{"id":"ui.dialogs","version":"11"},"event":{"count":1,"data":{"code":1,"created":1569926653703,"plugin_type":"PLATFORM","type":"close"},"id":"com.intellij.openapi.progress.util.ProgressDialog$MyDialogWrapper"}}
{"recorder_version":"11","session":"3f05abfb9b79","build":"191.7479.14","bucket":"98","time":1569926653718,"group":{"id":"lifecycle","version":"11"},"event":{"count":1,"data":{"created":1569926653718,"project":"01cbb86627df8c3d1e7da1beeebcfff96563e38de342f2ce60954aa5fb7d9bc2"},"id":"project.opened"}}
{"recorder_version":"11","session":"3f05abfb9b79","build":"191.7479.14","bucket":"98","time":1569926654741,"group":{"id":"performance","version":"11"},"event":{"count":1,"data":{"duration_ms":505,"created":1569926654741},"id":"ui.lagging"}}
{"recorder_version":"11","session":"3f05abfb9b79","build":"191.7479.14","bucket":"98","time":1569926654788,"group":{"id":"ui.dialogs","version":"11"},"event":{"count":1,"data":{"created":1569926654788,"plugin_type":"PLATFORM","type":"show"},"id":"com.intellij.openapi.progress.util.ProgressDialog$MyDialogWrapper"}}
{"recorder_version":"11","session":"3f05abfb9b79","build":"191.7479.14","bucket":"98","time":1569926656098,"group":{"id":"performance","version":"11"},"event":{"count":1,"data":{"duration_ms":862,"created":1569926656098},"id":"ui.lagging"}}
{"recorder_version":"11","session":"3f05abfb9b79","build":"191.7479.14","bucket":"98","time":1569926656361,"group":{"id":"performance","version":"11"},"event":{"count":1,"data":{"duration_ms":119,"created":1569926656361},"id":"ui.lagging"}}
{"recorder_version":"11","session":"3f05abfb9b79","build":"191.7479.14","bucket":"98","time":1569926656479,"group":{"id":"toolwindow","version":"11"},"event":{"count":1,"data":{"os":"Mac","created":1569926656479,"plugin_type":"PLATFORM"},"id":"Project"}}
{"recorder_version":"11","session":"3f05abfb9b79","build":"191.7479.14","bucket":"98","time":1569926656845,"group":{"id":"lifecycle","version":"11"},"event":{"count":1,"data":{"internal":true,"eap":false,"created":1569926656845},"id":"ide.start"}}
{"recorder_version":"11","session":"3f05abfb9b79","build":"191.7479.14","bucket":"98","time":1569926657532,"group":{"id":"performance","version":"11"},"event":{"count":1,"data":{"duration_ms":287,"created":1569926657532},"id":"ui.lagging"}}
{"recorder_version":"11","session":"3f05abfb9b79","build":"191.7479.14","bucket":"98","time":1569926657686,"group":{"id":"project.fs","version":"1"},"event":{"state":true,"data":{"os":"Mac","cs-project":false,"created":1569926657686,"project":"01cbb86627df8c3d1e7da1beeebcfff96563e38de342f2ce60954aa5fb7d9bc2","cs-implicit":true,"cs-system":false},"id":"case-sensitivity"}}
{"recorder_version":"11","session":"3f05abfb9b79","build":"191.7479.14","bucket":"98","time":1569926657687,"group":{"id":"project.fs","version":"1"},"event":{"state":true,"data":{"created":1569926657687},"id":"invoked"}}
{"recorder_version":"11","session":"3f05abfb9b79","build":"191.7479.14","bucket":"98","time":1569926657689,"group":{"id":"project.fs","version":"1"},"event":{"state":true,"data":{"pct-non-watched":0,"created":1569926657689,"project":"01cbb86627df8c3d1e7da1beeebcfff96563e38de342f2ce60954aa5fb7d9bc2"},"id":"roots-watched"}}
{"recorder_version":"11","session":"3f05abfb9b79","build":"191.7479.14","bucket":"98","time":1569926657689,"group":{"id":"project.fs","version":"1"},"event":{"state":true,"data":{"created":1569926657689},"id":"invoked"}}
{"recorder_version":"11","session":"3f05abfb9b79","build":"191.7479.14","bucket":"98","time":1569926657818,"group":{"id":"ui.dialogs","version":"11"},"event":{"count":1,"data":{"code":1,"created":1569926657818,"plugin_type":"PLATFORM","type":"close"},"id":"com.intellij.openapi.progress.util.ProgressDialog$MyDialogWrapper"}}
{"recorder_version":"11","session":"3f05abfb9b79","build":"191.7479.14","bucket":"98","time":1569926658456,"group":{"id":"performance","version":"11"},"event":{"count":1,"data":{"duration_ms":211,"created":1569926658456},"id":"ui.lagging"}}
{"recorder_version":"11","session":"3f05abfb9b79","build":"191.7479.14","bucket":"98","time":1569926658471,"group":{"id":"lifecycle","version":"11"},"event":{"count":1,"data":{"created":1569926658472,"time_ms":6398,"project":"01cbb86627df8c3d1e7da1beeebcfff96563e38de342f2ce60954aa5fb7d9bc2"},"id":"project.opening.finished"}}
{"recorder_version":"11","session":"3f05abfb9b79","build":"191.7479.14","bucket":"98","time":1569926659412,"group":{"id":"performance","version":"11"},"event":{"count":1,"data":{"duration_ms":164,"created":1569926659412},"id":"ui.lagging"}}
{"recorder_version":"11","session":"3f05abfb9b79","build":"191.7479.14","bucket":"98","time":1569926671372,"group":{"id":"ui.dialogs","version":"11"},"event":{"count":1,"data":{"created":1569926671372,"plugin_type":"PLATFORM","type":"show"},"id":"com.intellij.openapi.options.newEditor.SettingsDialog"}}
{"recorder_version":"11","session":"3f05abfb9b79","build":"191.7479.14","bucket":"98","time":1569926671549,"group":{"id":"performance","version":"11"},"event":{"count":1,"data":{"duration_ms":178,"created":1569926671550},"id":"ui.lagging"}}
{"recorder_version":"11","session":"3f05abfb9b79","build":"191.7479.14","bucket":"98","time":1569926752587,"group":{"id":"performance","version":"11"},"event":{"count":1,"data":{"duration_ms":0,"created":1569926752587},"id":"ui.latency"}}
{"recorder_version":"11","session":"3f05abfb9b79","build":"191.7479.14","bucket":"98","time":1569926852869,"group":{"id":"performance","version":"11"},"event":{"count":1,"data":{"duration_ms":0,"created":1569926852869},"id":"ui.latency"}}
{"recorder_version":"11","session":"3f05abfb9b79","build":"191.7479.14","bucket":"98","time":1569926952294,"group":{"id":"file.types.usage","version":"11"},"event":{"count":1,"data":{"created":1569926952294},"id":"registered"}}
{"recorder_version":"11","session":"3f05abfb9b79","build":"191.7479.14","bucket":"98","time":1569926952294,"group":{"id":"actions.runAnything","version":"1"},"event":{"count":1,"data":{"created":1569926952294},"id":"registered"}}
{"recorder_version":"11","session":"3f05abfb9b79","build":"191.7479.14","bucket":"98","time":1569926952294,"group":{"id":"toolwindow","version":"11"},"event":{"count":1,"data":{"created":1569926952294},"id":"registered"}}
{"recorder_version":"11","session":"3f05abfb9b79","build":"191.7479.14","bucket":"98","time":1569926952294,"group":{"id":"live.templates","version":"11"},"event":{"count":1,"data":{"created":1569926952295},"id":"registered"}}
{"recorder_version":"11","session":"3f05abfb9b79","build":"191.7479.14","bucket":"98","time":1569926952294,"group":{"id":"ide.self.update","version":"1"},"event":{"count":1,"data":{"created":1569926952295},"id":"registered"}}
{"recorder_version":"11","session":"3f05abfb9b79","build":"191.7479.14","bucket":"98","time":1569926952294,"group":{"id":"lifecycle","version":"11"},"event":{"count":1,"data":{"created":1569926952295},"id":"registered"}}
{"recorder_version":"11","session":"3f05abfb9b79","build":"191.7479.14","bucket":"98","time":1569926952294,"group":{"id":"vcs.diff.trigger","version":"1"},"event":{"count":1,"data":{"created":1569926952295},"id":"registered"}}
{"recorder_version":"11","session":"3f05abfb9b79","build":"191.7479.14","bucket":"98","time":1569926952294,"group":{"id":"vcs.log.trigger","version":"1"},"event":{"count":1,"data":{"created":1569926952296},"id":"registered"}}
{"recorder_version":"11","session":"3f05abfb9b79","build":"191.7479.14","bucket":"98","time":1569926952294,"group":{"id":"productivity","version":"11"},"event":{"count":1,"data":{"created":1569926952296},"id":"registered"}}
{"recorder_version":"11","session":"3f05abfb9b79","build":"191.7479.14","bucket":"98","time":1569926952294,"group":{"id":"debugger.breakpoints.usage","version":"1"},"event":{"count":1,"data":{"created":1569926952296},"id":"registered"}}
{"recorder_version":"11","session":"3f05abfb9b79","build":"191.7479.14","bucket":"98","time":1569926952294,"group":{"id":"js.language.service.starts","version":"1"},"event":{"count":1,"data":{"created":1569926952296},"id":"registered"}}
{"recorder_version":"11","session":"3f05abfb9b79","build":"191.7479.14","bucket":"98","time":1569926952294,"group":{"id":"nodejs.run.configuration","version":"2"},"event":{"count":1,"data":{"created":1569926952296},"id":"registered"}}
{"recorder_version":"11","session":"3f05abfb9b79","build":"191.7479.14","bucket":"98","time":1569926952294,"group":{"id":"deployment.serverSettingsUI","version":"2"},"event":{"count":1,"data":{"created":1569926952297},"id":"registered"}}
{"recorder_version":"11","session":"3f05abfb9b79","build":"191.7479.14","bucket":"98","time":1569926952294,"group":{"id":"intentions","version":"11"},"event":{"count":1,"data":{"created":1569926952297},"id":"registered"}}
{"recorder_version":"11","session":"3f05abfb9b79","build":"191.7479.14","bucket":"98","time":1569926952294,"group":{"id":"ui.dialogs","version":"11"},"event":{"count":1,"data":{"created":1569926952297},"id":"registered"}}
{"recorder_version":"11","session":"3f05abfb9b79","build":"191.7479.14","bucket":"98","time":1569926952294,"group":{"id":"vcs.back.forward.trigger","version":"1"},"event":{"count":1,"data":{"created":1569926952297},"id":"registered"}}
{"recorder_version":"11","session":"3f05abfb9b79","build":"191.7479.14","bucket":"98","time":1569926952294,"group":{"id":"toolbar","version":"11"},"event":{"count":1,"data":{"created":1569926952297},"id":"registered"}}
{"recorder_version":"11","session":"3f05abfb9b79","build":"191.7479.14","bucket":"98","time":1569926952294,"group":{"id":"performance","version":"11"},"event":{"count":1,"data":{"created":1569926952298},"id":"registered"}}
{"recorder_version":"11","session":"3f05abfb9b79","build":"191.7479.14","bucket":"98","time":1569926952294,"group":{"id":"diagram.usages.trigger","version":"1"},"event":{"count":1,"data":{"created":1569926952298},"id":"registered"}}
{"recorder_version":"11","session":"3f05abfb9b79","build":"191.7479.14","bucket":"98","time":1569926952294,"group":{"id":"searchEverywhere","version":"1"},"event":{"count":1,"data":{"created":1569926952298},"id":"registered"}}
{"recorder_version":"11","session":"3f05abfb9b79","build":"191.7479.14","bucket":"98","time":1569926952294,"group":{"id":"ui.tips","version":"1"},"event":{"count":1,"data":{"created":1569926952298},"id":"registered"}}
{"recorder_version":"11","session":"3f05abfb9b79","build":"191.7479.14","bucket":"98","time":1569926952294,"group":{"id":"import.old.config","version":"1"},"event":{"count":1,"data":{"created":1569926952298},"id":"registered"}}
{"recorder_version":"11","session":"3f05abfb9b79","build":"191.7479.14","bucket":"98","time":1569926952294,"group":{"id":"json.schema","version":"1"},"event":{"count":1,"data":{"created":1569926952298},"id":"registered"}}
{"recorder_version":"11","session":"3f05abfb9b79","build":"191.7479.14","bucket":"98","time":1569926952294,"group":{"id":"terminalShell","version":"1"},"event":{"count":1,"data":{"created":1569926952298},"id":"registered"}}
{"recorder_version":"11","session":"3f05abfb9b79","build":"191.7479.14","bucket":"98","time":1569926952294,"group":{"id":"completion.postfix","version":"11"},"event":{"count":1,"data":{"created":1569926952299},"id":"registered"}}
{"recorder_version":"11","session":"3f05abfb9b79","build":"191.7479.14","bucket":"98","time":1569926952294,"group":{"id":"actions","version":"11"},"event":{"count":1,"data":{"created":1569926952299},"id":"registered"}}
{"recorder_version":"11","session":"3f05abfb9b79","build":"191.7479.14","bucket":"98","time":1569926952294,"group":{"id":"run.configuration.exec","version":"11"},"event":{"count":1,"data":{"created":1569926952299},"id":"registered"}}
{"recorder_version":"11","session":"3f05abfb9b79","build":"191.7479.14","bucket":"98","time":1569926953138,"group":{"id":"performance","version":"11"},"event":{"count":1,"data":{"duration_ms":0,"created":1569926953138},"id":"ui.latency"}}
{"recorder_version":"11","session":"3f05abfb9b79","build":"191.7479.14","bucket":"98","time":1569926971730,"group":{"id":"actions","version":"11"},"event":{"count":1,"data":{"context_menu":false,"os":"Mac","created":1569926971730,"plugin_type":"PLATFORM","project":"01cbb86627df8c3d1e7da1beeebcfff96563e38de342f2ce60954aa5fb7d9bc2","place":"unknown","input_event":"MouseLeft"},"id":"com.intellij.ui.CommonActionsPanel$MyActionButton"}}
{"recorder_version":"11","session":"3f05abfb9b79","build":"191.7479.14","bucket":"98","time":1569926971738,"group":{"id":"toolbar","version":"11"},"event":{"count":1,"data":{"os":"Mac","created":1569926971760,"plugin_type":"PLATFORM","place":"unknown"},"id":"com.intellij.ui.CommonActionsPanel$MyActionButton"}}
