{"recorder_version":"11","session":"4fd2e92b3886","build":"191.7479.14","bucket":"98","time":1569922774924,"group":{"id":"settings","version":"2"},"event":{"state":true,"data":{"created":1569922774924,"invoked":true},"id":"NotRoamableUiSettings"}}
{"recorder_version":"11","session":"4fd2e92b3886","build":"191.7479.14","bucket":"98","time":1569922774928,"group":{"id":"settings","version":"2"},"event":{"state":true,"data":{"created":1569922774941,"invoked":true},"id":"UISettings"}}
{"recorder_version":"11","session":"4fd2e92b3886","build":"191.7479.14","bucket":"98","time":1569922774929,"group":{"id":"system.os","version":"1"},"event":{"state":true,"data":{"created":1569922774970,"version":"10.14"},"id":"Mac"}}
{"recorder_version":"11","session":"4fd2e92b3886","build":"191.7479.14","bucket":"98","time":1569922774929,"group":{"id":"system.os","version":"1"},"event":{"state":true,"data":{"created":1569922774971},"id":"invoked"}}
{"recorder_version":"11","session":"4fd2e92b3886","build":"191.7479.14","bucket":"98","time":1569922774929,"group":{"id":"system.java","version":"1"},"event":{"state":true,"data":{"created":1569922774972,"version":"1.8"},"id":"Other"}}
{"recorder_version":"11","session":"4fd2e92b3886","build":"191.7479.14","bucket":"98","time":1569922774929,"group":{"id":"system.java","version":"1"},"event":{"state":true,"data":{"created":1569922774972},"id":"invoked"}}
{"recorder_version":"11","session":"4fd2e92b3886","build":"191.7479.14","bucket":"98","time":1569922776743,"group":{"id":"settings","version":"2"},"event":{"state":true,"data":{"default":false,"created":1569922776743,"name":"showTipsOnStartup","value":false},"id":"GeneralSettings"}}
{"recorder_version":"11","session":"4fd2e92b3886","build":"191.7479.14","bucket":"98","time":1569922776743,"group":{"id":"settings","version":"2"},"event":{"state":true,"data":{"created":1569922776744,"invoked":true},"id":"GeneralSettings"}}
{"recorder_version":"11","session":"4fd2e92b3886","build":"191.7479.14","bucket":"98","time":1569922778987,"group":{"id":"performance","version":"11"},"event":{"count":1,"data":{"duration_ms":1948,"created":1569922778987},"id":"ui.latency"}}
{"recorder_version":"11","session":"4fd2e92b3886","build":"191.7479.14","bucket":"98","time":1569922778987,"group":{"id":"performance","version":"11"},"event":{"count":1,"data":{"duration_ms":1948,"created":1569922778988},"id":"ui.lagging"}}
{"recorder_version":"11","session":"4fd2e92b3886","build":"191.7479.14","bucket":"98","time":1569922778995,"group":{"id":"performance","version":"11"},"event":{"count":1,"data":{"duration_ms":955,"created":1569922778995},"id":"ui.lagging"}}
{"recorder_version":"11","session":"4fd2e92b3886","build":"191.7479.14","bucket":"98","time":1569922779329,"group":{"id":"ui.dialogs","version":"11"},"event":{"count":1,"data":{"created":1569922779329,"plugin_type":"PLATFORM","type":"show"},"id":"com.intellij.openapi.progress.util.ProgressDialog$MyDialogWrapper"}}
{"recorder_version":"11","session":"4fd2e92b3886","build":"191.7479.14","bucket":"98","time":1569922781349,"group":{"id":"ui.dialogs","version":"11"},"event":{"count":1,"data":{"code":1,"created":1569922781349,"plugin_type":"PLATFORM","type":"close"},"id":"com.intellij.openapi.progress.util.ProgressDialog$MyDialogWrapper"}}
{"recorder_version":"11","session":"4fd2e92b3886","build":"191.7479.14","bucket":"98","time":1569922781367,"group":{"id":"lifecycle","version":"11"},"event":{"count":1,"data":{"created":1569922781384,"project":"01cbb86627df8c3d1e7da1beeebcfff96563e38de342f2ce60954aa5fb7d9bc2"},"id":"project.opened"}}
{"recorder_version":"11","session":"4fd2e92b3886","build":"191.7479.14","bucket":"98","time":1569922782478,"group":{"id":"performance","version":"11"},"event":{"count":1,"data":{"duration_ms":425,"created":1569922782478},"id":"ui.lagging"}}
{"recorder_version":"11","session":"4fd2e92b3886","build":"191.7479.14","bucket":"98","time":1569922782515,"group":{"id":"ui.dialogs","version":"11"},"event":{"count":1,"data":{"created":1569922782515,"plugin_type":"PLATFORM","type":"show"},"id":"com.intellij.openapi.progress.util.ProgressDialog$MyDialogWrapper"}}
{"recorder_version":"11","session":"4fd2e92b3886","build":"191.7479.14","bucket":"98","time":1569922783835,"group":{"id":"performance","version":"11"},"event":{"count":1,"data":{"duration_ms":782,"created":1569922783835},"id":"ui.lagging"}}
{"recorder_version":"11","session":"4fd2e92b3886","build":"191.7479.14","bucket":"98","time":1569922784229,"group":{"id":"toolwindow","version":"11"},"event":{"count":1,"data":{"os":"Mac","created":1569922784230,"plugin_type":"PLATFORM"},"id":"Project"}}
{"recorder_version":"11","session":"4fd2e92b3886","build":"191.7479.14","bucket":"98","time":1569922784719,"group":{"id":"lifecycle","version":"11"},"event":{"count":1,"data":{"internal":true,"eap":false,"created":1569922784719},"id":"ide.start"}}
{"recorder_version":"11","session":"4fd2e92b3886","build":"191.7479.14","bucket":"98","time":1569922785169,"group":{"id":"performance","version":"11"},"event":{"count":1,"data":{"duration_ms":113,"created":1569922785170},"id":"ui.lagging"}}
{"recorder_version":"11","session":"4fd2e92b3886","build":"191.7479.14","bucket":"98","time":1569922786253,"group":{"id":"performance","version":"11"},"event":{"count":1,"data":{"duration_ms":193,"created":1569922786253},"id":"ui.lagging"}}
{"recorder_version":"11","session":"4fd2e92b3886","build":"191.7479.14","bucket":"98","time":1569922786686,"group":{"id":"project.fs","version":"1"},"event":{"state":true,"data":{"os":"Mac","cs-project":false,"created":1569922786686,"project":"01cbb86627df8c3d1e7da1beeebcfff96563e38de342f2ce60954aa5fb7d9bc2","cs-implicit":true,"cs-system":false},"id":"case-sensitivity"}}
{"recorder_version":"11","session":"4fd2e92b3886","build":"191.7479.14","bucket":"98","time":1569922786686,"group":{"id":"project.fs","version":"1"},"event":{"state":true,"data":{"created":1569922786687},"id":"invoked"}}
{"recorder_version":"11","session":"4fd2e92b3886","build":"191.7479.14","bucket":"98","time":1569922786687,"group":{"id":"project.fs","version":"1"},"event":{"state":true,"data":{"pct-non-watched":0,"created":1569922786687,"project":"01cbb86627df8c3d1e7da1beeebcfff96563e38de342f2ce60954aa5fb7d9bc2"},"id":"roots-watched"}}
{"recorder_version":"11","session":"4fd2e92b3886","build":"191.7479.14","bucket":"98","time":1569922786687,"group":{"id":"project.fs","version":"1"},"event":{"state":true,"data":{"created":1569922786687},"id":"invoked"}}
{"recorder_version":"11","session":"4fd2e92b3886","build":"191.7479.14","bucket":"98","time":1569922786878,"group":{"id":"ui.dialogs","version":"11"},"event":{"count":1,"data":{"code":1,"created":1569922786878,"plugin_type":"PLATFORM","type":"close"},"id":"com.intellij.openapi.progress.util.ProgressDialog$MyDialogWrapper"}}
{"recorder_version":"11","session":"4fd2e92b3886","build":"191.7479.14","bucket":"98","time":1569922787400,"group":{"id":"performance","version":"11"},"event":{"count":1,"data":{"duration_ms":338,"created":1569922787400},"id":"ui.lagging"}}
{"recorder_version":"11","session":"4fd2e92b3886","build":"191.7479.14","bucket":"98","time":1569922787640,"group":{"id":"lifecycle","version":"11"},"event":{"count":1,"data":{"created":1569922787640,"time_ms":8849,"project":"01cbb86627df8c3d1e7da1beeebcfff96563e38de342f2ce60954aa5fb7d9bc2"},"id":"project.opening.finished"}}
{"recorder_version":"11","session":"4fd2e92b3886","build":"191.7479.14","bucket":"98","time":1569922788563,"group":{"id":"performance","version":"11"},"event":{"count":1,"data":{"duration_ms":499,"created":1569922788563},"id":"ui.lagging"}}
{"recorder_version":"11","session":"4fd2e92b3886","build":"191.7479.14","bucket":"98","time":1569922789173,"group":{"id":"performance","version":"11"},"event":{"count":1,"data":{"duration_ms":106,"created":1569922789173},"id":"ui.lagging"}}
{"recorder_version":"11","session":"4fd2e92b3886","build":"191.7479.14","bucket":"98","time":1569922790183,"group":{"id":"performance","version":"11"},"event":{"count":1,"data":{"duration_ms":115,"created":1569922790183},"id":"ui.lagging"}}
{"recorder_version":"11","session":"4fd2e92b3886","build":"191.7479.14","bucket":"98","time":1569922797317,"group":{"id":"js.language.service.starts","version":"1"},"event":{"count":1,"data":{"created":1569922797318,"project":"01cbb86627df8c3d1e7da1beeebcfff96563e38de342f2ce60954aa5fb7d9bc2"},"id":"ESLintLanguageService"}}
{"recorder_version":"11","session":"4fd2e92b3886","build":"191.7479.14","bucket":"98","time":1569922799550,"group":{"id":"ui.dialogs","version":"11"},"event":{"count":1,"data":{"created":1569922799550,"plugin_type":"PLATFORM","type":"show"},"id":"com.intellij.openapi.options.newEditor.SettingsDialog"}}
{"recorder_version":"11","session":"4fd2e92b3886","build":"191.7479.14","bucket":"98","time":1569922799772,"group":{"id":"performance","version":"11"},"event":{"count":1,"data":{"duration_ms":1688,"created":1569922799772},"id":"ui.lagging"}}
{"recorder_version":"11","session":"4fd2e92b3886","build":"191.7479.14","bucket":"98","time":1569922799774,"group":{"id":"performance","version":"11"},"event":{"count":1,"data":{"duration_ms":687,"created":1569922799774},"id":"ui.lagging"}}
{"recorder_version":"11","session":"4fd2e92b3886","build":"191.7479.14","bucket":"98","time":1569922806703,"group":{"id":"ui.dialogs","version":"11"},"event":{"count":1,"data":{"code":1,"created":1569922806703,"plugin_type":"PLATFORM","type":"close"},"id":"com.intellij.openapi.options.newEditor.SettingsDialog"}}
