{"recorder_version":"11","session":"b40aa6e2c472","build":"191.7479.14","bucket":"98","time":1569922374451,"group":{"id":"settings","version":"2"},"event":{"state":true,"data":{"created":1569922374451,"invoked":true},"id":"NotRoamableUiSettings"}}
{"recorder_version":"11","session":"b40aa6e2c472","build":"191.7479.14","bucket":"98","time":1569922374456,"group":{"id":"system.os","version":"1"},"event":{"state":true,"data":{"created":1569922374462,"version":"10.14"},"id":"Mac"}}
{"recorder_version":"11","session":"b40aa6e2c472","build":"191.7479.14","bucket":"98","time":1569922374456,"group":{"id":"system.os","version":"1"},"event":{"state":true,"data":{"created":1569922374474},"id":"invoked"}}
{"recorder_version":"11","session":"b40aa6e2c472","build":"191.7479.14","bucket":"98","time":1569922374456,"group":{"id":"system.java","version":"1"},"event":{"state":true,"data":{"created":1569922374474,"version":"1.8"},"id":"Other"}}
{"recorder_version":"11","session":"b40aa6e2c472","build":"191.7479.14","bucket":"98","time":1569922374456,"group":{"id":"system.java","version":"1"},"event":{"state":true,"data":{"created":1569922374475},"id":"invoked"}}
{"recorder_version":"11","session":"b40aa6e2c472","build":"191.7479.14","bucket":"98","time":1569922374468,"group":{"id":"settings","version":"2"},"event":{"state":true,"data":{"created":1569922374475,"invoked":true},"id":"UISettings"}}
{"recorder_version":"11","session":"b40aa6e2c472","build":"191.7479.14","bucket":"98","time":1569922375978,"group":{"id":"settings","version":"2"},"event":{"state":true,"data":{"default":false,"created":1569922375978,"name":"showTipsOnStartup","value":false},"id":"GeneralSettings"}}
{"recorder_version":"11","session":"b40aa6e2c472","build":"191.7479.14","bucket":"98","time":1569922375978,"group":{"id":"settings","version":"2"},"event":{"state":true,"data":{"created":1569922375979,"invoked":true},"id":"GeneralSettings"}}
{"recorder_version":"11","session":"b40aa6e2c472","build":"191.7479.14","bucket":"98","time":1569922378328,"group":{"id":"performance","version":"11"},"event":{"count":1,"data":{"duration_ms":1861,"created":1569922378328},"id":"ui.latency"}}
{"recorder_version":"11","session":"b40aa6e2c472","build":"191.7479.14","bucket":"98","time":1569922378330,"group":{"id":"performance","version":"11"},"event":{"count":1,"data":{"duration_ms":1861,"created":1569922378330},"id":"ui.lagging"}}
{"recorder_version":"11","session":"b40aa6e2c472","build":"191.7479.14","bucket":"98","time":1569922378337,"group":{"id":"performance","version":"11"},"event":{"count":1,"data":{"duration_ms":874,"created":1569922378337},"id":"ui.lagging"}}
{"recorder_version":"11","session":"b40aa6e2c472","build":"191.7479.14","bucket":"98","time":1569922378675,"group":{"id":"ui.dialogs","version":"11"},"event":{"count":1,"data":{"created":1569922378675,"plugin_type":"PLATFORM","type":"show"},"id":"com.intellij.openapi.progress.util.ProgressDialog$MyDialogWrapper"}}
{"recorder_version":"11","session":"b40aa6e2c472","build":"191.7479.14","bucket":"98","time":1569922380082,"group":{"id":"ui.dialogs","version":"11"},"event":{"count":1,"data":{"code":1,"created":1569922380082,"plugin_type":"PLATFORM","type":"close"},"id":"com.intellij.openapi.progress.util.ProgressDialog$MyDialogWrapper"}}
{"recorder_version":"11","session":"b40aa6e2c472","build":"191.7479.14","bucket":"98","time":1569922380099,"group":{"id":"lifecycle","version":"11"},"event":{"count":1,"data":{"created":1569922380099,"project":"01cbb86627df8c3d1e7da1beeebcfff96563e38de342f2ce60954aa5fb7d9bc2"},"id":"project.opened"}}
{"recorder_version":"11","session":"b40aa6e2c472","build":"191.7479.14","bucket":"98","time":1569922381140,"group":{"id":"performance","version":"11"},"event":{"count":1,"data":{"duration_ms":673,"created":1569922381140},"id":"ui.lagging"}}
{"recorder_version":"11","session":"b40aa6e2c472","build":"191.7479.14","bucket":"98","time":1569922381295,"group":{"id":"ui.dialogs","version":"11"},"event":{"count":1,"data":{"created":1569922381295,"plugin_type":"PLATFORM","type":"show"},"id":"com.intellij.openapi.progress.util.ProgressDialog$MyDialogWrapper"}}
{"recorder_version":"11","session":"b40aa6e2c472","build":"191.7479.14","bucket":"98","time":1569922382624,"group":{"id":"performance","version":"11"},"event":{"count":1,"data":{"duration_ms":154,"created":1569922382624},"id":"ui.lagging"}}
{"recorder_version":"11","session":"b40aa6e2c472","build":"191.7479.14","bucket":"98","time":1569922382961,"group":{"id":"toolwindow","version":"11"},"event":{"count":1,"data":{"os":"Mac","created":1569922382961,"plugin_type":"PLATFORM"},"id":"Project"}}
{"recorder_version":"11","session":"b40aa6e2c472","build":"191.7479.14","bucket":"98","time":1569922383344,"group":{"id":"lifecycle","version":"11"},"event":{"count":1,"data":{"internal":true,"eap":false,"created":1569922383344},"id":"ide.start"}}
{"recorder_version":"11","session":"b40aa6e2c472","build":"191.7479.14","bucket":"98","time":1569922384155,"group":{"id":"performance","version":"11"},"event":{"count":1,"data":{"duration_ms":685,"created":1569922384155},"id":"ui.lagging"}}
{"recorder_version":"11","session":"b40aa6e2c472","build":"191.7479.14","bucket":"98","time":1569922384207,"group":{"id":"project.fs","version":"1"},"event":{"state":true,"data":{"os":"Mac","cs-project":false,"created":1569922384207,"project":"01cbb86627df8c3d1e7da1beeebcfff96563e38de342f2ce60954aa5fb7d9bc2","cs-implicit":true,"cs-system":false},"id":"case-sensitivity"}}
{"recorder_version":"11","session":"b40aa6e2c472","build":"191.7479.14","bucket":"98","time":1569922384208,"group":{"id":"project.fs","version":"1"},"event":{"state":true,"data":{"created":1569922384208},"id":"invoked"}}
{"recorder_version":"11","session":"b40aa6e2c472","build":"191.7479.14","bucket":"98","time":1569922384210,"group":{"id":"project.fs","version":"1"},"event":{"state":true,"data":{"pct-non-watched":0,"created":1569922384210,"project":"01cbb86627df8c3d1e7da1beeebcfff96563e38de342f2ce60954aa5fb7d9bc2"},"id":"roots-watched"}}
{"recorder_version":"11","session":"b40aa6e2c472","build":"191.7479.14","bucket":"98","time":1569922384210,"group":{"id":"project.fs","version":"1"},"event":{"state":true,"data":{"created":1569922384210},"id":"invoked"}}
{"recorder_version":"11","session":"b40aa6e2c472","build":"191.7479.14","bucket":"98","time":1569922384415,"group":{"id":"ui.dialogs","version":"11"},"event":{"count":1,"data":{"code":1,"created":1569922384415,"plugin_type":"PLATFORM","type":"close"},"id":"com.intellij.openapi.progress.util.ProgressDialog$MyDialogWrapper"}}
{"recorder_version":"11","session":"b40aa6e2c472","build":"191.7479.14","bucket":"98","time":1569922384812,"group":{"id":"performance","version":"11"},"event":{"count":1,"data":{"duration_ms":340,"created":1569922384813},"id":"ui.lagging"}}
{"recorder_version":"11","session":"b40aa6e2c472","build":"191.7479.14","bucket":"98","time":1569922384941,"group":{"id":"lifecycle","version":"11"},"event":{"count":1,"data":{"created":1569922384941,"time_ms":6788,"project":"01cbb86627df8c3d1e7da1beeebcfff96563e38de342f2ce60954aa5fb7d9bc2"},"id":"project.opening.finished"}}
{"recorder_version":"11","session":"b40aa6e2c472","build":"191.7479.14","bucket":"98","time":1569922385575,"group":{"id":"performance","version":"11"},"event":{"count":1,"data":{"duration_ms":102,"created":1569922385575},"id":"ui.lagging"}}
{"recorder_version":"11","session":"b40aa6e2c472","build":"191.7479.14","bucket":"98","time":1569922390504,"group":{"id":"js.language.service.starts","version":"1"},"event":{"count":1,"data":{"created":1569922390504,"project":"01cbb86627df8c3d1e7da1beeebcfff96563e38de342f2ce60954aa5fb7d9bc2"},"id":"ESLintLanguageService"}}
{"recorder_version":"11","session":"b40aa6e2c472","build":"191.7479.14","bucket":"98","time":1569922478671,"group":{"id":"performance","version":"11"},"event":{"count":1,"data":{"duration_ms":0,"created":1569922478671},"id":"ui.latency"}}
{"recorder_version":"11","session":"b40aa6e2c472","build":"191.7479.14","bucket":"98","time":1569922578893,"group":{"id":"performance","version":"11"},"event":{"count":1,"data":{"duration_ms":0,"created":1569922578893},"id":"ui.latency"}}
{"recorder_version":"11","session":"b40aa6e2c472","build":"191.7479.14","bucket":"98","time":1569922652228,"group":{"id":"performance","version":"11"},"event":{"count":1,"data":{"duration_ms":1155,"created":1569922652228},"id":"ui.lagging"}}
{"recorder_version":"11","session":"b40aa6e2c472","build":"191.7479.14","bucket":"98","time":1569922652228,"group":{"id":"performance","version":"11"},"event":{"count":1,"data":{"duration_ms":155,"created":1569922652490},"id":"ui.lagging"}}
{"recorder_version":"11","session":"b40aa6e2c472","build":"191.7479.14","bucket":"98","time":1569922654482,"group":{"id":"performance","version":"11"},"event":{"count":1,"data":{"duration_ms":1404,"created":1569922654482},"id":"ui.lagging"}}
{"recorder_version":"11","session":"b40aa6e2c472","build":"191.7479.14","bucket":"98","time":1569922654482,"group":{"id":"performance","version":"11"},"event":{"count":1,"data":{"duration_ms":400,"created":1569922654482},"id":"ui.lagging"}}
{"recorder_version":"11","session":"b40aa6e2c472","build":"191.7479.14","bucket":"98","time":1569922658709,"group":{"id":"ui.dialogs","version":"11"},"event":{"count":1,"data":{"created":1569922658709,"plugin_type":"PLATFORM","type":"show"},"id":"com.intellij.openapi.options.newEditor.SettingsDialog"}}
{"recorder_version":"11","session":"b40aa6e2c472","build":"191.7479.14","bucket":"98","time":1569922658897,"group":{"id":"performance","version":"11"},"event":{"count":1,"data":{"duration_ms":808,"created":1569922658897},"id":"ui.lagging"}}
{"recorder_version":"11","session":"b40aa6e2c472","build":"191.7479.14","bucket":"98","time":1569922671995,"group":{"id":"ui.dialogs","version":"11"},"event":{"count":1,"data":{"code":1,"created":1569922671996,"plugin_type":"PLATFORM","type":"close"},"id":"com.intellij.openapi.options.newEditor.SettingsDialog"}}
{"recorder_version":"11","session":"b40aa6e2c472","build":"191.7479.14","bucket":"98","time":1569922678335,"group":{"id":"file.types.usage","version":"11"},"event":{"count":1,"data":{"created":1569922678335},"id":"registered"}}
{"recorder_version":"11","session":"b40aa6e2c472","build":"191.7479.14","bucket":"98","time":1569922678335,"group":{"id":"actions.runAnything","version":"1"},"event":{"count":1,"data":{"created":1569922678336},"id":"registered"}}
{"recorder_version":"11","session":"b40aa6e2c472","build":"191.7479.14","bucket":"98","time":1569922678335,"group":{"id":"toolwindow","version":"11"},"event":{"count":1,"data":{"created":1569922678337},"id":"registered"}}
{"recorder_version":"11","session":"b40aa6e2c472","build":"191.7479.14","bucket":"98","time":1569922678335,"group":{"id":"live.templates","version":"11"},"event":{"count":1,"data":{"created":1569922678337},"id":"registered"}}
{"recorder_version":"11","session":"b40aa6e2c472","build":"191.7479.14","bucket":"98","time":1569922678335,"group":{"id":"ide.self.update","version":"1"},"event":{"count":1,"data":{"created":1569922678337},"id":"registered"}}
{"recorder_version":"11","session":"b40aa6e2c472","build":"191.7479.14","bucket":"98","time":1569922678335,"group":{"id":"lifecycle","version":"11"},"event":{"count":1,"data":{"created":1569922678337},"id":"registered"}}
{"recorder_version":"11","session":"b40aa6e2c472","build":"191.7479.14","bucket":"98","time":1569922678335,"group":{"id":"vcs.diff.trigger","version":"1"},"event":{"count":1,"data":{"created":1569922678337},"id":"registered"}}
{"recorder_version":"11","session":"b40aa6e2c472","build":"191.7479.14","bucket":"98","time":1569922678335,"group":{"id":"vcs.log.trigger","version":"1"},"event":{"count":1,"data":{"created":1569922678337},"id":"registered"}}
{"recorder_version":"11","session":"b40aa6e2c472","build":"191.7479.14","bucket":"98","time":1569922678335,"group":{"id":"productivity","version":"11"},"event":{"count":1,"data":{"created":1569922678337},"id":"registered"}}
{"recorder_version":"11","session":"b40aa6e2c472","build":"191.7479.14","bucket":"98","time":1569922678335,"group":{"id":"debugger.breakpoints.usage","version":"1"},"event":{"count":1,"data":{"created":1569922678338},"id":"registered"}}
{"recorder_version":"11","session":"b40aa6e2c472","build":"191.7479.14","bucket":"98","time":1569922678335,"group":{"id":"js.language.service.starts","version":"1"},"event":{"count":1,"data":{"created":1569922678338},"id":"registered"}}
{"recorder_version":"11","session":"b40aa6e2c472","build":"191.7479.14","bucket":"98","time":1569922678335,"group":{"id":"nodejs.run.configuration","version":"2"},"event":{"count":1,"data":{"created":1569922678338},"id":"registered"}}
{"recorder_version":"11","session":"b40aa6e2c472","build":"191.7479.14","bucket":"98","time":1569922678335,"group":{"id":"deployment.serverSettingsUI","version":"2"},"event":{"count":1,"data":{"created":1569922678338},"id":"registered"}}
{"recorder_version":"11","session":"b40aa6e2c472","build":"191.7479.14","bucket":"98","time":1569922678335,"group":{"id":"intentions","version":"11"},"event":{"count":1,"data":{"created":1569922678339},"id":"registered"}}
{"recorder_version":"11","session":"b40aa6e2c472","build":"191.7479.14","bucket":"98","time":1569922678335,"group":{"id":"ui.dialogs","version":"11"},"event":{"count":1,"data":{"created":1569922678339},"id":"registered"}}
{"recorder_version":"11","session":"b40aa6e2c472","build":"191.7479.14","bucket":"98","time":1569922678335,"group":{"id":"vcs.back.forward.trigger","version":"1"},"event":{"count":1,"data":{"created":1569922678339},"id":"registered"}}
{"recorder_version":"11","session":"b40aa6e2c472","build":"191.7479.14","bucket":"98","time":1569922678335,"group":{"id":"toolbar","version":"11"},"event":{"count":1,"data":{"created":1569922678339},"id":"registered"}}
{"recorder_version":"11","session":"b40aa6e2c472","build":"191.7479.14","bucket":"98","time":1569922678335,"group":{"id":"performance","version":"11"},"event":{"count":1,"data":{"created":1569922678339},"id":"registered"}}
{"recorder_version":"11","session":"b40aa6e2c472","build":"191.7479.14","bucket":"98","time":1569922678335,"group":{"id":"diagram.usages.trigger","version":"1"},"event":{"count":1,"data":{"created":1569922678339},"id":"registered"}}
{"recorder_version":"11","session":"b40aa6e2c472","build":"191.7479.14","bucket":"98","time":1569922678335,"group":{"id":"searchEverywhere","version":"1"},"event":{"count":1,"data":{"created":1569922678339},"id":"registered"}}
{"recorder_version":"11","session":"b40aa6e2c472","build":"191.7479.14","bucket":"98","time":1569922678335,"group":{"id":"ui.tips","version":"1"},"event":{"count":1,"data":{"created":1569922678340},"id":"registered"}}
{"recorder_version":"11","session":"b40aa6e2c472","build":"191.7479.14","bucket":"98","time":1569922678335,"group":{"id":"import.old.config","version":"1"},"event":{"count":1,"data":{"created":1569922678340},"id":"registered"}}
{"recorder_version":"11","session":"b40aa6e2c472","build":"191.7479.14","bucket":"98","time":1569922678335,"group":{"id":"json.schema","version":"1"},"event":{"count":1,"data":{"created":1569922678340},"id":"registered"}}
{"recorder_version":"11","session":"b40aa6e2c472","build":"191.7479.14","bucket":"98","time":1569922678335,"group":{"id":"terminalShell","version":"1"},"event":{"count":1,"data":{"created":1569922678340},"id":"registered"}}
{"recorder_version":"11","session":"b40aa6e2c472","build":"191.7479.14","bucket":"98","time":1569922678335,"group":{"id":"completion.postfix","version":"11"},"event":{"count":1,"data":{"created":1569922678340},"id":"registered"}}
{"recorder_version":"11","session":"b40aa6e2c472","build":"191.7479.14","bucket":"98","time":1569922678335,"group":{"id":"actions","version":"11"},"event":{"count":1,"data":{"created":1569922678340},"id":"registered"}}
{"recorder_version":"11","session":"b40aa6e2c472","build":"191.7479.14","bucket":"98","time":1569922678335,"group":{"id":"run.configuration.exec","version":"11"},"event":{"count":1,"data":{"created":1569922678340},"id":"registered"}}
