{"recorder_version":"11","session":"2daaac9e0e04","build":"191.7479.14","bucket":"98","time":1569928749085,"group":{"id":"settings","version":"2"},"event":{"state":true,"data":{"created":1569928749086,"invoked":true},"id":"NotRoamableUiSettings"}}
{"recorder_version":"11","session":"2daaac9e0e04","build":"191.7479.14","bucket":"98","time":1569928749089,"group":{"id":"system.os","version":"1"},"event":{"state":true,"data":{"created":1569928749096,"version":"10.14"},"id":"Mac"}}
{"recorder_version":"11","session":"2daaac9e0e04","build":"191.7479.14","bucket":"98","time":1569928749089,"group":{"id":"system.os","version":"1"},"event":{"state":true,"data":{"created":1569928749109},"id":"invoked"}}
{"recorder_version":"11","session":"2daaac9e0e04","build":"191.7479.14","bucket":"98","time":1569928749090,"group":{"id":"system.java","version":"1"},"event":{"state":true,"data":{"created":1569928749110,"version":"1.8"},"id":"Other"}}
{"recorder_version":"11","session":"2daaac9e0e04","build":"191.7479.14","bucket":"98","time":1569928749090,"group":{"id":"system.java","version":"1"},"event":{"state":true,"data":{"created":1569928749111},"id":"invoked"}}
{"recorder_version":"11","session":"2daaac9e0e04","build":"191.7479.14","bucket":"98","time":1569928749091,"group":{"id":"settings","version":"2"},"event":{"state":true,"data":{"created":1569928749111,"invoked":true},"id":"UISettings"}}
{"recorder_version":"11","session":"2daaac9e0e04","build":"191.7479.14","bucket":"98","time":1569928750186,"group":{"id":"settings","version":"2"},"event":{"state":true,"data":{"default":false,"created":1569928750186,"name":"showTipsOnStartup","value":false},"id":"GeneralSettings"}}
{"recorder_version":"11","session":"2daaac9e0e04","build":"191.7479.14","bucket":"98","time":1569928750186,"group":{"id":"settings","version":"2"},"event":{"state":true,"data":{"created":1569928750187,"invoked":true},"id":"GeneralSettings"}}
{"recorder_version":"11","session":"2daaac9e0e04","build":"191.7479.14","bucket":"98","time":1569928751919,"group":{"id":"performance","version":"11"},"event":{"count":1,"data":{"duration_ms":1222,"created":1569928751919},"id":"ui.latency"}}
{"recorder_version":"11","session":"2daaac9e0e04","build":"191.7479.14","bucket":"98","time":1569928751919,"group":{"id":"performance","version":"11"},"event":{"count":1,"data":{"duration_ms":1222,"created":1569928751920},"id":"ui.lagging"}}
{"recorder_version":"11","session":"2daaac9e0e04","build":"191.7479.14","bucket":"98","time":1569928751937,"group":{"id":"performance","version":"11"},"event":{"count":1,"data":{"duration_ms":245,"created":1569928751937},"id":"ui.lagging"}}
{"recorder_version":"11","session":"2daaac9e0e04","build":"191.7479.14","bucket":"98","time":1569928752259,"group":{"id":"ui.dialogs","version":"11"},"event":{"count":1,"data":{"created":1569928752260,"plugin_type":"PLATFORM","type":"show"},"id":"com.intellij.openapi.progress.util.ProgressDialog$MyDialogWrapper"}}
{"recorder_version":"11","session":"2daaac9e0e04","build":"191.7479.14","bucket":"98","time":1569928753360,"group":{"id":"ui.dialogs","version":"11"},"event":{"count":1,"data":{"code":1,"created":1569928753360,"plugin_type":"PLATFORM","type":"close"},"id":"com.intellij.openapi.progress.util.ProgressDialog$MyDialogWrapper"}}
{"recorder_version":"11","session":"2daaac9e0e04","build":"191.7479.14","bucket":"98","time":1569928753381,"group":{"id":"lifecycle","version":"11"},"event":{"count":1,"data":{"created":1569928753381,"project":"162669868ba8b1d46c503d22f4a6541857036c8e36b19c7181f143b919719107"},"id":"project.opened"}}
{"recorder_version":"11","session":"2daaac9e0e04","build":"191.7479.14","bucket":"98","time":1569928754469,"group":{"id":"performance","version":"11"},"event":{"count":1,"data":{"duration_ms":775,"created":1569928754469},"id":"ui.lagging"}}
{"recorder_version":"11","session":"2daaac9e0e04","build":"191.7479.14","bucket":"98","time":1569928754620,"group":{"id":"ui.dialogs","version":"11"},"event":{"count":1,"data":{"created":1569928754620,"plugin_type":"PLATFORM","type":"show"},"id":"com.intellij.openapi.progress.util.ProgressDialog$MyDialogWrapper"}}
{"recorder_version":"11","session":"2daaac9e0e04","build":"191.7479.14","bucket":"98","time":1569928754803,"group":{"id":"performance","version":"11"},"event":{"count":1,"data":{"duration_ms":109,"created":1569928754803},"id":"ui.lagging"}}
{"recorder_version":"11","session":"2daaac9e0e04","build":"191.7479.14","bucket":"98","time":1569928756093,"group":{"id":"performance","version":"11"},"event":{"count":1,"data":{"duration_ms":397,"created":1569928756093},"id":"ui.lagging"}}
{"recorder_version":"11","session":"2daaac9e0e04","build":"191.7479.14","bucket":"98","time":1569928756574,"group":{"id":"lifecycle","version":"11"},"event":{"count":1,"data":{"internal":true,"eap":false,"created":1569928756575},"id":"ide.start"}}
{"recorder_version":"11","session":"2daaac9e0e04","build":"191.7479.14","bucket":"98","time":1569928757260,"group":{"id":"performance","version":"11"},"event":{"count":1,"data":{"duration_ms":561,"created":1569928757260},"id":"ui.lagging"}}
{"recorder_version":"11","session":"2daaac9e0e04","build":"191.7479.14","bucket":"98","time":1569928757499,"group":{"id":"project.fs","version":"1"},"event":{"state":true,"data":{"os":"Mac","cs-project":false,"created":1569928757499,"project":"162669868ba8b1d46c503d22f4a6541857036c8e36b19c7181f143b919719107","cs-implicit":true,"cs-system":false},"id":"case-sensitivity"}}
{"recorder_version":"11","session":"2daaac9e0e04","build":"191.7479.14","bucket":"98","time":1569928757499,"group":{"id":"project.fs","version":"1"},"event":{"state":true,"data":{"created":1569928757500},"id":"invoked"}}
{"recorder_version":"11","session":"2daaac9e0e04","build":"191.7479.14","bucket":"98","time":1569928757500,"group":{"id":"project.fs","version":"1"},"event":{"state":true,"data":{"pct-non-watched":0,"created":1569928757502,"project":"162669868ba8b1d46c503d22f4a6541857036c8e36b19c7181f143b919719107"},"id":"roots-watched"}}
{"recorder_version":"11","session":"2daaac9e0e04","build":"191.7479.14","bucket":"98","time":1569928757500,"group":{"id":"project.fs","version":"1"},"event":{"state":true,"data":{"created":1569928757502},"id":"invoked"}}
{"recorder_version":"11","session":"2daaac9e0e04","build":"191.7479.14","bucket":"98","time":1569928757814,"group":{"id":"ui.dialogs","version":"11"},"event":{"count":1,"data":{"code":1,"created":1569928757814,"plugin_type":"PLATFORM","type":"close"},"id":"com.intellij.openapi.progress.util.ProgressDialog$MyDialogWrapper"}}
{"recorder_version":"11","session":"2daaac9e0e04","build":"191.7479.14","bucket":"98","time":1569928757954,"group":{"id":"lifecycle","version":"11"},"event":{"count":1,"data":{"created":1569928757954,"time_ms":6187,"project":"162669868ba8b1d46c503d22f4a6541857036c8e36b19c7181f143b919719107"},"id":"project.opening.finished"}}
{"recorder_version":"11","session":"2daaac9e0e04","build":"191.7479.14","bucket":"98","time":1569928758868,"group":{"id":"performance","version":"11"},"event":{"count":1,"data":{"duration_ms":167,"created":1569928758869},"id":"ui.lagging"}}
{"recorder_version":"11","session":"2daaac9e0e04","build":"191.7479.14","bucket":"98","time":1569928764768,"group":{"id":"ui.dialogs","version":"11"},"event":{"count":1,"data":{"created":1569928764768,"plugin_type":"PLATFORM","type":"show"},"id":"com.intellij.openapi.options.newEditor.SettingsDialog"}}
{"recorder_version":"11","session":"2daaac9e0e04","build":"191.7479.14","bucket":"98","time":1569928765100,"group":{"id":"performance","version":"11"},"event":{"count":1,"data":{"duration_ms":1390,"created":1569928765100},"id":"ui.lagging"}}
{"recorder_version":"11","session":"2daaac9e0e04","build":"191.7479.14","bucket":"98","time":1569928765111,"group":{"id":"performance","version":"11"},"event":{"count":1,"data":{"duration_ms":357,"created":1569928765111},"id":"ui.lagging"}}
{"recorder_version":"11","session":"2daaac9e0e04","build":"191.7479.14","bucket":"98","time":1569928768266,"group":{"id":"actions","version":"11"},"event":{"count":1,"data":{"context_menu":false,"os":"Mac","created":1569928768266,"plugin_type":"PLATFORM","project":"162669868ba8b1d46c503d22f4a6541857036c8e36b19c7181f143b919719107","place":"MainMenu","input_event":"Escape"},"id":"com.intellij.openapi.ui.impl.DialogWrapperPeerImpl$AnCancelAction"}}
{"recorder_version":"11","session":"2daaac9e0e04","build":"191.7479.14","bucket":"98","time":1569928768269,"group":{"id":"actions","version":"11"},"event":{"count":1,"data":{"os":"Mac","created":1569928768269,"input_event":"Escape"},"id":"DialogCancelAction"}}
{"recorder_version":"11","session":"2daaac9e0e04","build":"191.7479.14","bucket":"98","time":1569928768269,"group":{"id":"ui.dialogs","version":"11"},"event":{"count":1,"data":{"code":1,"created":1569928768270,"plugin_type":"PLATFORM","type":"close"},"id":"com.intellij.openapi.options.newEditor.SettingsDialog"}}
{"recorder_version":"11","session":"2daaac9e0e04","build":"191.7479.14","bucket":"98","time":1569928770650,"group":{"id":"toolwindow","version":"11"},"event":{"count":1,"data":{"os":"Mac","created":1569928770650,"plugin_type":"PLATFORM"},"id":"Project"}}
{"recorder_version":"11","session":"2daaac9e0e04","build":"191.7479.14","bucket":"98","time":1569928771084,"group":{"id":"file.types.usage","version":"11"},"event":{"count":1,"data":{"plugin":"JavaScript","created":1569928771085,"plugin_type":"JB_BUNDLED","project":"162669868ba8b1d46c503d22f4a6541857036c8e36b19c7181f143b919719107","type":"open"},"id":"JavaScript"}}
{"recorder_version":"11","session":"2daaac9e0e04","build":"191.7479.14","bucket":"98","time":1569928772209,"group":{"id":"actions","version":"11"},"event":{"count":1,"data":{"context_menu":false,"os":"Mac","created":1569928772210,"plugin_type":"PLATFORM","project":"162669868ba8b1d46c503d22f4a6541857036c8e36b19c7181f143b919719107","place":"MainMenu","input_event":"Meta+A"},"id":"$SelectAll"}}
{"recorder_version":"11","session":"2daaac9e0e04","build":"191.7479.14","bucket":"98","time":1569928772841,"group":{"id":"actions","version":"11"},"event":{"count":1,"data":{"context_menu":false,"os":"Mac","created":1569928772841,"plugin_type":"PLATFORM","project":"162669868ba8b1d46c503d22f4a6541857036c8e36b19c7181f143b919719107","place":"MainMenu","input_event":"Backspace"},"id":"EditorBackSpace"}}
{"recorder_version":"11","session":"2daaac9e0e04","build":"191.7479.14","bucket":"98","time":1569928773778,"group":{"id":"file.types.usage","version":"11"},"event":{"count":1,"data":{"plugin":"JavaScript","created":1569928773778,"plugin_type":"JB_BUNDLED","project":"162669868ba8b1d46c503d22f4a6541857036c8e36b19c7181f143b919719107","type":"edit"},"id":"JavaScript"}}
{"recorder_version":"11","session":"2daaac9e0e04","build":"191.7479.14","bucket":"98","time":1569928774660,"group":{"id":"actions","version":"11"},"event":{"count":1,"data":{"context_menu":false,"os":"Mac","created":1569928774660,"plugin_type":"PLATFORM","project":"162669868ba8b1d46c503d22f4a6541857036c8e36b19c7181f143b919719107","place":"MainMenu","input_event":"Ctrl+Space"},"id":"CodeCompletion"}}
{"recorder_version":"11","session":"2daaac9e0e04","build":"191.7479.14","bucket":"98","time":1569928774661,"group":{"id":"productivity","version":"11"},"event":{"count":1,"data":{"created":1569928774661},"id":"editing.completion.basic"}}
{"recorder_version":"11","session":"2daaac9e0e04","build":"191.7479.14","bucket":"98","time":1569928776762,"group":{"id":"performance","version":"11"},"event":{"count":1,"data":{"duration_ms":1991,"created":1569928776762},"id":"ui.lagging"}}
{"recorder_version":"11","session":"2daaac9e0e04","build":"191.7479.14","bucket":"98","time":1569928776766,"group":{"id":"performance","version":"11"},"event":{"count":1,"data":{"duration_ms":994,"created":1569928776766},"id":"ui.lagging"}}
{"recorder_version":"11","session":"2daaac9e0e04","build":"191.7479.14","bucket":"98","time":1569928778438,"group":{"id":"actions","version":"11"},"event":{"count":1,"data":{"context_menu":false,"os":"Mac","created":1569928778438,"plugin_type":"PLATFORM","project":"162669868ba8b1d46c503d22f4a6541857036c8e36b19c7181f143b919719107","place":"MainMenu","input_event":"Enter"},"id":"EditorChooseLookupItem"}}
{"recorder_version":"11","session":"2daaac9e0e04","build":"191.7479.14","bucket":"98","time":1569928778485,"group":{"id":"live.templates","version":"11"},"event":{"count":1,"data":{"created":1569928778485,"plugin_type":"NOT_LISTED","lang":"Flow_JS","group":"custom.plugin.group"},"id":"custom.plugin.template"}}
{"recorder_version":"11","session":"2daaac9e0e04","build":"191.7479.14","bucket":"98","time":1569928780464,"group":{"id":"js.language.service.starts","version":"1"},"event":{"count":1,"data":{"created":1569928780464,"project":"162669868ba8b1d46c503d22f4a6541857036c8e36b19c7181f143b919719107"},"id":"ESLintLanguageService"}}
{"recorder_version":"11","session":"2daaac9e0e04","build":"191.7479.14","bucket":"98","time":1569928783864,"group":{"id":"ui.dialogs","version":"11"},"event":{"count":1,"data":{"created":1569928783865,"plugin_type":"PLATFORM","type":"show"},"id":"com.intellij.openapi.options.newEditor.SettingsDialog"}}
{"recorder_version":"11","session":"2daaac9e0e04","build":"191.7479.14","bucket":"98","time":1569928784106,"group":{"id":"performance","version":"11"},"event":{"count":1,"data":{"duration_ms":320,"created":1569928784106},"id":"ui.lagging"}}
{"recorder_version":"11","session":"2daaac9e0e04","build":"191.7479.14","bucket":"98","time":1569928786617,"group":{"id":"ui.dialogs","version":"11"},"event":{"count":1,"data":{"code":0,"created":1569928786619,"plugin_type":"PLATFORM","type":"close"},"id":"com.intellij.openapi.options.newEditor.SettingsDialog"}}
{"recorder_version":"11","session":"2daaac9e0e04","build":"191.7479.14","bucket":"98","time":1569928807541,"group":{"id":"actions","version":"11"},"event":{"count":4,"data":{"context_menu":false,"os":"Mac","last":1569928808141,"created":1569928807541,"plugin_type":"PLATFORM","project":"162669868ba8b1d46c503d22f4a6541857036c8e36b19c7181f143b919719107","place":"MainMenu","input_event":"Meta+Z"},"id":"$Undo"}}
{"recorder_version":"11","session":"2daaac9e0e04","build":"191.7479.14","bucket":"98","time":1569928815811,"group":{"id":"lifecycle","version":"11"},"event":{"count":1,"data":{"created":1569928815811,"project":"162669868ba8b1d46c503d22f4a6541857036c8e36b19c7181f143b919719107"},"id":"project.closed"}}
{"recorder_version":"11","session":"2daaac9e0e04","build":"191.7479.14","bucket":"98","time":1569928816223,"group":{"id":"performance","version":"11"},"event":{"count":1,"data":{"duration_ms":373,"created":1569928816223},"id":"ui.lagging"}}
{"recorder_version":"11","session":"2daaac9e0e04","build":"191.7479.14","bucket":"98","time":1569928817803,"group":{"id":"lifecycle","version":"11"},"event":{"count":1,"data":{"created":1569928817803,"project":"01cbb86627df8c3d1e7da1beeebcfff96563e38de342f2ce60954aa5fb7d9bc2"},"id":"project.opened"}}
{"recorder_version":"11","session":"2daaac9e0e04","build":"191.7479.14","bucket":"98","time":1569928818001,"group":{"id":"performance","version":"11"},"event":{"count":1,"data":{"duration_ms":146,"created":1569928818001},"id":"ui.lagging"}}
{"recorder_version":"11","session":"2daaac9e0e04","build":"191.7479.14","bucket":"98","time":1569928818195,"group":{"id":"ui.dialogs","version":"11"},"event":{"count":1,"data":{"created":1569928818195,"plugin_type":"PLATFORM","type":"show"},"id":"com.intellij.openapi.progress.util.ProgressDialog$MyDialogWrapper"}}
{"recorder_version":"11","session":"2daaac9e0e04","build":"191.7479.14","bucket":"98","time":1569928818355,"group":{"id":"toolwindow","version":"11"},"event":{"count":1,"data":{"os":"Mac","created":1569928818355,"plugin_type":"PLATFORM"},"id":"Project"}}
{"recorder_version":"11","session":"2daaac9e0e04","build":"191.7479.14","bucket":"98","time":1569928818463,"group":{"id":"ui.dialogs","version":"11"},"event":{"count":1,"data":{"code":1,"created":1569928818463,"plugin_type":"PLATFORM","type":"close"},"id":"com.intellij.openapi.progress.util.ProgressDialog$MyDialogWrapper"}}
{"recorder_version":"11","session":"2daaac9e0e04","build":"191.7479.14","bucket":"98","time":1569928818531,"group":{"id":"project.fs","version":"1"},"event":{"state":true,"data":{"os":"Mac","cs-project":false,"created":1569928818531,"project":"01cbb86627df8c3d1e7da1beeebcfff96563e38de342f2ce60954aa5fb7d9bc2","cs-implicit":true,"cs-system":false},"id":"case-sensitivity"}}
{"recorder_version":"11","session":"2daaac9e0e04","build":"191.7479.14","bucket":"98","time":1569928818532,"group":{"id":"project.fs","version":"1"},"event":{"state":true,"data":{"created":1569928818532},"id":"invoked"}}
{"recorder_version":"11","session":"2daaac9e0e04","build":"191.7479.14","bucket":"98","time":1569928818532,"group":{"id":"project.fs","version":"1"},"event":{"state":true,"data":{"pct-non-watched":0,"created":1569928818532,"project":"01cbb86627df8c3d1e7da1beeebcfff96563e38de342f2ce60954aa5fb7d9bc2"},"id":"roots-watched"}}
{"recorder_version":"11","session":"2daaac9e0e04","build":"191.7479.14","bucket":"98","time":1569928818532,"group":{"id":"project.fs","version":"1"},"event":{"state":true,"data":{"created":1569928818532},"id":"invoked"}}
{"recorder_version":"11","session":"2daaac9e0e04","build":"191.7479.14","bucket":"98","time":1569928818747,"group":{"id":"lifecycle","version":"11"},"event":{"count":1,"data":{"created":1569928818747,"time_ms":990,"project":"01cbb86627df8c3d1e7da1beeebcfff96563e38de342f2ce60954aa5fb7d9bc2"},"id":"project.opening.finished"}}
