{"recorder_version":"11","session":"9fd15577eb5d","build":"191.7479.14","bucket":"98","time":1569933026932,"group":{"id":"settings","version":"2"},"event":{"state":true,"data":{"created":1569933026933,"invoked":true},"id":"NotRoamableUiSettings"}}
{"recorder_version":"11","session":"9fd15577eb5d","build":"191.7479.14","bucket":"98","time":1569933026937,"group":{"id":"system.os","version":"1"},"event":{"state":true,"data":{"created":1569933026943,"version":"10.14"},"id":"Mac"}}
{"recorder_version":"11","session":"9fd15577eb5d","build":"191.7479.14","bucket":"98","time":1569933026938,"group":{"id":"system.os","version":"1"},"event":{"state":true,"data":{"created":1569933026955},"id":"invoked"}}
{"recorder_version":"11","session":"9fd15577eb5d","build":"191.7479.14","bucket":"98","time":1569933026938,"group":{"id":"system.java","version":"1"},"event":{"state":true,"data":{"created":1569933026955,"version":"1.8"},"id":"Other"}}
{"recorder_version":"11","session":"9fd15577eb5d","build":"191.7479.14","bucket":"98","time":1569933026938,"group":{"id":"system.java","version":"1"},"event":{"state":true,"data":{"created":1569933026957},"id":"invoked"}}
{"recorder_version":"11","session":"9fd15577eb5d","build":"191.7479.14","bucket":"98","time":1569933026942,"group":{"id":"settings","version":"2"},"event":{"state":true,"data":{"created":1569933026958,"invoked":true},"id":"UISettings"}}
{"recorder_version":"11","session":"9fd15577eb5d","build":"191.7479.14","bucket":"98","time":1569933028038,"group":{"id":"settings","version":"2"},"event":{"state":true,"data":{"default":false,"created":1569933028038,"name":"showTipsOnStartup","value":false},"id":"GeneralSettings"}}
{"recorder_version":"11","session":"9fd15577eb5d","build":"191.7479.14","bucket":"98","time":1569933028040,"group":{"id":"settings","version":"2"},"event":{"state":true,"data":{"created":1569933028040,"invoked":true},"id":"GeneralSettings"}}
{"recorder_version":"11","session":"9fd15577eb5d","build":"191.7479.14","bucket":"98","time":1569933030091,"group":{"id":"performance","version":"11"},"event":{"count":1,"data":{"duration_ms":1547,"created":1569933030092},"id":"ui.latency"}}
{"recorder_version":"11","session":"9fd15577eb5d","build":"191.7479.14","bucket":"98","time":1569933030091,"group":{"id":"performance","version":"11"},"event":{"count":1,"data":{"duration_ms":1547,"created":1569933030093},"id":"ui.lagging"}}
{"recorder_version":"11","session":"9fd15577eb5d","build":"191.7479.14","bucket":"98","time":1569933030098,"group":{"id":"performance","version":"11"},"event":{"count":1,"data":{"duration_ms":557,"created":1569933030098},"id":"ui.lagging"}}
{"recorder_version":"11","session":"9fd15577eb5d","build":"191.7479.14","bucket":"98","time":1569933030435,"group":{"id":"ui.dialogs","version":"11"},"event":{"count":1,"data":{"created":1569933030435,"plugin_type":"PLATFORM","type":"show"},"id":"com.intellij.openapi.progress.util.ProgressDialog$MyDialogWrapper"}}
{"recorder_version":"11","session":"9fd15577eb5d","build":"191.7479.14","bucket":"98","time":1569933031791,"group":{"id":"ui.dialogs","version":"11"},"event":{"count":1,"data":{"code":1,"created":1569933031791,"plugin_type":"PLATFORM","type":"close"},"id":"com.intellij.openapi.progress.util.ProgressDialog$MyDialogWrapper"}}
{"recorder_version":"11","session":"9fd15577eb5d","build":"191.7479.14","bucket":"98","time":1569933031805,"group":{"id":"lifecycle","version":"11"},"event":{"count":1,"data":{"created":1569933031805,"project":"888625d43db943d430b677088ea446f51387da743b6714a2bb5770e620e8e0d5"},"id":"project.opened"}}
{"recorder_version":"11","session":"9fd15577eb5d","build":"191.7479.14","bucket":"98","time":1569933033145,"group":{"id":"performance","version":"11"},"event":{"count":1,"data":{"duration_ms":513,"created":1569933033145},"id":"ui.lagging"}}
{"recorder_version":"11","session":"9fd15577eb5d","build":"191.7479.14","bucket":"98","time":1569933033304,"group":{"id":"ui.dialogs","version":"11"},"event":{"count":1,"data":{"created":1569933033304,"plugin_type":"PLATFORM","type":"show"},"id":"com.intellij.openapi.progress.util.ProgressDialog$MyDialogWrapper"}}
{"recorder_version":"11","session":"9fd15577eb5d","build":"191.7479.14","bucket":"98","time":1569933033769,"group":{"id":"performance","version":"11"},"event":{"count":1,"data":{"duration_ms":135,"created":1569933033769},"id":"ui.lagging"}}
{"recorder_version":"11","session":"9fd15577eb5d","build":"191.7479.14","bucket":"98","time":1569933034998,"group":{"id":"performance","version":"11"},"event":{"count":1,"data":{"duration_ms":363,"created":1569933034998},"id":"ui.lagging"}}
{"recorder_version":"11","session":"9fd15577eb5d","build":"191.7479.14","bucket":"98","time":1569933035648,"group":{"id":"toolwindow","version":"11"},"event":{"count":1,"data":{"os":"Mac","created":1569933035648,"plugin_type":"PLATFORM"},"id":"Project"}}
{"recorder_version":"11","session":"9fd15577eb5d","build":"191.7479.14","bucket":"98","time":1569933036098,"group":{"id":"lifecycle","version":"11"},"event":{"count":1,"data":{"internal":true,"eap":false,"created":1569933036098},"id":"ide.start"}}
{"recorder_version":"11","session":"9fd15577eb5d","build":"191.7479.14","bucket":"98","time":1569933036110,"group":{"id":"performance","version":"11"},"event":{"count":1,"data":{"duration_ms":474,"created":1569933036110},"id":"ui.lagging"}}
{"recorder_version":"11","session":"9fd15577eb5d","build":"191.7479.14","bucket":"98","time":1569933036912,"group":{"id":"performance","version":"11"},"event":{"count":1,"data":{"duration_ms":275,"created":1569933036912},"id":"ui.lagging"}}
{"recorder_version":"11","session":"9fd15577eb5d","build":"191.7479.14","bucket":"98","time":1569933037130,"group":{"id":"project.fs","version":"1"},"event":{"state":true,"data":{"os":"Mac","cs-project":false,"created":1569933037130,"project":"888625d43db943d430b677088ea446f51387da743b6714a2bb5770e620e8e0d5","cs-implicit":true,"cs-system":false},"id":"case-sensitivity"}}
{"recorder_version":"11","session":"9fd15577eb5d","build":"191.7479.14","bucket":"98","time":1569933037130,"group":{"id":"project.fs","version":"1"},"event":{"state":true,"data":{"created":1569933037131},"id":"invoked"}}
{"recorder_version":"11","session":"9fd15577eb5d","build":"191.7479.14","bucket":"98","time":1569933037132,"group":{"id":"project.fs","version":"1"},"event":{"state":true,"data":{"pct-non-watched":0,"created":1569933037132,"project":"888625d43db943d430b677088ea446f51387da743b6714a2bb5770e620e8e0d5"},"id":"roots-watched"}}
{"recorder_version":"11","session":"9fd15577eb5d","build":"191.7479.14","bucket":"98","time":1569933037133,"group":{"id":"project.fs","version":"1"},"event":{"state":true,"data":{"created":1569933037133},"id":"invoked"}}
{"recorder_version":"11","session":"9fd15577eb5d","build":"191.7479.14","bucket":"98","time":1569933037336,"group":{"id":"ui.dialogs","version":"11"},"event":{"count":1,"data":{"code":1,"created":1569933037336,"plugin_type":"PLATFORM","type":"close"},"id":"com.intellij.openapi.progress.util.ProgressDialog$MyDialogWrapper"}}
{"recorder_version":"11","session":"9fd15577eb5d","build":"191.7479.14","bucket":"98","time":1569933037586,"group":{"id":"lifecycle","version":"11"},"event":{"count":1,"data":{"created":1569933037586,"time_ms":7763,"project":"888625d43db943d430b677088ea446f51387da743b6714a2bb5770e620e8e0d5"},"id":"project.opening.finished"}}
{"recorder_version":"11","session":"9fd15577eb5d","build":"191.7479.14","bucket":"98","time":1569933038170,"group":{"id":"performance","version":"11"},"event":{"count":1,"data":{"duration_ms":531,"created":1569933038170},"id":"ui.lagging"}}
{"recorder_version":"11","session":"9fd15577eb5d","build":"191.7479.14","bucket":"98","time":1569933039063,"group":{"id":"performance","version":"11"},"event":{"count":1,"data":{"duration_ms":422,"created":1569933039063},"id":"ui.lagging"}}
{"recorder_version":"11","session":"9fd15577eb5d","build":"191.7479.14","bucket":"98","time":1569933044601,"group":{"id":"ui.dialogs","version":"11"},"event":{"count":1,"data":{"created":1569933044602,"plugin_type":"PLATFORM","type":"show"},"id":"com.intellij.openapi.options.newEditor.SettingsDialog"}}
{"recorder_version":"11","session":"9fd15577eb5d","build":"191.7479.14","bucket":"98","time":1569933045152,"group":{"id":"performance","version":"11"},"event":{"count":1,"data":{"duration_ms":1496,"created":1569933045152},"id":"ui.lagging"}}
{"recorder_version":"11","session":"9fd15577eb5d","build":"191.7479.14","bucket":"98","time":1569933045179,"group":{"id":"performance","version":"11"},"event":{"count":1,"data":{"duration_ms":522,"created":1569933045179},"id":"ui.lagging"}}
{"recorder_version":"11","session":"9fd15577eb5d","build":"191.7479.14","bucket":"98","time":1569933046003,"group":{"id":"performance","version":"11"},"event":{"count":1,"data":{"duration_ms":343,"created":1569933046003},"id":"ui.lagging"}}
{"recorder_version":"11","session":"9fd15577eb5d","build":"191.7479.14","bucket":"98","time":1569933048970,"group":{"id":"actions","version":"11"},"event":{"count":1,"data":{"context_menu":false,"os":"Mac","created":1569933048970,"plugin_type":"PLATFORM","project":"888625d43db943d430b677088ea446f51387da743b6714a2bb5770e620e8e0d5","place":"MainMenu","input_event":"Escape"},"id":"com.intellij.openapi.ui.impl.DialogWrapperPeerImpl$AnCancelAction"}}
{"recorder_version":"11","session":"9fd15577eb5d","build":"191.7479.14","bucket":"98","time":1569933048971,"group":{"id":"actions","version":"11"},"event":{"count":1,"data":{"os":"Mac","created":1569933048971,"input_event":"Escape"},"id":"DialogCancelAction"}}
{"recorder_version":"11","session":"9fd15577eb5d","build":"191.7479.14","bucket":"98","time":1569933048971,"group":{"id":"ui.dialogs","version":"11"},"event":{"count":1,"data":{"code":1,"created":1569933048972,"plugin_type":"PLATFORM","type":"close"},"id":"com.intellij.openapi.options.newEditor.SettingsDialog"}}
{"recorder_version":"11","session":"9fd15577eb5d","build":"191.7479.14","bucket":"98","time":1569933050970,"group":{"id":"file.types.usage","version":"11"},"event":{"count":1,"data":{"plugin":"JavaScript","created":1569933050970,"plugin_type":"JB_BUNDLED","project":"888625d43db943d430b677088ea446f51387da743b6714a2bb5770e620e8e0d5","type":"edit"},"id":"JavaScript"}}
{"recorder_version":"11","session":"9fd15577eb5d","build":"191.7479.14","bucket":"98","time":1569933052393,"group":{"id":"actions","version":"11"},"event":{"count":1,"data":{"context_menu":false,"os":"Mac","created":1569933052393,"plugin_type":"PLATFORM","project":"888625d43db943d430b677088ea446f51387da743b6714a2bb5770e620e8e0d5","place":"MainMenu","input_event":"Ctrl+Space"},"id":"CodeCompletion"}}
{"recorder_version":"11","session":"9fd15577eb5d","build":"191.7479.14","bucket":"98","time":1569933052394,"group":{"id":"productivity","version":"11"},"event":{"count":1,"data":{"created":1569933052394},"id":"editing.completion.basic"}}
{"recorder_version":"11","session":"9fd15577eb5d","build":"191.7479.14","bucket":"98","time":1569933054502,"group":{"id":"performance","version":"11"},"event":{"count":1,"data":{"duration_ms":1827,"created":1569933054502},"id":"ui.lagging"}}
{"recorder_version":"11","session":"9fd15577eb5d","build":"191.7479.14","bucket":"98","time":1569933054502,"group":{"id":"performance","version":"11"},"event":{"count":1,"data":{"duration_ms":826,"created":1569933054502},"id":"ui.lagging"}}
{"recorder_version":"11","session":"9fd15577eb5d","build":"191.7479.14","bucket":"98","time":1569933055247,"group":{"id":"actions","version":"11"},"event":{"count":1,"data":{"context_menu":false,"os":"Mac","created":1569933055247,"plugin_type":"PLATFORM","project":"888625d43db943d430b677088ea446f51387da743b6714a2bb5770e620e8e0d5","place":"MainMenu","input_event":"Enter"},"id":"EditorChooseLookupItem"}}
{"recorder_version":"11","session":"9fd15577eb5d","build":"191.7479.14","bucket":"98","time":1569933055293,"group":{"id":"live.templates","version":"11"},"event":{"count":1,"data":{"created":1569933055293,"plugin_type":"NOT_LISTED","lang":"Flow_JS","group":"custom.plugin.group"},"id":"custom.plugin.template"}}
{"recorder_version":"11","session":"9fd15577eb5d","build":"191.7479.14","bucket":"98","time":1569933056534,"group":{"id":"actions","version":"11"},"event":{"count":2,"data":{"context_menu":false,"os":"Mac","last":1569933058006,"created":1569933056534,"plugin_type":"PLATFORM","project":"888625d43db943d430b677088ea446f51387da743b6714a2bb5770e620e8e0d5","place":"MainMenu","input_event":"Meta+A"},"id":"$SelectAll"}}
{"recorder_version":"11","session":"9fd15577eb5d","build":"191.7479.14","bucket":"98","time":1569933061402,"group":{"id":"performance","version":"11"},"event":{"count":1,"data":{"duration_ms":704,"created":1569933061402},"id":"ui.lagging"}}
{"recorder_version":"11","session":"9fd15577eb5d","build":"191.7479.14","bucket":"98","time":1569933061412,"group":{"id":"actions","version":"11"},"event":{"count":1,"data":{"context_menu":false,"os":"Mac","created":1569933061413,"plugin_type":"PLATFORM","project":"888625d43db943d430b677088ea446f51387da743b6714a2bb5770e620e8e0d5","place":"MainMenu","input_event":"Meta+A"},"id":"$SelectAll"}}
{"recorder_version":"11","session":"9fd15577eb5d","build":"191.7479.14","bucket":"98","time":1569933061924,"group":{"id":"actions","version":"11"},"event":{"count":1,"data":{"context_menu":false,"os":"Mac","created":1569933061924,"plugin_type":"PLATFORM","project":"888625d43db943d430b677088ea446f51387da743b6714a2bb5770e620e8e0d5","place":"MainMenu","input_event":"Backspace"},"id":"EditorBackSpace"}}
{"recorder_version":"11","session":"9fd15577eb5d","build":"191.7479.14","bucket":"98","time":1569933064751,"group":{"id":"actions","version":"11"},"event":{"count":1,"data":{"context_menu":false,"os":"Mac","created":1569933064751,"plugin_type":"PLATFORM","project":"888625d43db943d430b677088ea446f51387da743b6714a2bb5770e620e8e0d5","place":"MainMenu","input_event":"Meta+A"},"id":"$SelectAll"}}
{"recorder_version":"11","session":"9fd15577eb5d","build":"191.7479.14","bucket":"98","time":1569933064919,"group":{"id":"actions","version":"11"},"event":{"count":1,"data":{"context_menu":false,"os":"Mac","created":1569933064919,"plugin_type":"PLATFORM","project":"888625d43db943d430b677088ea446f51387da743b6714a2bb5770e620e8e0d5","place":"MainMenu","input_event":"Backspace"},"id":"EditorBackSpace"}}
{"recorder_version":"11","session":"9fd15577eb5d","build":"191.7479.14","bucket":"98","time":1569933129973,"group":{"id":"file.types.usage","version":"11"},"event":{"count":1,"data":{"plugin":"JavaScript","created":1569933129974,"plugin_type":"JB_BUNDLED","project":"888625d43db943d430b677088ea446f51387da743b6714a2bb5770e620e8e0d5","type":"edit"},"id":"JavaScript"}}
{"recorder_version":"11","session":"9fd15577eb5d","build":"191.7479.14","bucket":"98","time":1569933130850,"group":{"id":"performance","version":"11"},"event":{"count":1,"data":{"duration_ms":0,"created":1569933130851},"id":"ui.latency"}}
{"recorder_version":"11","session":"9fd15577eb5d","build":"191.7479.14","bucket":"98","time":1569933131737,"group":{"id":"actions","version":"11"},"event":{"count":1,"data":{"context_menu":false,"os":"Mac","created":1569933131737,"plugin_type":"PLATFORM","project":"888625d43db943d430b677088ea446f51387da743b6714a2bb5770e620e8e0d5","place":"MainMenu","input_event":"Enter"},"id":"EditorChooseLookupItem"}}
{"recorder_version":"11","session":"9fd15577eb5d","build":"191.7479.14","bucket":"98","time":1569933131768,"group":{"id":"productivity","version":"11"},"event":{"count":1,"data":{"created":1569933131768},"id":"editing.completion.basic"}}
{"recorder_version":"11","session":"9fd15577eb5d","build":"191.7479.14","bucket":"98","time":1569933132664,"group":{"id":"actions","version":"11"},"event":{"count":1,"data":{"context_menu":false,"os":"Mac","created":1569933132664,"plugin_type":"PLATFORM","project":"888625d43db943d430b677088ea446f51387da743b6714a2bb5770e620e8e0d5","place":"MainMenu","input_event":"Meta+A"},"id":"$SelectAll"}}
{"recorder_version":"11","session":"9fd15577eb5d","build":"191.7479.14","bucket":"98","time":1569933132801,"group":{"id":"actions","version":"11"},"event":{"count":1,"data":{"context_menu":false,"os":"Mac","created":1569933132801,"plugin_type":"PLATFORM","project":"888625d43db943d430b677088ea446f51387da743b6714a2bb5770e620e8e0d5","place":"MainMenu","input_event":"Backspace"},"id":"EditorBackSpace"}}
{"recorder_version":"11","session":"9fd15577eb5d","build":"191.7479.14","bucket":"98","time":1569933152921,"group":{"id":"actions","version":"11"},"event":{"count":1,"data":{"context_menu":false,"os":"Mac","created":1569933152921,"plugin_type":"PLATFORM","project":"888625d43db943d430b677088ea446f51387da743b6714a2bb5770e620e8e0d5","place":"MainMenu","input_event":"Down"},"id":"EditorDown"}}
{"recorder_version":"11","session":"9fd15577eb5d","build":"191.7479.14","bucket":"98","time":1569933153313,"group":{"id":"actions","version":"11"},"event":{"count":1,"data":{"context_menu":false,"os":"Mac","created":1569933153314,"plugin_type":"PLATFORM","project":"888625d43db943d430b677088ea446f51387da743b6714a2bb5770e620e8e0d5","place":"MainMenu","input_event":"Enter"},"id":"EditorChooseLookupItem"}}
{"recorder_version":"11","session":"9fd15577eb5d","build":"191.7479.14","bucket":"98","time":1569933153345,"group":{"id":"productivity","version":"11"},"event":{"count":1,"data":{"created":1569933153345},"id":"editing.completion.basic"}}
{"recorder_version":"11","session":"9fd15577eb5d","build":"191.7479.14","bucket":"98","time":1569933153350,"group":{"id":"live.templates","version":"11"},"event":{"count":1,"data":{"created":1569933153350,"plugin_type":"NOT_LISTED","lang":"Flow_JS","group":"custom.plugin.group"},"id":"custom.plugin.template"}}
{"recorder_version":"11","session":"9fd15577eb5d","build":"191.7479.14","bucket":"98","time":1569933154124,"group":{"id":"actions","version":"11"},"event":{"count":3,"data":{"context_menu":false,"os":"Mac","last":1569933155321,"created":1569933154124,"plugin_type":"PLATFORM","project":"888625d43db943d430b677088ea446f51387da743b6714a2bb5770e620e8e0d5","place":"MainMenu","input_event":"Meta+A"},"id":"$SelectAll"}}
{"recorder_version":"11","session":"9fd15577eb5d","build":"191.7479.14","bucket":"98","time":1569933155653,"group":{"id":"actions","version":"11"},"event":{"count":1,"data":{"context_menu":false,"os":"Mac","created":1569933155653,"plugin_type":"PLATFORM","project":"888625d43db943d430b677088ea446f51387da743b6714a2bb5770e620e8e0d5","place":"MainMenu","input_event":"Escape"},"id":"EditorEscape"}}
{"recorder_version":"11","session":"9fd15577eb5d","build":"191.7479.14","bucket":"98","time":1569933156137,"group":{"id":"actions","version":"11"},"event":{"count":1,"data":{"context_menu":false,"os":"Mac","created":1569933156137,"plugin_type":"PLATFORM","project":"888625d43db943d430b677088ea446f51387da743b6714a2bb5770e620e8e0d5","place":"MainMenu","input_event":"Meta+A"},"id":"$SelectAll"}}
{"recorder_version":"11","session":"9fd15577eb5d","build":"191.7479.14","bucket":"98","time":1569933156508,"group":{"id":"actions","version":"11"},"event":{"count":1,"data":{"context_menu":false,"os":"Mac","created":1569933156508,"plugin_type":"PLATFORM","project":"888625d43db943d430b677088ea446f51387da743b6714a2bb5770e620e8e0d5","place":"MainMenu","input_event":"Backspace"},"id":"EditorBackSpace"}}
{"recorder_version":"11","session":"9fd15577eb5d","build":"191.7479.14","bucket":"98","time":1569933176251,"group":{"id":"actions","version":"11"},"event":{"count":1,"data":{"context_menu":false,"os":"Mac","created":1569933176251,"plugin_type":"PLATFORM","project":"888625d43db943d430b677088ea446f51387da743b6714a2bb5770e620e8e0d5","place":"MainMenu","input_event":"Down"},"id":"EditorDown"}}
{"recorder_version":"11","session":"9fd15577eb5d","build":"191.7479.14","bucket":"98","time":1569933176672,"group":{"id":"actions","version":"11"},"event":{"count":1,"data":{"context_menu":false,"os":"Mac","created":1569933176672,"plugin_type":"PLATFORM","project":"888625d43db943d430b677088ea446f51387da743b6714a2bb5770e620e8e0d5","place":"MainMenu","input_event":"Enter"},"id":"EditorChooseLookupItem"}}
{"recorder_version":"11","session":"9fd15577eb5d","build":"191.7479.14","bucket":"98","time":1569933176730,"group":{"id":"productivity","version":"11"},"event":{"count":1,"data":{"created":1569933176730},"id":"editing.completion.basic"}}
{"recorder_version":"11","session":"9fd15577eb5d","build":"191.7479.14","bucket":"98","time":1569933176732,"group":{"id":"live.templates","version":"11"},"event":{"count":1,"data":{"created":1569933176732,"plugin_type":"NOT_LISTED","lang":"Flow_JS","group":"custom.plugin.group"},"id":"custom.plugin.template"}}
{"recorder_version":"11","session":"9fd15577eb5d","build":"191.7479.14","bucket":"98","time":1569933179059,"group":{"id":"actions","version":"11"},"event":{"count":1,"data":{"context_menu":false,"os":"Mac","created":1569933179059,"plugin_type":"PLATFORM","project":"888625d43db943d430b677088ea446f51387da743b6714a2bb5770e620e8e0d5","place":"MainMenu","input_event":"Enter"},"id":"NextTemplateVariable"}}
{"recorder_version":"11","session":"9fd15577eb5d","build":"191.7479.14","bucket":"98","time":1569933180297,"group":{"id":"actions","version":"11"},"event":{"count":1,"data":{"context_menu":false,"os":"Mac","created":1569933180297,"plugin_type":"PLATFORM","project":"888625d43db943d430b677088ea446f51387da743b6714a2bb5770e620e8e0d5","place":"MainMenu","input_event":"Meta+A"},"id":"$SelectAll"}}
{"recorder_version":"11","session":"9fd15577eb5d","build":"191.7479.14","bucket":"98","time":1569933180644,"group":{"id":"actions","version":"11"},"event":{"count":1,"data":{"context_menu":false,"os":"Mac","created":1569933180645,"plugin_type":"PLATFORM","project":"888625d43db943d430b677088ea446f51387da743b6714a2bb5770e620e8e0d5","place":"MainMenu","input_event":"Backspace"},"id":"EditorBackSpace"}}
{"recorder_version":"11","session":"9fd15577eb5d","build":"191.7479.14","bucket":"98","time":1569933182242,"group":{"id":"actions","version":"11"},"event":{"count":2,"data":{"context_menu":false,"os":"Mac","last":1569933182388,"created":1569933182242,"plugin_type":"PLATFORM","project":"888625d43db943d430b677088ea446f51387da743b6714a2bb5770e620e8e0d5","place":"MainMenu","input_event":"Down"},"id":"EditorDown"}}
{"recorder_version":"11","session":"9fd15577eb5d","build":"191.7479.14","bucket":"98","time":1569933182683,"group":{"id":"actions","version":"11"},"event":{"count":1,"data":{"context_menu":false,"os":"Mac","created":1569933182683,"plugin_type":"PLATFORM","project":"888625d43db943d430b677088ea446f51387da743b6714a2bb5770e620e8e0d5","place":"MainMenu","input_event":"Enter"},"id":"EditorChooseLookupItem"}}
{"recorder_version":"11","session":"9fd15577eb5d","build":"191.7479.14","bucket":"98","time":1569933182722,"group":{"id":"productivity","version":"11"},"event":{"count":1,"data":{"created":1569933182722},"id":"editing.completion.basic"}}
{"recorder_version":"11","session":"9fd15577eb5d","build":"191.7479.14","bucket":"98","time":1569933182724,"group":{"id":"live.templates","version":"11"},"event":{"count":1,"data":{"created":1569933182724,"plugin_type":"NOT_LISTED","lang":"Flow_JS","group":"custom.plugin.group"},"id":"custom.plugin.template"}}
{"recorder_version":"11","session":"9fd15577eb5d","build":"191.7479.14","bucket":"98","time":1569933185587,"group":{"id":"actions","version":"11"},"event":{"count":1,"data":{"context_menu":false,"os":"Mac","created":1569933185587,"plugin_type":"PLATFORM","project":"888625d43db943d430b677088ea446f51387da743b6714a2bb5770e620e8e0d5","place":"MainMenu","input_event":"Enter"},"id":"NextTemplateVariable"}}
{"recorder_version":"11","session":"9fd15577eb5d","build":"191.7479.14","bucket":"98","time":1569933186882,"group":{"id":"actions","version":"11"},"event":{"count":1,"data":{"context_menu":false,"os":"Mac","created":1569933186882,"plugin_type":"PLATFORM","project":"888625d43db943d430b677088ea446f51387da743b6714a2bb5770e620e8e0d5","place":"MainMenu","input_event":"Meta+A"},"id":"$SelectAll"}}
{"recorder_version":"11","session":"9fd15577eb5d","build":"191.7479.14","bucket":"98","time":1569933187506,"group":{"id":"actions","version":"11"},"event":{"count":1,"data":{"context_menu":false,"os":"Mac","created":1569933187506,"plugin_type":"PLATFORM","project":"888625d43db943d430b677088ea446f51387da743b6714a2bb5770e620e8e0d5","place":"MainMenu","input_event":"Backspace"},"id":"EditorBackSpace"}}
{"recorder_version":"11","session":"9fd15577eb5d","build":"191.7479.14","bucket":"98","time":1569933223304,"group":{"id":"performance","version":"11"},"event":{"count":1,"data":{"duration_ms":233,"created":1569933223304},"id":"ui.lagging"}}
{"recorder_version":"11","session":"9fd15577eb5d","build":"191.7479.14","bucket":"98","time":1569933231088,"group":{"id":"performance","version":"11"},"event":{"count":1,"data":{"duration_ms":0,"created":1569933231088},"id":"ui.latency"}}
{"recorder_version":"11","session":"9fd15577eb5d","build":"191.7479.14","bucket":"98","time":1569933330101,"group":{"id":"file.types.usage","version":"11"},"event":{"count":1,"data":{"created":1569933330102},"id":"registered"}}
{"recorder_version":"11","session":"9fd15577eb5d","build":"191.7479.14","bucket":"98","time":1569933330101,"group":{"id":"actions.runAnything","version":"1"},"event":{"count":1,"data":{"created":1569933330108},"id":"registered"}}
{"recorder_version":"11","session":"9fd15577eb5d","build":"191.7479.14","bucket":"98","time":1569933330101,"group":{"id":"toolwindow","version":"11"},"event":{"count":1,"data":{"created":1569933330108},"id":"registered"}}
{"recorder_version":"11","session":"9fd15577eb5d","build":"191.7479.14","bucket":"98","time":1569933330101,"group":{"id":"live.templates","version":"11"},"event":{"count":1,"data":{"created":1569933330109},"id":"registered"}}
{"recorder_version":"11","session":"9fd15577eb5d","build":"191.7479.14","bucket":"98","time":1569933330101,"group":{"id":"ide.self.update","version":"1"},"event":{"count":1,"data":{"created":1569933330109},"id":"registered"}}
{"recorder_version":"11","session":"9fd15577eb5d","build":"191.7479.14","bucket":"98","time":1569933330101,"group":{"id":"lifecycle","version":"11"},"event":{"count":1,"data":{"created":1569933330109},"id":"registered"}}
{"recorder_version":"11","session":"9fd15577eb5d","build":"191.7479.14","bucket":"98","time":1569933330101,"group":{"id":"vcs.diff.trigger","version":"1"},"event":{"count":1,"data":{"created":1569933330109},"id":"registered"}}
{"recorder_version":"11","session":"9fd15577eb5d","build":"191.7479.14","bucket":"98","time":1569933330101,"group":{"id":"vcs.log.trigger","version":"1"},"event":{"count":1,"data":{"created":1569933330109},"id":"registered"}}
{"recorder_version":"11","session":"9fd15577eb5d","build":"191.7479.14","bucket":"98","time":1569933330101,"group":{"id":"productivity","version":"11"},"event":{"count":1,"data":{"created":1569933330109},"id":"registered"}}
{"recorder_version":"11","session":"9fd15577eb5d","build":"191.7479.14","bucket":"98","time":1569933330101,"group":{"id":"debugger.breakpoints.usage","version":"1"},"event":{"count":1,"data":{"created":1569933330109},"id":"registered"}}
{"recorder_version":"11","session":"9fd15577eb5d","build":"191.7479.14","bucket":"98","time":1569933330101,"group":{"id":"js.language.service.starts","version":"1"},"event":{"count":1,"data":{"created":1569933330109},"id":"registered"}}
{"recorder_version":"11","session":"9fd15577eb5d","build":"191.7479.14","bucket":"98","time":1569933330101,"group":{"id":"nodejs.run.configuration","version":"2"},"event":{"count":1,"data":{"created":1569933330109},"id":"registered"}}
{"recorder_version":"11","session":"9fd15577eb5d","build":"191.7479.14","bucket":"98","time":1569933330101,"group":{"id":"deployment.serverSettingsUI","version":"2"},"event":{"count":1,"data":{"created":1569933330110},"id":"registered"}}
{"recorder_version":"11","session":"9fd15577eb5d","build":"191.7479.14","bucket":"98","time":1569933330101,"group":{"id":"intentions","version":"11"},"event":{"count":1,"data":{"created":1569933330110},"id":"registered"}}
{"recorder_version":"11","session":"9fd15577eb5d","build":"191.7479.14","bucket":"98","time":1569933330101,"group":{"id":"ui.dialogs","version":"11"},"event":{"count":1,"data":{"created":1569933330110},"id":"registered"}}
{"recorder_version":"11","session":"9fd15577eb5d","build":"191.7479.14","bucket":"98","time":1569933330101,"group":{"id":"vcs.back.forward.trigger","version":"1"},"event":{"count":1,"data":{"created":1569933330110},"id":"registered"}}
{"recorder_version":"11","session":"9fd15577eb5d","build":"191.7479.14","bucket":"98","time":1569933330101,"group":{"id":"toolbar","version":"11"},"event":{"count":1,"data":{"created":1569933330110},"id":"registered"}}
{"recorder_version":"11","session":"9fd15577eb5d","build":"191.7479.14","bucket":"98","time":1569933330101,"group":{"id":"performance","version":"11"},"event":{"count":1,"data":{"created":1569933330110},"id":"registered"}}
{"recorder_version":"11","session":"9fd15577eb5d","build":"191.7479.14","bucket":"98","time":1569933330101,"group":{"id":"diagram.usages.trigger","version":"1"},"event":{"count":1,"data":{"created":1569933330110},"id":"registered"}}
{"recorder_version":"11","session":"9fd15577eb5d","build":"191.7479.14","bucket":"98","time":1569933330101,"group":{"id":"searchEverywhere","version":"1"},"event":{"count":1,"data":{"created":1569933330110},"id":"registered"}}
{"recorder_version":"11","session":"9fd15577eb5d","build":"191.7479.14","bucket":"98","time":1569933330101,"group":{"id":"ui.tips","version":"1"},"event":{"count":1,"data":{"created":1569933330111},"id":"registered"}}
{"recorder_version":"11","session":"9fd15577eb5d","build":"191.7479.14","bucket":"98","time":1569933330101,"group":{"id":"import.old.config","version":"1"},"event":{"count":1,"data":{"created":1569933330111},"id":"registered"}}
{"recorder_version":"11","session":"9fd15577eb5d","build":"191.7479.14","bucket":"98","time":1569933330101,"group":{"id":"json.schema","version":"1"},"event":{"count":1,"data":{"created":1569933330111},"id":"registered"}}
{"recorder_version":"11","session":"9fd15577eb5d","build":"191.7479.14","bucket":"98","time":1569933330101,"group":{"id":"terminalShell","version":"1"},"event":{"count":1,"data":{"created":1569933330111},"id":"registered"}}
{"recorder_version":"11","session":"9fd15577eb5d","build":"191.7479.14","bucket":"98","time":1569933330101,"group":{"id":"completion.postfix","version":"11"},"event":{"count":1,"data":{"created":1569933330111},"id":"registered"}}
{"recorder_version":"11","session":"9fd15577eb5d","build":"191.7479.14","bucket":"98","time":1569933330101,"group":{"id":"actions","version":"11"},"event":{"count":1,"data":{"created":1569933330111},"id":"registered"}}
{"recorder_version":"11","session":"9fd15577eb5d","build":"191.7479.14","bucket":"98","time":1569933330101,"group":{"id":"run.configuration.exec","version":"11"},"event":{"count":1,"data":{"created":1569933330111},"id":"registered"}}
{"recorder_version":"11","session":"9fd15577eb5d","build":"191.7479.14","bucket":"98","time":1569933331325,"group":{"id":"performance","version":"11"},"event":{"count":1,"data":{"duration_ms":0,"created":1569933331325},"id":"ui.latency"}}
{"recorder_version":"11","session":"9fd15577eb5d","build":"191.7479.14","bucket":"98","time":1569933431573,"group":{"id":"performance","version":"11"},"event":{"count":1,"data":{"duration_ms":1,"created":1569933431573},"id":"ui.latency"}}
{"recorder_version":"11","session":"9fd15577eb5d","build":"191.7479.14","bucket":"98","time":1569933531848,"group":{"id":"performance","version":"11"},"event":{"count":1,"data":{"duration_ms":0,"created":1569933531848},"id":"ui.latency"}}
{"recorder_version":"11","session":"9fd15577eb5d","build":"191.7479.14","bucket":"98","time":1569933632132,"group":{"id":"performance","version":"11"},"event":{"count":1,"data":{"duration_ms":0,"created":1569933632132},"id":"ui.latency"}}
{"recorder_version":"11","session":"9fd15577eb5d","build":"191.7479.14","bucket":"98","time":1569933732349,"group":{"id":"performance","version":"11"},"event":{"count":1,"data":{"duration_ms":0,"created":1569933732349},"id":"ui.latency"}}
{"recorder_version":"11","session":"9fd15577eb5d","build":"191.7479.14","bucket":"98","time":1569933832588,"group":{"id":"performance","version":"11"},"event":{"count":1,"data":{"duration_ms":0,"created":1569933832588},"id":"ui.latency"}}
{"recorder_version":"11","session":"9fd15577eb5d","build":"191.7479.14","bucket":"98","time":1569933932840,"group":{"id":"performance","version":"11"},"event":{"count":1,"data":{"duration_ms":1,"created":1569933932840},"id":"ui.latency"}}
{"recorder_version":"11","session":"9fd15577eb5d","build":"191.7479.14","bucket":"98","time":1569934033104,"group":{"id":"performance","version":"11"},"event":{"count":1,"data":{"duration_ms":0,"created":1569934033104},"id":"ui.latency"}}
{"recorder_version":"11","session":"9fd15577eb5d","build":"191.7479.14","bucket":"98","time":1569934133411,"group":{"id":"performance","version":"11"},"event":{"count":1,"data":{"duration_ms":0,"created":1569934133411},"id":"ui.latency"}}
{"recorder_version":"11","session":"9fd15577eb5d","build":"191.7479.14","bucket":"98","time":1569934233668,"group":{"id":"performance","version":"11"},"event":{"count":1,"data":{"duration_ms":0,"created":1569934233668},"id":"ui.latency"}}
{"recorder_version":"11","session":"9fd15577eb5d","build":"191.7479.14","bucket":"98","time":1569934333933,"group":{"id":"performance","version":"11"},"event":{"count":1,"data":{"duration_ms":0,"created":1569934333933},"id":"ui.latency"}}
