{"recorder_version":"11","session":"79ae4955a011","build":"191.7479.14","bucket":"98","time":1569935046658,"group":{"id":"settings","version":"2"},"event":{"state":true,"data":{"created":1569935046658,"invoked":true},"id":"NotRoamableUiSettings"}}
{"recorder_version":"11","session":"79ae4955a011","build":"191.7479.14","bucket":"98","time":1569935046663,"group":{"id":"system.os","version":"1"},"event":{"state":true,"data":{"created":1569935046670,"version":"10.14"},"id":"Mac"}}
{"recorder_version":"11","session":"79ae4955a011","build":"191.7479.14","bucket":"98","time":1569935046663,"group":{"id":"system.os","version":"1"},"event":{"state":true,"data":{"created":1569935046687},"id":"invoked"}}
{"recorder_version":"11","session":"79ae4955a011","build":"191.7479.14","bucket":"98","time":1569935046663,"group":{"id":"system.java","version":"1"},"event":{"state":true,"data":{"created":1569935046688,"version":"1.8"},"id":"Other"}}
{"recorder_version":"11","session":"79ae4955a011","build":"191.7479.14","bucket":"98","time":1569935046663,"group":{"id":"system.java","version":"1"},"event":{"state":true,"data":{"created":1569935046689},"id":"invoked"}}
{"recorder_version":"11","session":"79ae4955a011","build":"191.7479.14","bucket":"98","time":1569935046678,"group":{"id":"settings","version":"2"},"event":{"state":true,"data":{"created":1569935046690,"invoked":true},"id":"UISettings"}}
{"recorder_version":"11","session":"79ae4955a011","build":"191.7479.14","bucket":"98","time":1569935048301,"group":{"id":"settings","version":"2"},"event":{"state":true,"data":{"default":false,"created":1569935048301,"name":"showTipsOnStartup","value":false},"id":"GeneralSettings"}}
{"recorder_version":"11","session":"79ae4955a011","build":"191.7479.14","bucket":"98","time":1569935048301,"group":{"id":"settings","version":"2"},"event":{"state":true,"data":{"created":1569935048302,"invoked":true},"id":"GeneralSettings"}}
{"recorder_version":"11","session":"79ae4955a011","build":"191.7479.14","bucket":"98","time":1569935050340,"group":{"id":"performance","version":"11"},"event":{"count":1,"data":{"duration_ms":1664,"created":1569935050340},"id":"ui.latency"}}
{"recorder_version":"11","session":"79ae4955a011","build":"191.7479.14","bucket":"98","time":1569935050340,"group":{"id":"performance","version":"11"},"event":{"count":1,"data":{"duration_ms":1664,"created":1569935050341},"id":"ui.lagging"}}
{"recorder_version":"11","session":"79ae4955a011","build":"191.7479.14","bucket":"98","time":1569935050345,"group":{"id":"performance","version":"11"},"event":{"count":1,"data":{"duration_ms":672,"created":1569935050345},"id":"ui.lagging"}}
{"recorder_version":"11","session":"79ae4955a011","build":"191.7479.14","bucket":"98","time":1569935050680,"group":{"id":"ui.dialogs","version":"11"},"event":{"count":1,"data":{"created":1569935050680,"plugin_type":"PLATFORM","type":"show"},"id":"com.intellij.openapi.progress.util.ProgressDialog$MyDialogWrapper"}}
{"recorder_version":"11","session":"79ae4955a011","build":"191.7479.14","bucket":"98","time":1569935052598,"group":{"id":"ui.dialogs","version":"11"},"event":{"count":1,"data":{"code":1,"created":1569935052598,"plugin_type":"PLATFORM","type":"close"},"id":"com.intellij.openapi.progress.util.ProgressDialog$MyDialogWrapper"}}
{"recorder_version":"11","session":"79ae4955a011","build":"191.7479.14","bucket":"98","time":1569935052616,"group":{"id":"lifecycle","version":"11"},"event":{"count":1,"data":{"created":1569935052616,"project":"888625d43db943d430b677088ea446f51387da743b6714a2bb5770e620e8e0d5"},"id":"project.opened"}}
{"recorder_version":"11","session":"79ae4955a011","build":"191.7479.14","bucket":"98","time":1569935053876,"group":{"id":"performance","version":"11"},"event":{"count":1,"data":{"duration_ms":1184,"created":1569935053876},"id":"ui.lagging"}}
{"recorder_version":"11","session":"79ae4955a011","build":"191.7479.14","bucket":"98","time":1569935053908,"group":{"id":"performance","version":"11"},"event":{"count":1,"data":{"duration_ms":215,"created":1569935053908},"id":"ui.lagging"}}
{"recorder_version":"11","session":"79ae4955a011","build":"191.7479.14","bucket":"98","time":1569935053960,"group":{"id":"ui.dialogs","version":"11"},"event":{"count":1,"data":{"created":1569935053960,"plugin_type":"PLATFORM","type":"show"},"id":"com.intellij.openapi.progress.util.ProgressDialog$MyDialogWrapper"}}
{"recorder_version":"11","session":"79ae4955a011","build":"191.7479.14","bucket":"98","time":1569935056160,"group":{"id":"performance","version":"11"},"event":{"count":1,"data":{"duration_ms":1464,"created":1569935056160},"id":"ui.lagging"}}
{"recorder_version":"11","session":"79ae4955a011","build":"191.7479.14","bucket":"98","time":1569935056165,"group":{"id":"performance","version":"11"},"event":{"count":1,"data":{"duration_ms":467,"created":1569935056165},"id":"ui.lagging"}}
{"recorder_version":"11","session":"79ae4955a011","build":"191.7479.14","bucket":"98","time":1569935056474,"group":{"id":"toolwindow","version":"11"},"event":{"count":1,"data":{"os":"Mac","created":1569935056474,"plugin_type":"PLATFORM"},"id":"Project"}}
{"recorder_version":"11","session":"79ae4955a011","build":"191.7479.14","bucket":"98","time":1569935057616,"group":{"id":"lifecycle","version":"11"},"event":{"count":1,"data":{"internal":true,"eap":false,"created":1569935057616},"id":"ide.start"}}
{"recorder_version":"11","session":"79ae4955a011","build":"191.7479.14","bucket":"98","time":1569935057688,"group":{"id":"performance","version":"11"},"event":{"count":1,"data":{"duration_ms":986,"created":1569935057693},"id":"ui.lagging"}}
{"recorder_version":"11","session":"79ae4955a011","build":"191.7479.14","bucket":"98","time":1569935057828,"group":{"id":"performance","version":"11"},"event":{"count":1,"data":{"duration_ms":126,"created":1569935057828},"id":"ui.lagging"}}
{"recorder_version":"11","session":"79ae4955a011","build":"191.7479.14","bucket":"98","time":1569935058807,"group":{"id":"project.fs","version":"1"},"event":{"state":true,"data":{"os":"Mac","cs-project":false,"created":1569935058807,"project":"888625d43db943d430b677088ea446f51387da743b6714a2bb5770e620e8e0d5","cs-implicit":true,"cs-system":false},"id":"case-sensitivity"}}
{"recorder_version":"11","session":"79ae4955a011","build":"191.7479.14","bucket":"98","time":1569935058807,"group":{"id":"project.fs","version":"1"},"event":{"state":true,"data":{"created":1569935058808},"id":"invoked"}}
{"recorder_version":"11","session":"79ae4955a011","build":"191.7479.14","bucket":"98","time":1569935058808,"group":{"id":"project.fs","version":"1"},"event":{"state":true,"data":{"pct-non-watched":0,"created":1569935058808,"project":"888625d43db943d430b677088ea446f51387da743b6714a2bb5770e620e8e0d5"},"id":"roots-watched"}}
{"recorder_version":"11","session":"79ae4955a011","build":"191.7479.14","bucket":"98","time":1569935058808,"group":{"id":"project.fs","version":"1"},"event":{"state":true,"data":{"created":1569935058809},"id":"invoked"}}
{"recorder_version":"11","session":"79ae4955a011","build":"191.7479.14","bucket":"98","time":1569935058824,"group":{"id":"performance","version":"11"},"event":{"count":1,"data":{"duration_ms":122,"created":1569935058824},"id":"ui.lagging"}}
{"recorder_version":"11","session":"79ae4955a011","build":"191.7479.14","bucket":"98","time":1569935059006,"group":{"id":"ui.dialogs","version":"11"},"event":{"count":1,"data":{"code":1,"created":1569935059006,"plugin_type":"PLATFORM","type":"close"},"id":"com.intellij.openapi.progress.util.ProgressDialog$MyDialogWrapper"}}
{"recorder_version":"11","session":"79ae4955a011","build":"191.7479.14","bucket":"98","time":1569935059070,"group":{"id":"lifecycle","version":"11"},"event":{"count":1,"data":{"created":1569935059070,"time_ms":8956,"project":"888625d43db943d430b677088ea446f51387da743b6714a2bb5770e620e8e0d5"},"id":"project.opening.finished"}}
{"recorder_version":"11","session":"79ae4955a011","build":"191.7479.14","bucket":"98","time":1569935060013,"group":{"id":"performance","version":"11"},"event":{"count":1,"data":{"duration_ms":308,"created":1569935060013},"id":"ui.lagging"}}
{"recorder_version":"11","session":"79ae4955a011","build":"191.7479.14","bucket":"98","time":1569935150912,"group":{"id":"performance","version":"11"},"event":{"count":1,"data":{"duration_ms":0,"created":1569935150912},"id":"ui.latency"}}
{"recorder_version":"11","session":"79ae4955a011","build":"191.7479.14","bucket":"98","time":1569935251166,"group":{"id":"performance","version":"11"},"event":{"count":1,"data":{"duration_ms":1,"created":1569935251166},"id":"ui.latency"}}
{"recorder_version":"11","session":"79ae4955a011","build":"191.7479.14","bucket":"98","time":1569935350350,"group":{"id":"file.types.usage","version":"11"},"event":{"count":1,"data":{"created":1569935350350},"id":"registered"}}
{"recorder_version":"11","session":"79ae4955a011","build":"191.7479.14","bucket":"98","time":1569935350350,"group":{"id":"actions.runAnything","version":"1"},"event":{"count":1,"data":{"created":1569935350351},"id":"registered"}}
{"recorder_version":"11","session":"79ae4955a011","build":"191.7479.14","bucket":"98","time":1569935350350,"group":{"id":"toolwindow","version":"11"},"event":{"count":1,"data":{"created":1569935350351},"id":"registered"}}
{"recorder_version":"11","session":"79ae4955a011","build":"191.7479.14","bucket":"98","time":1569935350350,"group":{"id":"live.templates","version":"11"},"event":{"count":1,"data":{"created":1569935350352},"id":"registered"}}
{"recorder_version":"11","session":"79ae4955a011","build":"191.7479.14","bucket":"98","time":1569935350350,"group":{"id":"ide.self.update","version":"1"},"event":{"count":1,"data":{"created":1569935350352},"id":"registered"}}
{"recorder_version":"11","session":"79ae4955a011","build":"191.7479.14","bucket":"98","time":1569935350350,"group":{"id":"lifecycle","version":"11"},"event":{"count":1,"data":{"created":1569935350352},"id":"registered"}}
{"recorder_version":"11","session":"79ae4955a011","build":"191.7479.14","bucket":"98","time":1569935350350,"group":{"id":"vcs.diff.trigger","version":"1"},"event":{"count":1,"data":{"created":1569935350353},"id":"registered"}}
{"recorder_version":"11","session":"79ae4955a011","build":"191.7479.14","bucket":"98","time":1569935350350,"group":{"id":"vcs.log.trigger","version":"1"},"event":{"count":1,"data":{"created":1569935350353},"id":"registered"}}
{"recorder_version":"11","session":"79ae4955a011","build":"191.7479.14","bucket":"98","time":1569935350350,"group":{"id":"productivity","version":"11"},"event":{"count":1,"data":{"created":1569935350353},"id":"registered"}}
{"recorder_version":"11","session":"79ae4955a011","build":"191.7479.14","bucket":"98","time":1569935350350,"group":{"id":"debugger.breakpoints.usage","version":"1"},"event":{"count":1,"data":{"created":1569935350353},"id":"registered"}}
{"recorder_version":"11","session":"79ae4955a011","build":"191.7479.14","bucket":"98","time":1569935350350,"group":{"id":"js.language.service.starts","version":"1"},"event":{"count":1,"data":{"created":1569935350354},"id":"registered"}}
{"recorder_version":"11","session":"79ae4955a011","build":"191.7479.14","bucket":"98","time":1569935350350,"group":{"id":"nodejs.run.configuration","version":"2"},"event":{"count":1,"data":{"created":1569935350354},"id":"registered"}}
{"recorder_version":"11","session":"79ae4955a011","build":"191.7479.14","bucket":"98","time":1569935350350,"group":{"id":"deployment.serverSettingsUI","version":"2"},"event":{"count":1,"data":{"created":1569935350355},"id":"registered"}}
{"recorder_version":"11","session":"79ae4955a011","build":"191.7479.14","bucket":"98","time":1569935350350,"group":{"id":"intentions","version":"11"},"event":{"count":1,"data":{"created":1569935350355},"id":"registered"}}
{"recorder_version":"11","session":"79ae4955a011","build":"191.7479.14","bucket":"98","time":1569935350350,"group":{"id":"ui.dialogs","version":"11"},"event":{"count":1,"data":{"created":1569935350355},"id":"registered"}}
{"recorder_version":"11","session":"79ae4955a011","build":"191.7479.14","bucket":"98","time":1569935350350,"group":{"id":"vcs.back.forward.trigger","version":"1"},"event":{"count":1,"data":{"created":1569935350355},"id":"registered"}}
{"recorder_version":"11","session":"79ae4955a011","build":"191.7479.14","bucket":"98","time":1569935350350,"group":{"id":"toolbar","version":"11"},"event":{"count":1,"data":{"created":1569935350356},"id":"registered"}}
{"recorder_version":"11","session":"79ae4955a011","build":"191.7479.14","bucket":"98","time":1569935350350,"group":{"id":"performance","version":"11"},"event":{"count":1,"data":{"created":1569935350356},"id":"registered"}}
{"recorder_version":"11","session":"79ae4955a011","build":"191.7479.14","bucket":"98","time":1569935350350,"group":{"id":"diagram.usages.trigger","version":"1"},"event":{"count":1,"data":{"created":1569935350356},"id":"registered"}}
{"recorder_version":"11","session":"79ae4955a011","build":"191.7479.14","bucket":"98","time":1569935350350,"group":{"id":"searchEverywhere","version":"1"},"event":{"count":1,"data":{"created":1569935350356},"id":"registered"}}
{"recorder_version":"11","session":"79ae4955a011","build":"191.7479.14","bucket":"98","time":1569935350350,"group":{"id":"ui.tips","version":"1"},"event":{"count":1,"data":{"created":1569935350357},"id":"registered"}}
{"recorder_version":"11","session":"79ae4955a011","build":"191.7479.14","bucket":"98","time":1569935350350,"group":{"id":"import.old.config","version":"1"},"event":{"count":1,"data":{"created":1569935350357},"id":"registered"}}
{"recorder_version":"11","session":"79ae4955a011","build":"191.7479.14","bucket":"98","time":1569935350350,"group":{"id":"json.schema","version":"1"},"event":{"count":1,"data":{"created":1569935350357},"id":"registered"}}
{"recorder_version":"11","session":"79ae4955a011","build":"191.7479.14","bucket":"98","time":1569935350350,"group":{"id":"terminalShell","version":"1"},"event":{"count":1,"data":{"created":1569935350358},"id":"registered"}}
{"recorder_version":"11","session":"79ae4955a011","build":"191.7479.14","bucket":"98","time":1569935350350,"group":{"id":"completion.postfix","version":"11"},"event":{"count":1,"data":{"created":1569935350358},"id":"registered"}}
{"recorder_version":"11","session":"79ae4955a011","build":"191.7479.14","bucket":"98","time":1569935350350,"group":{"id":"actions","version":"11"},"event":{"count":1,"data":{"created":1569935350358},"id":"registered"}}
{"recorder_version":"11","session":"79ae4955a011","build":"191.7479.14","bucket":"98","time":1569935350350,"group":{"id":"run.configuration.exec","version":"11"},"event":{"count":1,"data":{"created":1569935350358},"id":"registered"}}
{"recorder_version":"11","session":"79ae4955a011","build":"191.7479.14","bucket":"98","time":1569935351419,"group":{"id":"performance","version":"11"},"event":{"count":1,"data":{"duration_ms":0,"created":1569935351419},"id":"ui.latency"}}
