{"recorder_version":"11","session":"871bd96cbd64","build":"191.7479.14","bucket":"98","time":1569926279847,"group":{"id":"settings","version":"2"},"event":{"state":true,"data":{"created":1569926279847,"invoked":true},"id":"NotRoamableUiSettings"}}
{"recorder_version":"11","session":"871bd96cbd64","build":"191.7479.14","bucket":"98","time":1569926279851,"group":{"id":"system.os","version":"1"},"event":{"state":true,"data":{"created":1569926279856,"version":"10.14"},"id":"Mac"}}
{"recorder_version":"11","session":"871bd96cbd64","build":"191.7479.14","bucket":"98","time":1569926279851,"group":{"id":"system.os","version":"1"},"event":{"state":true,"data":{"created":1569926279868},"id":"invoked"}}
{"recorder_version":"11","session":"871bd96cbd64","build":"191.7479.14","bucket":"98","time":1569926279851,"group":{"id":"system.java","version":"1"},"event":{"state":true,"data":{"created":1569926279869,"version":"1.8"},"id":"Other"}}
{"recorder_version":"11","session":"871bd96cbd64","build":"191.7479.14","bucket":"98","time":1569926279851,"group":{"id":"system.java","version":"1"},"event":{"state":true,"data":{"created":1569926279869},"id":"invoked"}}
{"recorder_version":"11","session":"871bd96cbd64","build":"191.7479.14","bucket":"98","time":1569926279851,"group":{"id":"settings","version":"2"},"event":{"state":true,"data":{"created":1569926279870,"invoked":true},"id":"UISettings"}}
{"recorder_version":"11","session":"871bd96cbd64","build":"191.7479.14","bucket":"98","time":1569926280867,"group":{"id":"settings","version":"2"},"event":{"state":true,"data":{"default":false,"created":1569926280868,"name":"showTipsOnStartup","value":false},"id":"GeneralSettings"}}
{"recorder_version":"11","session":"871bd96cbd64","build":"191.7479.14","bucket":"98","time":1569926280868,"group":{"id":"settings","version":"2"},"event":{"state":true,"data":{"created":1569926280868,"invoked":true},"id":"GeneralSettings"}}
{"recorder_version":"11","session":"871bd96cbd64","build":"191.7479.14","bucket":"98","time":1569926282414,"group":{"id":"performance","version":"11"},"event":{"count":1,"data":{"duration_ms":983,"created":1569926282415},"id":"ui.latency"}}
{"recorder_version":"11","session":"871bd96cbd64","build":"191.7479.14","bucket":"98","time":1569926282415,"group":{"id":"performance","version":"11"},"event":{"count":1,"data":{"duration_ms":983,"created":1569926282415},"id":"ui.lagging"}}
{"recorder_version":"11","session":"871bd96cbd64","build":"191.7479.14","bucket":"98","time":1569926282751,"group":{"id":"ui.dialogs","version":"11"},"event":{"count":1,"data":{"created":1569926282751,"plugin_type":"PLATFORM","type":"show"},"id":"com.intellij.openapi.progress.util.ProgressDialog$MyDialogWrapper"}}
{"recorder_version":"11","session":"871bd96cbd64","build":"191.7479.14","bucket":"98","time":1569926283841,"group":{"id":"ui.dialogs","version":"11"},"event":{"count":1,"data":{"code":1,"created":1569926283842,"plugin_type":"PLATFORM","type":"close"},"id":"com.intellij.openapi.progress.util.ProgressDialog$MyDialogWrapper"}}
{"recorder_version":"11","session":"871bd96cbd64","build":"191.7479.14","bucket":"98","time":1569926283858,"group":{"id":"lifecycle","version":"11"},"event":{"count":1,"data":{"created":1569926283858,"project":"01cbb86627df8c3d1e7da1beeebcfff96563e38de342f2ce60954aa5fb7d9bc2"},"id":"project.opened"}}
{"recorder_version":"11","session":"871bd96cbd64","build":"191.7479.14","bucket":"98","time":1569926284965,"group":{"id":"performance","version":"11"},"event":{"count":1,"data":{"duration_ms":536,"created":1569926284965},"id":"ui.lagging"}}
{"recorder_version":"11","session":"871bd96cbd64","build":"191.7479.14","bucket":"98","time":1569926285159,"group":{"id":"ui.dialogs","version":"11"},"event":{"count":1,"data":{"created":1569926285159,"plugin_type":"PLATFORM","type":"show"},"id":"com.intellij.openapi.progress.util.ProgressDialog$MyDialogWrapper"}}
{"recorder_version":"11","session":"871bd96cbd64","build":"191.7479.14","bucket":"98","time":1569926286626,"group":{"id":"performance","version":"11"},"event":{"count":1,"data":{"duration_ms":195,"created":1569926286627},"id":"ui.lagging"}}
{"recorder_version":"11","session":"871bd96cbd64","build":"191.7479.14","bucket":"98","time":1569926286772,"group":{"id":"toolwindow","version":"11"},"event":{"count":1,"data":{"os":"Mac","created":1569926286772,"plugin_type":"PLATFORM"},"id":"Project"}}
{"recorder_version":"11","session":"871bd96cbd64","build":"191.7479.14","bucket":"98","time":1569926287160,"group":{"id":"lifecycle","version":"11"},"event":{"count":1,"data":{"internal":true,"eap":false,"created":1569926287160},"id":"ide.start"}}
{"recorder_version":"11","session":"871bd96cbd64","build":"191.7479.14","bucket":"98","time":1569926287824,"group":{"id":"performance","version":"11"},"event":{"count":1,"data":{"duration_ms":392,"created":1569926287824},"id":"ui.lagging"}}
{"recorder_version":"11","session":"871bd96cbd64","build":"191.7479.14","bucket":"98","time":1569926287965,"group":{"id":"project.fs","version":"1"},"event":{"state":true,"data":{"os":"Mac","cs-project":false,"created":1569926287965,"project":"01cbb86627df8c3d1e7da1beeebcfff96563e38de342f2ce60954aa5fb7d9bc2","cs-implicit":true,"cs-system":false},"id":"case-sensitivity"}}
{"recorder_version":"11","session":"871bd96cbd64","build":"191.7479.14","bucket":"98","time":1569926287965,"group":{"id":"project.fs","version":"1"},"event":{"state":true,"data":{"created":1569926287966},"id":"invoked"}}
{"recorder_version":"11","session":"871bd96cbd64","build":"191.7479.14","bucket":"98","time":1569926287966,"group":{"id":"project.fs","version":"1"},"event":{"state":true,"data":{"pct-non-watched":0,"created":1569926287966,"project":"01cbb86627df8c3d1e7da1beeebcfff96563e38de342f2ce60954aa5fb7d9bc2"},"id":"roots-watched"}}
{"recorder_version":"11","session":"871bd96cbd64","build":"191.7479.14","bucket":"98","time":1569926287966,"group":{"id":"project.fs","version":"1"},"event":{"state":true,"data":{"created":1569926287967},"id":"invoked"}}
{"recorder_version":"11","session":"871bd96cbd64","build":"191.7479.14","bucket":"98","time":1569926288108,"group":{"id":"ui.dialogs","version":"11"},"event":{"count":1,"data":{"code":1,"created":1569926288108,"plugin_type":"PLATFORM","type":"close"},"id":"com.intellij.openapi.progress.util.ProgressDialog$MyDialogWrapper"}}
{"recorder_version":"11","session":"871bd96cbd64","build":"191.7479.14","bucket":"98","time":1569926288473,"group":{"id":"lifecycle","version":"11"},"event":{"count":1,"data":{"created":1569926288473,"time_ms":6176,"project":"01cbb86627df8c3d1e7da1beeebcfff96563e38de342f2ce60954aa5fb7d9bc2"},"id":"project.opening.finished"}}
{"recorder_version":"11","session":"871bd96cbd64","build":"191.7479.14","bucket":"98","time":1569926288594,"group":{"id":"performance","version":"11"},"event":{"count":1,"data":{"duration_ms":160,"created":1569926288594},"id":"ui.lagging"}}
{"recorder_version":"11","session":"871bd96cbd64","build":"191.7479.14","bucket":"98","time":1569926289600,"group":{"id":"performance","version":"11"},"event":{"count":1,"data":{"duration_ms":165,"created":1569926289600},"id":"ui.lagging"}}
{"recorder_version":"11","session":"871bd96cbd64","build":"191.7479.14","bucket":"98","time":1569926290548,"group":{"id":"performance","version":"11"},"event":{"count":1,"data":{"duration_ms":114,"created":1569926290548},"id":"ui.lagging"}}
{"recorder_version":"11","session":"871bd96cbd64","build":"191.7479.14","bucket":"98","time":1569926294094,"group":{"id":"ui.dialogs","version":"11"},"event":{"count":1,"data":{"created":1569926294094,"plugin_type":"PLATFORM","type":"show"},"id":"com.intellij.openapi.options.newEditor.SettingsDialog"}}
{"recorder_version":"11","session":"871bd96cbd64","build":"191.7479.14","bucket":"98","time":1569926294408,"group":{"id":"performance","version":"11"},"event":{"count":1,"data":{"duration_ms":716,"created":1569926294408},"id":"ui.lagging"}}
{"recorder_version":"11","session":"871bd96cbd64","build":"191.7479.14","bucket":"98","time":1569926307232,"group":{"id":"ui.dialogs","version":"11"},"event":{"count":1,"data":{"code":1,"created":1569926307232,"plugin_type":"PLATFORM","type":"close"},"id":"com.intellij.openapi.options.newEditor.SettingsDialog"}}
{"recorder_version":"11","session":"871bd96cbd64","build":"191.7479.14","bucket":"98","time":1569926307861,"group":{"id":"actions","version":"11"},"event":{"count":1,"data":{"context_menu":false,"os":"Mac","created":1569926307861,"plugin_type":"PLATFORM","project":"01cbb86627df8c3d1e7da1beeebcfff96563e38de342f2ce60954aa5fb7d9bc2","place":"MainMenu","input_event":"Meta+A"},"id":"$SelectAll"}}
{"recorder_version":"11","session":"871bd96cbd64","build":"191.7479.14","bucket":"98","time":1569926308522,"group":{"id":"actions","version":"11"},"event":{"count":1,"data":{"context_menu":false,"os":"Mac","created":1569926308522,"plugin_type":"PLATFORM","project":"01cbb86627df8c3d1e7da1beeebcfff96563e38de342f2ce60954aa5fb7d9bc2","place":"MainMenu","input_event":"Backspace"},"id":"EditorBackSpace"}}
{"recorder_version":"11","session":"871bd96cbd64","build":"191.7479.14","bucket":"98","time":1569926309192,"group":{"id":"file.types.usage","version":"11"},"event":{"count":1,"data":{"plugin":"JavaScript","created":1569926309192,"plugin_type":"JB_BUNDLED","project":"01cbb86627df8c3d1e7da1beeebcfff96563e38de342f2ce60954aa5fb7d9bc2","type":"edit"},"id":"JavaScript"}}
{"recorder_version":"11","session":"871bd96cbd64","build":"191.7479.14","bucket":"98","time":1569926310762,"group":{"id":"actions","version":"11"},"event":{"count":1,"data":{"context_menu":false,"os":"Mac","created":1569926310762,"plugin_type":"PLATFORM","project":"01cbb86627df8c3d1e7da1beeebcfff96563e38de342f2ce60954aa5fb7d9bc2","place":"MainMenu","input_event":"Ctrl+Space"},"id":"CodeCompletion"}}
{"recorder_version":"11","session":"871bd96cbd64","build":"191.7479.14","bucket":"98","time":1569926310763,"group":{"id":"productivity","version":"11"},"event":{"count":1,"data":{"created":1569926310763},"id":"editing.completion.basic"}}
{"recorder_version":"11","session":"871bd96cbd64","build":"191.7479.14","bucket":"98","time":1569926311357,"group":{"id":"productivity","version":"11"},"event":{"count":1,"data":{"created":1569926311357},"id":"editing.completion.camelHumps"}}
{"recorder_version":"11","session":"871bd96cbd64","build":"191.7479.14","bucket":"98","time":1569926313001,"group":{"id":"actions","version":"11"},"event":{"count":1,"data":{"context_menu":false,"os":"Mac","created":1569926313001,"plugin_type":"PLATFORM","project":"01cbb86627df8c3d1e7da1beeebcfff96563e38de342f2ce60954aa5fb7d9bc2","place":"MainMenu","input_event":"Meta+A"},"id":"$SelectAll"}}
{"recorder_version":"11","session":"871bd96cbd64","build":"191.7479.14","bucket":"98","time":1569926313202,"group":{"id":"actions","version":"11"},"event":{"count":4,"data":{"context_menu":false,"os":"Mac","last":1569926316603,"created":1569926313202,"plugin_type":"PLATFORM","project":"01cbb86627df8c3d1e7da1beeebcfff96563e38de342f2ce60954aa5fb7d9bc2","place":"MainMenu","input_event":"Backspace"},"id":"EditorBackSpace"}}
{"recorder_version":"11","session":"871bd96cbd64","build":"191.7479.14","bucket":"98","time":1569926318292,"group":{"id":"ui.dialogs","version":"11"},"event":{"count":1,"data":{"created":1569926318295,"plugin_type":"PLATFORM","type":"show"},"id":"com.intellij.openapi.options.newEditor.SettingsDialog"}}
{"recorder_version":"11","session":"871bd96cbd64","build":"191.7479.14","bucket":"98","time":1569926342009,"group":{"id":"ui.dialogs","version":"11"},"event":{"count":1,"data":{"code":0,"created":1569926342009,"plugin_type":"PLATFORM","type":"close"},"id":"com.intellij.openapi.options.newEditor.SettingsDialog"}}
{"recorder_version":"11","session":"871bd96cbd64","build":"191.7479.14","bucket":"98","time":1569926342036,"group":{"id":"performance","version":"11"},"event":{"count":1,"data":{"duration_ms":204,"created":1569926342036},"id":"ui.lagging"}}
{"recorder_version":"11","session":"871bd96cbd64","build":"191.7479.14","bucket":"98","time":1569926347307,"group":{"id":"actions","version":"11"},"event":{"count":1,"data":{"context_menu":false,"os":"Mac","created":1569926347307,"plugin_type":"PLATFORM","project":"01cbb86627df8c3d1e7da1beeebcfff96563e38de342f2ce60954aa5fb7d9bc2","place":"MainMenu","input_event":"Backspace"},"id":"EditorBackSpace"}}
{"recorder_version":"11","session":"871bd96cbd64","build":"191.7479.14","bucket":"98","time":1569926348170,"group":{"id":"actions","version":"11"},"event":{"count":1,"data":{"context_menu":false,"os":"Mac","created":1569926348170,"plugin_type":"PLATFORM","project":"01cbb86627df8c3d1e7da1beeebcfff96563e38de342f2ce60954aa5fb7d9bc2","place":"MainMenu","input_event":"Ctrl+Space"},"id":"CodeCompletion"}}
{"recorder_version":"11","session":"871bd96cbd64","build":"191.7479.14","bucket":"98","time":1569926348170,"group":{"id":"productivity","version":"11"},"event":{"count":1,"data":{"created":1569926348174},"id":"editing.completion.basic"}}
{"recorder_version":"11","session":"871bd96cbd64","build":"191.7479.14","bucket":"98","time":1569926348563,"group":{"id":"actions","version":"11"},"event":{"count":1,"data":{"context_menu":false,"os":"Mac","created":1569926348563,"plugin_type":"PLATFORM","project":"01cbb86627df8c3d1e7da1beeebcfff96563e38de342f2ce60954aa5fb7d9bc2","place":"MainMenu","input_event":"Enter"},"id":"EditorChooseLookupItem"}}
{"recorder_version":"11","session":"871bd96cbd64","build":"191.7479.14","bucket":"98","time":1569926348590,"group":{"id":"live.templates","version":"11"},"event":{"count":1,"data":{"created":1569926348590,"plugin_type":"NOT_LISTED","lang":"Flow_JS","group":"custom.plugin.group"},"id":"custom.plugin.template"}}
{"recorder_version":"11","session":"871bd96cbd64","build":"191.7479.14","bucket":"98","time":1569926349884,"group":{"id":"actions","version":"11"},"event":{"count":11,"data":{"context_menu":false,"os":"Mac","last":1569926352138,"created":1569926349884,"plugin_type":"PLATFORM","project":"01cbb86627df8c3d1e7da1beeebcfff96563e38de342f2ce60954aa5fb7d9bc2","place":"MainMenu","input_event":"Meta+Z"},"id":"$Undo"}}
{"recorder_version":"11","session":"871bd96cbd64","build":"191.7479.14","bucket":"98","time":1569926362289,"group":{"id":"ui.dialogs","version":"11"},"event":{"count":1,"data":{"created":1569926362289,"plugin_type":"PLATFORM","type":"show"},"id":"com.intellij.openapi.options.newEditor.SettingsDialog"}}
{"recorder_version":"11","session":"871bd96cbd64","build":"191.7479.14","bucket":"98","time":1569926364732,"group":{"id":"actions","version":"11"},"event":{"count":1,"data":{"context_menu":false,"os":"Mac","created":1569926364732,"plugin_type":"PLATFORM","project":"01cbb86627df8c3d1e7da1beeebcfff96563e38de342f2ce60954aa5fb7d9bc2","place":"unknown","input_event":"MouseLeft"},"id":"com.intellij.ui.CommonActionsPanel$MyActionButton"}}
{"recorder_version":"11","session":"871bd96cbd64","build":"191.7479.14","bucket":"98","time":1569926364736,"group":{"id":"toolbar","version":"11"},"event":{"count":1,"data":{"os":"Mac","created":1569926364736,"plugin_type":"PLATFORM","place":"unknown"},"id":"com.intellij.ui.CommonActionsPanel$MyActionButton"}}
