{"recorder_version":"11","session":"33227a4bfda6","build":"191.7479.14","bucket":"98","time":1569934478621,"group":{"id":"settings","version":"2"},"event":{"state":true,"data":{"created":1569934478622,"invoked":true},"id":"NotRoamableUiSettings"}}
{"recorder_version":"11","session":"33227a4bfda6","build":"191.7479.14","bucket":"98","time":1569934478625,"group":{"id":"settings","version":"2"},"event":{"state":true,"data":{"created":1569934478632,"invoked":true},"id":"UISettings"}}
{"recorder_version":"11","session":"33227a4bfda6","build":"191.7479.14","bucket":"98","time":1569934478625,"group":{"id":"system.os","version":"1"},"event":{"state":true,"data":{"created":1569934478645,"version":"10.14"},"id":"Mac"}}
{"recorder_version":"11","session":"33227a4bfda6","build":"191.7479.14","bucket":"98","time":1569934478625,"group":{"id":"system.os","version":"1"},"event":{"state":true,"data":{"created":1569934478646},"id":"invoked"}}
{"recorder_version":"11","session":"33227a4bfda6","build":"191.7479.14","bucket":"98","time":1569934478625,"group":{"id":"system.java","version":"1"},"event":{"state":true,"data":{"created":1569934478647,"version":"1.8"},"id":"Other"}}
{"recorder_version":"11","session":"33227a4bfda6","build":"191.7479.14","bucket":"98","time":1569934478625,"group":{"id":"system.java","version":"1"},"event":{"state":true,"data":{"created":1569934478647},"id":"invoked"}}
{"recorder_version":"11","session":"33227a4bfda6","build":"191.7479.14","bucket":"98","time":1569934479833,"group":{"id":"settings","version":"2"},"event":{"state":true,"data":{"default":false,"created":1569934479833,"name":"showTipsOnStartup","value":false},"id":"GeneralSettings"}}
{"recorder_version":"11","session":"33227a4bfda6","build":"191.7479.14","bucket":"98","time":1569934479833,"group":{"id":"settings","version":"2"},"event":{"state":true,"data":{"created":1569934479834,"invoked":true},"id":"GeneralSettings"}}
{"recorder_version":"11","session":"33227a4bfda6","build":"191.7479.14","bucket":"98","time":1569934482918,"group":{"id":"performance","version":"11"},"event":{"count":1,"data":{"duration_ms":2629,"created":1569934482918},"id":"ui.latency"}}
{"recorder_version":"11","session":"33227a4bfda6","build":"191.7479.14","bucket":"98","time":1569934482918,"group":{"id":"performance","version":"11"},"event":{"count":1,"data":{"duration_ms":2629,"created":1569934482919},"id":"ui.lagging"}}
{"recorder_version":"11","session":"33227a4bfda6","build":"191.7479.14","bucket":"98","time":1569934482930,"group":{"id":"performance","version":"11"},"event":{"count":1,"data":{"duration_ms":1646,"created":1569934482933},"id":"ui.lagging"}}
{"recorder_version":"11","session":"33227a4bfda6","build":"191.7479.14","bucket":"98","time":1569934482944,"group":{"id":"performance","version":"11"},"event":{"count":1,"data":{"duration_ms":659,"created":1569934482944},"id":"ui.lagging"}}
{"recorder_version":"11","session":"33227a4bfda6","build":"191.7479.14","bucket":"98","time":1569934483293,"group":{"id":"ui.dialogs","version":"11"},"event":{"count":1,"data":{"created":1569934483293,"plugin_type":"PLATFORM","type":"show"},"id":"com.intellij.openapi.progress.util.ProgressDialog$MyDialogWrapper"}}
{"recorder_version":"11","session":"33227a4bfda6","build":"191.7479.14","bucket":"98","time":1569934483422,"group":{"id":"performance","version":"11"},"event":{"count":1,"data":{"duration_ms":135,"created":1569934483423},"id":"ui.lagging"}}
{"recorder_version":"11","session":"33227a4bfda6","build":"191.7479.14","bucket":"98","time":1569934486058,"group":{"id":"ui.dialogs","version":"11"},"event":{"count":1,"data":{"code":1,"created":1569934486059,"plugin_type":"PLATFORM","type":"close"},"id":"com.intellij.openapi.progress.util.ProgressDialog$MyDialogWrapper"}}
{"recorder_version":"11","session":"33227a4bfda6","build":"191.7479.14","bucket":"98","time":1569934486077,"group":{"id":"lifecycle","version":"11"},"event":{"count":1,"data":{"created":1569934486077,"project":"888625d43db943d430b677088ea446f51387da743b6714a2bb5770e620e8e0d5"},"id":"project.opened"}}
{"recorder_version":"11","session":"33227a4bfda6","build":"191.7479.14","bucket":"98","time":1569934488732,"group":{"id":"performance","version":"11"},"event":{"count":1,"data":{"duration_ms":2438,"created":1569934488732},"id":"ui.lagging"}}
{"recorder_version":"11","session":"33227a4bfda6","build":"191.7479.14","bucket":"98","time":1569934488739,"group":{"id":"performance","version":"11"},"event":{"count":1,"data":{"duration_ms":1440,"created":1569934488740},"id":"ui.lagging"}}
{"recorder_version":"11","session":"33227a4bfda6","build":"191.7479.14","bucket":"98","time":1569934488740,"group":{"id":"performance","version":"11"},"event":{"count":1,"data":{"duration_ms":440,"created":1569934488740},"id":"ui.lagging"}}
{"recorder_version":"11","session":"33227a4bfda6","build":"191.7479.14","bucket":"98","time":1569934488791,"group":{"id":"ui.dialogs","version":"11"},"event":{"count":1,"data":{"created":1569934488791,"plugin_type":"PLATFORM","type":"show"},"id":"com.intellij.openapi.progress.util.ProgressDialog$MyDialogWrapper"}}
{"recorder_version":"11","session":"33227a4bfda6","build":"191.7479.14","bucket":"98","time":1569934490271,"group":{"id":"performance","version":"11"},"event":{"count":1,"data":{"duration_ms":970,"created":1569934490271},"id":"ui.lagging"}}
{"recorder_version":"11","session":"33227a4bfda6","build":"191.7479.14","bucket":"98","time":1569934490501,"group":{"id":"toolwindow","version":"11"},"event":{"count":1,"data":{"os":"Mac","created":1569934490501,"plugin_type":"PLATFORM"},"id":"Project"}}
{"recorder_version":"11","session":"33227a4bfda6","build":"191.7479.14","bucket":"98","time":1569934490898,"group":{"id":"lifecycle","version":"11"},"event":{"count":1,"data":{"internal":true,"eap":false,"created":1569934490898},"id":"ide.start"}}
{"recorder_version":"11","session":"33227a4bfda6","build":"191.7479.14","bucket":"98","time":1569934491511,"group":{"id":"performance","version":"11"},"event":{"count":1,"data":{"duration_ms":206,"created":1569934491516},"id":"ui.lagging"}}
{"recorder_version":"11","session":"33227a4bfda6","build":"191.7479.14","bucket":"98","time":1569934491760,"group":{"id":"project.fs","version":"1"},"event":{"state":true,"data":{"os":"Mac","cs-project":false,"created":1569934491760,"project":"888625d43db943d430b677088ea446f51387da743b6714a2bb5770e620e8e0d5","cs-implicit":true,"cs-system":false},"id":"case-sensitivity"}}
{"recorder_version":"11","session":"33227a4bfda6","build":"191.7479.14","bucket":"98","time":1569934491760,"group":{"id":"project.fs","version":"1"},"event":{"state":true,"data":{"created":1569934491761},"id":"invoked"}}
{"recorder_version":"11","session":"33227a4bfda6","build":"191.7479.14","bucket":"98","time":1569934491766,"group":{"id":"project.fs","version":"1"},"event":{"state":true,"data":{"pct-non-watched":0,"created":1569934491766,"project":"888625d43db943d430b677088ea446f51387da743b6714a2bb5770e620e8e0d5"},"id":"roots-watched"}}
{"recorder_version":"11","session":"33227a4bfda6","build":"191.7479.14","bucket":"98","time":1569934491766,"group":{"id":"project.fs","version":"1"},"event":{"state":true,"data":{"created":1569934491766},"id":"invoked"}}
{"recorder_version":"11","session":"33227a4bfda6","build":"191.7479.14","bucket":"98","time":1569934492031,"group":{"id":"ui.dialogs","version":"11"},"event":{"count":1,"data":{"code":1,"created":1569934492031,"plugin_type":"PLATFORM","type":"close"},"id":"com.intellij.openapi.progress.util.ProgressDialog$MyDialogWrapper"}}
{"recorder_version":"11","session":"33227a4bfda6","build":"191.7479.14","bucket":"98","time":1569934492168,"group":{"id":"lifecycle","version":"11"},"event":{"count":1,"data":{"created":1569934492168,"time_ms":9534,"project":"888625d43db943d430b677088ea446f51387da743b6714a2bb5770e620e8e0d5"},"id":"project.opening.finished"}}
{"recorder_version":"11","session":"33227a4bfda6","build":"191.7479.14","bucket":"98","time":1569934492532,"group":{"id":"performance","version":"11"},"event":{"count":1,"data":{"duration_ms":224,"created":1569934492532},"id":"ui.lagging"}}
{"recorder_version":"11","session":"33227a4bfda6","build":"191.7479.14","bucket":"98","time":1569934493873,"group":{"id":"performance","version":"11"},"event":{"count":1,"data":{"duration_ms":565,"created":1569934493873},"id":"ui.lagging"}}
{"recorder_version":"11","session":"33227a4bfda6","build":"191.7479.14","bucket":"98","time":1569934583531,"group":{"id":"performance","version":"11"},"event":{"count":1,"data":{"duration_ms":1,"created":1569934583531},"id":"ui.latency"}}
{"recorder_version":"11","session":"33227a4bfda6","build":"191.7479.14","bucket":"98","time":1569934683760,"group":{"id":"performance","version":"11"},"event":{"count":1,"data":{"duration_ms":0,"created":1569934683760},"id":"ui.latency"}}
{"recorder_version":"11","session":"33227a4bfda6","build":"191.7479.14","bucket":"98","time":1569934782948,"group":{"id":"file.types.usage","version":"11"},"event":{"count":1,"data":{"created":1569934782948},"id":"registered"}}
{"recorder_version":"11","session":"33227a4bfda6","build":"191.7479.14","bucket":"98","time":1569934782948,"group":{"id":"actions.runAnything","version":"1"},"event":{"count":1,"data":{"created":1569934782952},"id":"registered"}}
{"recorder_version":"11","session":"33227a4bfda6","build":"191.7479.14","bucket":"98","time":1569934782948,"group":{"id":"toolwindow","version":"11"},"event":{"count":1,"data":{"created":1569934782952},"id":"registered"}}
{"recorder_version":"11","session":"33227a4bfda6","build":"191.7479.14","bucket":"98","time":1569934782948,"group":{"id":"live.templates","version":"11"},"event":{"count":1,"data":{"created":1569934782952},"id":"registered"}}
{"recorder_version":"11","session":"33227a4bfda6","build":"191.7479.14","bucket":"98","time":1569934782948,"group":{"id":"ide.self.update","version":"1"},"event":{"count":1,"data":{"created":1569934782952},"id":"registered"}}
{"recorder_version":"11","session":"33227a4bfda6","build":"191.7479.14","bucket":"98","time":1569934782948,"group":{"id":"lifecycle","version":"11"},"event":{"count":1,"data":{"created":1569934782952},"id":"registered"}}
{"recorder_version":"11","session":"33227a4bfda6","build":"191.7479.14","bucket":"98","time":1569934782948,"group":{"id":"vcs.diff.trigger","version":"1"},"event":{"count":1,"data":{"created":1569934782953},"id":"registered"}}
{"recorder_version":"11","session":"33227a4bfda6","build":"191.7479.14","bucket":"98","time":1569934782948,"group":{"id":"vcs.log.trigger","version":"1"},"event":{"count":1,"data":{"created":1569934782953},"id":"registered"}}
{"recorder_version":"11","session":"33227a4bfda6","build":"191.7479.14","bucket":"98","time":1569934782948,"group":{"id":"productivity","version":"11"},"event":{"count":1,"data":{"created":1569934782953},"id":"registered"}}
{"recorder_version":"11","session":"33227a4bfda6","build":"191.7479.14","bucket":"98","time":1569934782948,"group":{"id":"debugger.breakpoints.usage","version":"1"},"event":{"count":1,"data":{"created":1569934782953},"id":"registered"}}
{"recorder_version":"11","session":"33227a4bfda6","build":"191.7479.14","bucket":"98","time":1569934782948,"group":{"id":"js.language.service.starts","version":"1"},"event":{"count":1,"data":{"created":1569934782953},"id":"registered"}}
{"recorder_version":"11","session":"33227a4bfda6","build":"191.7479.14","bucket":"98","time":1569934782948,"group":{"id":"nodejs.run.configuration","version":"2"},"event":{"count":1,"data":{"created":1569934782953},"id":"registered"}}
{"recorder_version":"11","session":"33227a4bfda6","build":"191.7479.14","bucket":"98","time":1569934782948,"group":{"id":"deployment.serverSettingsUI","version":"2"},"event":{"count":1,"data":{"created":1569934782953},"id":"registered"}}
{"recorder_version":"11","session":"33227a4bfda6","build":"191.7479.14","bucket":"98","time":1569934782948,"group":{"id":"intentions","version":"11"},"event":{"count":1,"data":{"created":1569934782954},"id":"registered"}}
{"recorder_version":"11","session":"33227a4bfda6","build":"191.7479.14","bucket":"98","time":1569934782948,"group":{"id":"ui.dialogs","version":"11"},"event":{"count":1,"data":{"created":1569934782954},"id":"registered"}}
{"recorder_version":"11","session":"33227a4bfda6","build":"191.7479.14","bucket":"98","time":1569934782948,"group":{"id":"vcs.back.forward.trigger","version":"1"},"event":{"count":1,"data":{"created":1569934782954},"id":"registered"}}
{"recorder_version":"11","session":"33227a4bfda6","build":"191.7479.14","bucket":"98","time":1569934782948,"group":{"id":"toolbar","version":"11"},"event":{"count":1,"data":{"created":1569934782954},"id":"registered"}}
{"recorder_version":"11","session":"33227a4bfda6","build":"191.7479.14","bucket":"98","time":1569934782948,"group":{"id":"performance","version":"11"},"event":{"count":1,"data":{"created":1569934782954},"id":"registered"}}
{"recorder_version":"11","session":"33227a4bfda6","build":"191.7479.14","bucket":"98","time":1569934782948,"group":{"id":"diagram.usages.trigger","version":"1"},"event":{"count":1,"data":{"created":1569934782954},"id":"registered"}}
{"recorder_version":"11","session":"33227a4bfda6","build":"191.7479.14","bucket":"98","time":1569934782948,"group":{"id":"searchEverywhere","version":"1"},"event":{"count":1,"data":{"created":1569934782954},"id":"registered"}}
{"recorder_version":"11","session":"33227a4bfda6","build":"191.7479.14","bucket":"98","time":1569934782948,"group":{"id":"ui.tips","version":"1"},"event":{"count":1,"data":{"created":1569934782955},"id":"registered"}}
{"recorder_version":"11","session":"33227a4bfda6","build":"191.7479.14","bucket":"98","time":1569934782948,"group":{"id":"import.old.config","version":"1"},"event":{"count":1,"data":{"created":1569934782955},"id":"registered"}}
{"recorder_version":"11","session":"33227a4bfda6","build":"191.7479.14","bucket":"98","time":1569934782948,"group":{"id":"json.schema","version":"1"},"event":{"count":1,"data":{"created":1569934782955},"id":"registered"}}
{"recorder_version":"11","session":"33227a4bfda6","build":"191.7479.14","bucket":"98","time":1569934782948,"group":{"id":"terminalShell","version":"1"},"event":{"count":1,"data":{"created":1569934782956},"id":"registered"}}
{"recorder_version":"11","session":"33227a4bfda6","build":"191.7479.14","bucket":"98","time":1569934782948,"group":{"id":"completion.postfix","version":"11"},"event":{"count":1,"data":{"created":1569934782956},"id":"registered"}}
{"recorder_version":"11","session":"33227a4bfda6","build":"191.7479.14","bucket":"98","time":1569934782948,"group":{"id":"actions","version":"11"},"event":{"count":1,"data":{"created":1569934782956},"id":"registered"}}
{"recorder_version":"11","session":"33227a4bfda6","build":"191.7479.14","bucket":"98","time":1569934782948,"group":{"id":"run.configuration.exec","version":"11"},"event":{"count":1,"data":{"created":1569934782956},"id":"registered"}}
{"recorder_version":"11","session":"33227a4bfda6","build":"191.7479.14","bucket":"98","time":1569934784029,"group":{"id":"performance","version":"11"},"event":{"count":1,"data":{"duration_ms":0,"created":1569934784029},"id":"ui.latency"}}
{"recorder_version":"11","session":"33227a4bfda6","build":"191.7479.14","bucket":"98","time":1569934884255,"group":{"id":"performance","version":"11"},"event":{"count":1,"data":{"duration_ms":0,"created":1569934884256},"id":"ui.latency"}}
